PRT1
24
38
4 0 6 (2804 0 608 ) (2621 0 608 ) (2621 0 107 ) (2804 0 107 ) 
4 0 3 (2621 334 107 ) (2804 334 107 ) (2804 0 107 ) (2621 0 107 ) 
4 0 1 (2621 0 116 ) (2621 0 608 ) (2621 334 608 ) (2621 334 116 ) 
4 1 7 (2621 0 608 ) (2592 0 608 ) (2592 0 116 ) (2621 0 116 ) 
4 1 2 (2592 0 116 ) (2592 0 608 ) (2592 334 608 ) (2592 334 116 ) 
4 2 8 (2592 0 608 ) (2048 0 608 ) (2048 0 107 ) (2592 0 107 ) 
4 2 5 (2048 0 107 ) (2048 0 608 ) (2048 334 608 ) (2048 334 107 ) 
4 2 4 (2048 0 107 ) (2048 334 107 ) (2592 334 107 ) (2592 0 107 ) 
4 3 9 (2804 0 107 ) (2612 0 107 ) (2612 0 64 ) (2804 0 64 ) 
4 4 10 (2601 0 107 ) (2048 0 107 ) (2048 0 64 ) (2601 0 64 ) 
4 4 5 (2048 0 64 ) (2048 0 107 ) (2048 334 107 ) (2048 334 64 ) 
4 5 12 (1024 0 64 ) (1024 0 608 ) (1024 334 608 ) (1024 334 64 ) 
4 5 11 (2048 0 64 ) (2048 0 608 ) (1024 0 608 ) (1024 0 64 ) 
4 6 9 (2804 -440 107 ) (2621 -440 107 ) (2621 0 107 ) (2804 0 107 ) 
4 6 7 (2621 -440 116 ) (2621 -440 608 ) (2621 0 608 ) (2621 0 116 ) 
4 7 8 (2592 -440 116 ) (2592 -440 608 ) (2592 0 608 ) (2592 0 116 ) 
4 8 11 (2048 0 608 ) (2048 0 107 ) (2048 -440 107 ) (2048 -440 608 ) 
4 8 10 (2592 -440 107 ) (2048 -440 107 ) (2048 0 107 ) (2592 0 107 ) 
4 10 11 (2048 0 107 ) (2048 0 64 ) (2048 -440 64 ) (2048 -440 107 ) 
4 11 18 (1024 0 608 ) (1024 0 64 ) (1024 -440 64 ) (1024 -440 608 ) 
4 12 18 (1024 0 64 ) (1024 0 608 ) (0 0 608 ) (0 0 64 ) 
4 12 16 (0 0 64 ) (0 0 107 ) (0 334 107 ) (0 334 64 ) 
4 12 13 (0 0 107 ) (0 0 608 ) (0 334 608 ) (0 334 107 ) 
4 13 19 (0 0 107 ) (0 0 608 ) (-36 0 608 ) (-36 0 107 ) 
4 13 16 (0 0 107 ) (-36 0 107 ) (-36 334 107 ) (0 334 107 ) 
4 13 14 (-36 0 116 ) (-36 0 608 ) (-36 334 608 ) (-36 334 116 ) 
4 14 20 (-36 0 608 ) (-65 0 608 ) (-65 0 116 ) (-36 0 116 ) 
4 14 15 (-65 0 116 ) (-65 0 608 ) (-65 334 608 ) (-65 334 116 ) 
4 15 21 (-65 0 608 ) (-210 0 608 ) (-210 0 107 ) (-65 0 107 ) 
4 15 17 (-65 0 107 ) (-210 0 107 ) (-210 334 107 ) (-65 334 107 ) 
4 16 22 (0 0 64 ) (0 0 107 ) (-45 0 107 ) (-45 0 64 ) 
4 17 23 (-56 0 107 ) (-210 0 107 ) (-210 0 64 ) (-56 0 64 ) 
4 18 22 (0 0 107 ) (0 0 64 ) (0 -440 64 ) (0 -440 107 ) 
4 18 19 (0 0 608 ) (0 0 107 ) (0 -440 107 ) (0 -440 608 ) 
4 19 22 (0 -440 107 ) (-36 -440 107 ) (-36 0 107 ) (0 0 107 ) 
4 19 20 (-36 -440 116 ) (-36 -440 608 ) (-36 0 608 ) (-36 0 116 ) 
4 20 21 (-65 -440 116 ) (-65 -440 608 ) (-65 0 608 ) (-65 0 116 ) 
4 21 23 (-65 -440 107 ) (-210 -440 107 ) (-210 0 107 ) (-65 0 107 ) 
