PRT1
52
134
4 0 17 (444 0 -239.298996 ) (444 0 -507 ) (900.045044 0 -507 ) (900.045044 0 -239.298996 ) 
4 0 13 (444 0 234.860992 ) (444 0 -239.298996 ) (900.045044 0 -239.298996 ) (900.045044 0 234.860992 ) 
4 0 12 (900.045044 0 332.800995 ) (444 0 332.800995 ) (444 0 234.860992 ) (900.045044 0 234.860992 ) 
4 0 4 (900.045044 0 -507 ) (444 0 -507 ) (444 73 -507 ) (900.045044 73 -507 ) 
4 0 2 (444 73 -239.298996 ) (444 73 -315.101959 ) (444 0 -380.666687 ) (444 0 -239.298996 ) 
4 0 1 (444 73 332.800995 ) (444 73 234.860992 ) (444 0 234.860992 ) (444 0 332.800995 ) 
4 1 12 (444 0 332.800995 ) (380 0 332.800995 ) (380 0 234.860992 ) (444 0 234.860992 ) 
4 1 3 (380 73 332.800995 ) (380 73 234.860992 ) (380 0 234.860992 ) (380 0 332.800995 ) 
4 2 20 (380 0 -239.298996 ) (380 0 -380.666687 ) (444 0 -380.666687 ) (444 0 -239.298996 ) 
4 2 3 (380 73 -239.298996 ) (380 73 -315.101959 ) (380 0 -380.666687 ) (380 0 -239.298996 ) 
4 3 21 (0 0 -239.298996 ) (0 0 -507 ) (380 0 -507 ) (380 0 -239.298996 ) 
4 3 14 (0 0 234.860992 ) (0 0 -239.298996 ) (380 0 -239.298996 ) (380 0 234.860992 ) 
4 3 12 (380 0 332.800995 ) (0 0 332.800995 ) (0 0 234.860992 ) (380 0 234.860992 ) 
4 3 9 (0 0 -507 ) (0 0 332.800995 ) (0 73 332.800995 ) (0 73 -507 ) 
4 3 6 (380 0 -507 ) (0 0 -507 ) (0 73 -507 ) (380 73 -507 ) 
4 4 25 (900.045044 0 -507 ) (444 0 -507 ) (444 0 -702 ) (900.045044 0 -702 ) 
4 4 5 (444 0 -702 ) (444 73 -702 ) (900.045044 73 -702 ) (900.045044 0 -702 ) 
4 5 26 (444 0 -702 ) (444 0 -703 ) (900.045044 0 -703 ) (900.045044 0 -702 ) 
4 5 8 (444 73 -703 ) (900.045044 73 -703 ) (900.045044 0 -703 ) (444 0 -703 ) 
4 6 30 (380 0 -507 ) (0 0 -507 ) (0 0 -702 ) (380 0 -702 ) 
4 6 10 (0 0 -702 ) (0 0 -507 ) (0 73 -507 ) (0 73 -702 ) 
4 6 7 (0 73 -702 ) (380 73 -702 ) (380 0 -702 ) (0 0 -702 ) 
4 7 31 (0 0 -702 ) (0 0 -703 ) (380 0 -703 ) (380 0 -702 ) 
4 7 11 (0 0 -703 ) (0 0 -702 ) (0 73 -702 ) (0 73 -703 ) 
4 7 8 (0 73 -703 ) (380 73 -703 ) (380 0 -703 ) (0 0 -703 ) 
4 8 40 (0 0 -703 ) (0 0 -704.187988 ) (900.045044 0 -704.187988 ) (900.045044 0 -703 ) 
4 8 11 (0 0 -704.187988 ) (0 0 -703 ) (0 73 -703 ) (0 73 -704.187988 ) 
4 9 41 (0 0 -507 ) (0 0 332.800995 ) (-75.636398 0 332.800995 ) (-75.636398 0 -507 ) 
4 9 10 (0 73 -507 ) (0 0 -507 ) (-75.636398 0 -507 ) (-75.636398 73 -507 ) 
4 10 46 (0 0 -702 ) (0 0 -507 ) (-75.636398 0 -507 ) (-75.636398 0 -702 ) 
4 10 11 (-75.636398 0 -702 ) (-75.636398 73 -702 ) (0 73 -702 ) (0 0 -702 ) 
4 11 47 (0 0 -703 ) (0 0 -702 ) (-75.636398 0 -702 ) (-75.636398 0 -703 ) 
4 11 50 (0 0 -704.187988 ) (0 0 -703 ) (-75.636398 0 -703 ) (-75.636398 0 -704.187988 ) 
4 12 45 (0 -428 234.860992 ) (0 -866 234.860992 ) (0 -866 332.800995 ) (0 -428 332.800995 ) 
4 12 42 (0 -365 234.860992 ) (0 -428 234.860992 ) (0 -428 332.800995 ) (0 -365 332.800995 ) 
4 12 41 (0 0 332.800995 ) (0 0 234.860992 ) (0 -365 234.860992 ) (0 -365 332.800995 ) 
4 12 24 (900.045044 -866 234.860992 ) (900.045044 -866 332.800995 ) (0 -866 332.800995 ) (0 -866 234.860992 ) 
4 12 15 (900.045044 -866 234.860992 ) (444 -866 234.860992 ) (444 -428 234.860992 ) (900.045044 -428 234.860992 ) 
4 12 16 (380 -866 234.860992 ) (0 -866 234.860992 ) (0 -428 234.860992 ) (380 -428 234.860992 ) 
4 12 14 (0 -365 234.860992 ) (0 0 234.860992 ) (380 0 234.860992 ) (380 -365 234.860992 ) 
4 12 13 (444 0 234.860992 ) (900.045044 0 234.860992 ) (900.045044 -365 234.860992 ) (444 -365 234.860992 ) 
4 13 17 (444 0 -239.298996 ) (900.045044 0 -239.298996 ) (900.045044 -365 -239.298996 ) (444 -365 -239.298996 ) 
4 14 41 (0 0 234.860992 ) (0 0 -239.298996 ) (0 -365 -239.298996 ) (0 -365 234.860992 ) 
4 14 21 (0 -365 -239.298996 ) (0 0 -239.298996 ) (380 0 -239.298996 ) (380 -365 -239.298996 ) 
4 15 24 (900.045044 -866 -239.298996 ) (900.045044 -866 234.860992 ) (444 -866 234.860992 ) (444 -866 -239.298996 ) 
4 15 19 (900.045044 -866 -239.298996 ) (444 -866 -239.298996 ) (444 -428 -239.298996 ) (900.045044 -428 -239.298996 ) 
4 16 45 (0 -428 -239.298996 ) (0 -866 -239.298996 ) (0 -866 234.860992 ) (0 -428 234.860992 ) 
4 16 24 (380 -866 234.860992 ) (0 -866 234.860992 ) (0 -866 -239.298996 ) (380 -866 -239.298996 ) 
4 16 23 (380 -866 -239.298996 ) (0 -866 -239.298996 ) (0 -428 -239.298996 ) (380 -428 -239.298996 ) 
4 17 25 (444 0 -507 ) (900.045044 0 -507 ) (900.045044 -365 -507 ) (444 -365 -507 ) 
5 17 20 (444 -140.659943 -507 ) (444 -365 -507 ) (444 -365 -239.298996 ) (444 0 -239.298996 ) (444 0 -380.666687 ) 
5 17 18 (444 -365 -239.298996 ) (444 -365 -507 ) (676.457336 -365 -507 ) (900.045044 -365 -319.320190 ) (900.045044 -365 -239.298996 ) 
4 18 27 (676.457336 -428 -507 ) (444 -428 -507 ) (444 -365 -507 ) (676.457336 -365 -507 ) 
4 18 20 (444 -365 -507 ) (444 -428 -507 ) (444 -428 -239.298996 ) (444 -365 -239.298996 ) 
5 18 19 (444 -428 -239.298996 ) (444 -428 -507 ) (676.457336 -428 -507 ) (900.045044 -428 -319.320190 ) (900.045044 -428 -239.298996 ) 
4 19 34 (900.045044 -428 -507 ) (900.045044 -866 -507 ) (444 -866 -507 ) (444 -428 -507 ) 
4 19 24 (444 -866 -507 ) (900.045044 -866 -507 ) (900.045044 -866 -239.298996 ) (444 -866 -239.298996 ) 
5 19 20 (444 -428 -507 ) (444 -646.883606 -507 ) (444 -866 -316.929016 ) (444 -866 -239.298996 ) (444 -428 -239.298996 ) 
4 20 35 (444 -428 -507 ) (444 -646.883606 -507 ) (380 -646.883606 -507 ) (380 -428 -507 ) 
4 20 32 (444 -365 -507 ) (444 -428 -507 ) (380 -428 -507 ) (380 -365 -507 ) 
4 20 28 (444 -140.659943 -507 ) (444 -365 -507 ) (380 -365 -507 ) (380 -140.659927 -507 ) 
4 20 24 (444 -866 -316.929016 ) (444 -866 -239.298996 ) (380 -866 -239.298996 ) (380 -866 -316.929016 ) 
4 20 22 (380 -365 -507 ) (380 -428 -507 ) (380 -428 -239.298996 ) (380 -365 -239.298996 ) 
5 20 21 (380 -140.659943 -507 ) (380 -365 -507 ) (380 -365 -239.298996 ) (380 0 -239.298996 ) (380 0 -380.666687 ) 
5 20 23 (380 -428 -507 ) (380 -646.883606 -507 ) (380 -866 -316.929016 ) (380 -866 -239.298996 ) (380 -428 -239.298996 ) 
4 21 41 (0 0 -239.298996 ) (0 0 -507 ) (0 -365 -507 ) (0 -365 -239.298996 ) 
4 21 30 (0 -365 -507 ) (0 0 -507 ) (380 0 -507 ) (380 -365 -507 ) 
5 21 22 (150.125717 -365 -507 ) (380 -365 -507 ) (380 -365 -239.298996 ) (0 -365 -239.298996 ) (0 -365 -373.844971 ) 
4 22 44 (0 -428 -373.844971 ) (0 -428 -315 ) (0 -365 -315 ) (0 -365 -373.844971 ) 
4 22 43 (0 -428 -315 ) (0 -428 -239.298996 ) (0 -365 -239.298996 ) (0 -365 -315 ) 
4 22 32 (150.125717 -365 -507 ) (380 -365 -507 ) (380 -428 -507 ) (150.125717 -428 -507 ) 
5 22 23 (150.125717 -428 -507 ) (380 -428 -507 ) (380 -428 -239.298996 ) (0 -428 -239.298996 ) (0 -428 -373.844971 ) 
4 23 45 (0 -428 -507 ) (0 -866 -507 ) (0 -866 -239.298996 ) (0 -428 -239.298996 ) 
4 23 37 (0 -866 -507 ) (0 -428 -507 ) (380 -428 -507 ) (380 -866 -507 ) 
4 23 24 (0 -866 -507 ) (380 -866 -507 ) (380 -866 -239.298996 ) (0 -866 -239.298996 ) 
4 24 45 (0 -866 -507 ) (0 -866.650024 -507 ) (0 -866.650024 332.800995 ) (0 -866 332.800995 ) 
4 24 39 (0 -866.650024 -507 ) (0 -866 -507 ) (900.045044 -866 -507 ) (900.045044 -866.650024 -507 ) 
4 25 28 (444 -365 -702 ) (444 -365 -507 ) (444 -140.659943 -507 ) (444 -357.773621 -702 ) 
4 25 27 (444 -365 -507 ) (444 -365 -702 ) (444.148895 -365 -702 ) (676.457336 -365 -507 ) 
4 25 26 (900.045044 -365 -702 ) (444 -365 -702 ) (444 0 -702 ) (900.045044 0 -702 ) 
4 26 40 (444 0 -703 ) (900.045044 0 -703 ) (900.045044 -365 -703 ) (444 -365 -703 ) 
4 26 29 (444 -358.887024 -703 ) (444 -365 -703 ) (444 -365 -702 ) (444 -357.773590 -702 ) 
4 27 34 (676.457336 -428 -507 ) (444 -428 -507 ) (444 -428 -702 ) (444.148895 -428 -702 ) 
4 27 32 (444 -428 -702 ) (444 -428 -507 ) (444 -365 -507 ) (444 -365 -702 ) 
4 28 32 (444 -365 -702 ) (444 -365 -507 ) (380 -365 -507 ) (380 -365 -702 ) 
4 28 30 (380 -365 -702 ) (380 -365 -507 ) (380 -140.659943 -507 ) (380 -357.773621 -702 ) 
4 28 29 (444 -365 -702 ) (380 -365 -702 ) (380 -357.773590 -702 ) (444 -357.773621 -702 ) 
4 29 40 (444 -358.887024 -703 ) (444 -365 -703 ) (380 -365 -703 ) (380 -358.887024 -703 ) 
4 29 33 (380 -365 -703 ) (444 -365 -703 ) (444 -365 -702 ) (380 -365 -702 ) 
4 29 31 (380 -358.887024 -703 ) (380 -365 -703 ) (380 -365 -702 ) (380 -357.773590 -702 ) 
4 30 46 (0 0 -507 ) (0 0 -702 ) (0 -365 -702 ) (0 -365 -507 ) 
4 30 32 (380 -365 -702 ) (380 -365 -507 ) (150.125717 -365 -507 ) (369.978546 -365 -702 ) 
4 30 31 (0 0 -702 ) (380 0 -702 ) (380 -365 -702 ) (0 -365 -702 ) 
4 31 47 (0 0 -702 ) (0 0 -703 ) (0 -365 -703 ) (0 -365 -702 ) 
4 31 40 (0 -365 -703 ) (0 0 -703 ) (380 0 -703 ) (380 -365 -703 ) 
4 31 33 (371.106018 -365 -703 ) (380 -365 -703 ) (380 -365 -702 ) (369.978546 -365 -702 ) 
4 32 37 (380 -428 -507 ) (150.125717 -428 -507 ) (369.978546 -428 -702 ) (380 -428 -702 ) 
4 32 35 (444 -428 -696.869080 ) (444 -428 -507 ) (380 -428 -507 ) (380 -428 -696.869080 ) 
4 32 33 (369.978546 -365 -702 ) (444 -365 -702 ) (444 -428 -702 ) (369.978546 -428 -702 ) 
4 33 40 (371.105988 -365 -703 ) (444 -365 -703 ) (444 -428 -703 ) (371.105988 -428 -703 ) 
4 33 38 (371.105988 -428 -703 ) (380 -428 -703 ) (380 -428 -702 ) (369.978546 -428 -702 ) 
4 34 39 (900.045044 -866 -702 ) (900.045044 -866 -507 ) (444 -866 -507 ) (444 -866 -702 ) 
4 34 36 (900.045044 -866 -702 ) (444 -866 -702 ) (444 -428 -702 ) (900.045044 -428 -702 ) 
3 34 35 (444 -428 -507 ) (444 -428 -696.869080 ) (444 -646.883606 -507 ) 
3 35 37 (380 -428 -507 ) (380 -428 -696.869080 ) (380 -646.883606 -507 ) 
4 36 40 (444 -428 -703 ) (900.045044 -428 -703 ) (900.045044 -866 -703 ) (444 -866 -703 ) 
4 36 39 (444 -866 -703 ) (900.045044 -866 -703 ) (900.045044 -866 -702 ) (444 -866 -702 ) 
4 37 48 (0 -866 -702 ) (0 -866 -507 ) (0 -428 -507 ) (0 -428 -702 ) 
4 37 39 (380 -866 -702 ) (380 -866 -507 ) (0 -866 -507 ) (0 -866 -702 ) 
4 37 38 (0 -428 -702 ) (380 -428 -702 ) (380 -866 -702 ) (0 -866 -702 ) 
4 38 49 (0 -428 -703 ) (0 -866 -703 ) (0 -866 -702 ) (0 -428 -702 ) 
4 38 40 (0 -866 -703 ) (0 -428 -703 ) (380 -428 -703 ) (380 -866 -703 ) 
4 38 39 (0 -866 -703 ) (380 -866 -703 ) (380 -866 -702 ) (0 -866 -702 ) 
4 39 51 (0 -866 -703 ) (0 -866.650024 -703 ) (0 -866.650024 -507 ) (0 -866 -507 ) 
4 39 40 (0 -866.650024 -703 ) (0 -866 -703 ) (900.045044 -866 -703 ) (900.045044 -866.650024 -703 ) 
4 40 51 (0 -866 -704.187988 ) (0 -866.650024 -704.187988 ) (0 -866.650024 -703 ) (0 -866 -703 ) 
4 40 50 (0 0 -703 ) (0 0 -704.187988 ) (0 -866 -704.187988 ) (0 -866 -703 ) 
4 41 46 (-75.636398 -365 -507 ) (-75.636398 0 -507 ) (0 0 -507 ) (0 -365 -507 ) 
3 41 44 (0 -365 -373.844971 ) (0 -365 -315 ) (-66.344780 -365 -315 ) 
4 41 43 (-75.636398 -365 -239.298996 ) (-75.636398 -365 -315 ) (0 -365 -315 ) (0 -365 -239.298996 ) 
4 41 42 (0 -365 332.800995 ) (-75.636398 -365 332.800995 ) (-75.636398 -365 234.860992 ) (0 -365 234.860992 ) 
4 42 45 (0 -428 332.800995 ) (-75.636398 -428 332.800995 ) (-75.636398 -428 234.860992 ) (0 -428 234.860992 ) 
4 43 45 (-75.636398 -428 -239.298996 ) (-75.636398 -428 -315 ) (0 -428 -315 ) (0 -428 -239.298996 ) 
4 43 44 (0 -428 -315 ) (-66.344780 -428 -315 ) (-66.344780 -365 -315 ) (0 -365 -315 ) 
3 44 45 (0 -428 -373.844971 ) (0 -428 -315 ) (-66.344780 -428 -315 ) 
4 45 51 (-75.636398 -866.650024 -507 ) (-75.636398 -866 -507 ) (0 -866 -507 ) (0 -866.650024 -507 ) 
4 45 48 (-75.636398 -866 -507 ) (-75.636398 -428 -507 ) (0 -428 -507 ) (0 -866 -507 ) 
4 46 47 (0 -365 -702 ) (-75.636398 -365 -702 ) (-75.636398 0 -702 ) (0 0 -702 ) 
4 47 50 (-75.636398 -365 -703 ) (-75.636398 0 -703 ) (0 0 -703 ) (0 -365 -703 ) 
4 48 51 (-75.636398 -866 -507 ) (-75.636398 -866 -702 ) (0 -866 -702 ) (0 -866 -507 ) 
4 48 49 (0 -866 -702 ) (-75.636398 -866 -702 ) (-75.636398 -428 -702 ) (0 -428 -702 ) 
4 49 51 (-75.636398 -866 -702 ) (-75.636398 -866 -703 ) (0 -866 -703 ) (0 -866 -702 ) 
4 49 50 (0 -866 -703 ) (-75.636398 -866 -703 ) (-75.636398 -428 -703 ) (0 -428 -703 ) 
4 50 51 (-75.636398 -866 -703 ) (-75.636398 -866 -704.187988 ) (0 -866 -704.187988 ) (0 -866 -703 ) 
