PRT1
40
82
4 0 4 (5297 -2048 1715.890015 ) (5120 -2048 1715.890015 ) (5120 -2048 150 ) (5297 -2048 150 ) 
4 0 2 (5120 -2048 150 ) (5120 -2048 1715.890015 ) (5120 -1248 1715.890015 ) (5120 -1248 150 ) 
4 0 1 (5297 -2048 150 ) (5120 -2048 150 ) (5120 -1248 150 ) (5297 -1248 150 ) 
4 1 5 (5297 -2048 -711.223999 ) (5297 -2048 150 ) (5120 -2048 150 ) (5120 -2048 -711.223999 ) 
4 1 3 (5120 -2048 -711.223999 ) (5120 -2048 150 ) (5120 -1248 150 ) (5120 -1248 -711.223999 ) 
4 2 16 (4096 -2048 150 ) (4096 -2048 1715.890015 ) (4096 -1248 1715.890015 ) (4096 -1248 150 ) 
4 2 6 (4096 -2048 1715.890015 ) (4096 -2048 150 ) (5120 -2048 150 ) (5120 -2048 1715.890015 ) 
4 2 3 (5120 -1248 150 ) (5120 -2048 150 ) (4096 -2048 150 ) (4096 -1248 150 ) 
4 3 17 (4096 -2048 -711.223999 ) (4096 -2048 150 ) (4096 -1248 150 ) (4096 -1248 -711.223999 ) 
4 3 7 (4096 -2048 150 ) (4096 -2048 -711.223999 ) (5120 -2048 -711.223999 ) (5120 -2048 150 ) 
4 4 8 (5297 -3072 1715.890015 ) (5120 -3072 1715.890015 ) (5120 -3072 150 ) (5297 -3072 150 ) 
4 4 6 (5120 -2048 1715.890015 ) (5120 -2048 150 ) (5120 -3072 150 ) (5120 -3072 1715.890015 ) 
4 4 5 (5297 -3072 150 ) (5120 -3072 150 ) (5120 -2048 150 ) (5297 -2048 150 ) 
4 5 9 (5297 -3072 150 ) (5120 -3072 150 ) (5120 -3072 -711.223999 ) (5297 -3072 -711.223999 ) 
4 5 7 (5120 -2048 150 ) (5120 -2048 -711.223999 ) (5120 -3072 -711.223999 ) (5120 -3072 150 ) 
4 6 20 (4096 -3072 150 ) (4096 -3072 1715.890015 ) (4096 -2048 1715.890015 ) (4096 -2048 150 ) 
4 6 10 (5120 -3072 150 ) (5120 -3072 1715.890015 ) (4096 -3072 1715.890015 ) (4096 -3072 150 ) 
4 6 7 (4096 -3072 150 ) (4096 -2048 150 ) (5120 -2048 150 ) (5120 -3072 150 ) 
4 7 21 (4096 -3072 -711.223999 ) (4096 -3072 150 ) (4096 -2048 150 ) (4096 -2048 -711.223999 ) 
4 7 11 (5120 -3072 -711.223999 ) (5120 -3072 150 ) (4096 -3072 150 ) (4096 -3072 -711.223999 ) 
4 8 12 (5297 -4096 1715.890015 ) (5120 -4096 1715.890015 ) (5120 -4096 150 ) (5297 -4096 150 ) 
4 8 10 (5120 -3072 1715.890015 ) (5120 -3072 150 ) (5120 -4096 150 ) (5120 -4096 1715.890015 ) 
4 8 9 (5120 -3072 150 ) (5297 -3072 150 ) (5297 -4096 150 ) (5120 -4096 150 ) 
4 9 13 (5297 -4096 150 ) (5120 -4096 150 ) (5120 -4096 -711.223999 ) (5297 -4096 -711.223999 ) 
4 9 11 (5120 -3072 150 ) (5120 -3072 -711.223999 ) (5120 -4096 -711.223999 ) (5120 -4096 150 ) 
4 10 28 (4096 -4096 150 ) (4096 -4096 1715.890015 ) (4096 -3072 1715.890015 ) (4096 -3072 150 ) 
4 10 14 (4096 -4096 1715.890015 ) (4096 -4096 150 ) (5120 -4096 150 ) (5120 -4096 1715.890015 ) 
4 10 11 (4096 -4096 150 ) (4096 -3072 150 ) (5120 -3072 150 ) (5120 -4096 150 ) 
4 11 29 (4096 -4096 -711.223999 ) (4096 -4096 150 ) (4096 -3072 150 ) (4096 -3072 -711.223999 ) 
4 11 15 (4096 -4096 150 ) (4096 -4096 -711.223999 ) (5120 -4096 -711.223999 ) (5120 -4096 150 ) 
4 12 14 (5120 -4096 1715.890015 ) (5120 -4096 150 ) (5120 -4097.950195 150 ) (5120 -4097.950195 1715.890015 ) 
4 12 13 (5120 -4097.950195 150 ) (5120 -4096 150 ) (5297 -4096 150 ) (5297 -4097.950195 150 ) 
4 13 15 (5120 -4096 150 ) (5120 -4096 -711.223999 ) (5120 -4097.950195 -711.223999 ) (5120 -4097.950195 150 ) 
4 14 32 (4096 -4097.950195 1715.890015 ) (4096 -4096 1715.890015 ) (4096 -4096 150 ) (4096 -4097.950195 150 ) 
4 14 15 (5120 -4096 150 ) (5120 -4097.950195 150 ) (4096 -4097.950195 150 ) (4096 -4096 150 ) 
4 15 33 (4096 -4097.950195 150 ) (4096 -4096 150 ) (4096 -4096 -711.223999 ) (4096 -4097.950195 -711.223999 ) 
4 16 20 (4096 -2048 150 ) (4096 -2048 1715.890015 ) (3072 -2048 1715.890015 ) (3072 -2048 150 ) 
4 16 18 (3072 -1248 150 ) (3072 -2048 150 ) (3072 -2048 1715.890015 ) (3072 -1248 1715.890015 ) 
4 16 17 (4096 -2048 150 ) (3072 -2048 150 ) (3072 -1248 150 ) (4096 -1248 150 ) 
4 17 21 (4096 -2048 -711.223999 ) (4096 -2048 150 ) (3072 -2048 150 ) (3072 -2048 -711.223999 ) 
4 17 19 (3072 -1248 -711.223999 ) (3072 -2048 -711.223999 ) (3072 -2048 150 ) (3072 -1248 150 ) 
4 18 24 (2048 -2048 150 ) (2048 -2048 1715.890015 ) (2048 -1248 1715.890015 ) (2048 -1248 150 ) 
4 18 22 (2048 -2048 1715.890015 ) (2048 -2048 150 ) (3072 -2048 150 ) (3072 -2048 1715.890015 ) 
4 18 19 (3072 -1248 150 ) (3072 -2048 150 ) (2048 -2048 150 ) (2048 -1248 150 ) 
4 19 25 (2048 -2048 -711.223999 ) (2048 -2048 150 ) (2048 -1248 150 ) (2048 -1248 -711.223999 ) 
4 19 23 (2048 -2048 150 ) (2048 -2048 -711.223999 ) (3072 -2048 -711.223999 ) (3072 -2048 150 ) 
4 20 28 (4096 -3072 150 ) (4096 -3072 1715.890015 ) (3072 -3072 1715.890015 ) (3072 -3072 150 ) 
4 20 22 (3072 -2048 1715.890015 ) (3072 -2048 150 ) (3072 -3072 150 ) (3072 -3072 1715.890015 ) 
4 20 21 (3072 -2048 150 ) (4096 -2048 150 ) (4096 -3072 150 ) (3072 -3072 150 ) 
4 21 29 (4096 -3072 -711.223999 ) (4096 -3072 150 ) (3072 -3072 150 ) (3072 -3072 -711.223999 ) 
4 21 23 (3072 -2048 150 ) (3072 -2048 -711.223999 ) (3072 -3072 -711.223999 ) (3072 -3072 150 ) 
4 22 30 (3072 -3072 150 ) (3072 -3072 1715.890015 ) (2048 -3072 1715.890015 ) (2048 -3072 150 ) 
4 22 26 (2048 -3072 150 ) (2048 -3072 1715.890015 ) (2048 -2048 1715.890015 ) (2048 -2048 150 ) 
4 22 23 (2048 -3072 150 ) (2048 -2048 150 ) (3072 -2048 150 ) (3072 -3072 150 ) 
4 23 31 (3072 -3072 -711.223999 ) (3072 -3072 150 ) (2048 -3072 150 ) (2048 -3072 -711.223999 ) 
4 23 27 (2048 -3072 -711.223999 ) (2048 -3072 150 ) (2048 -2048 150 ) (2048 -2048 -711.223999 ) 
4 24 26 (2048 -2048 150 ) (2048 -2048 1715.890015 ) (1274 -2048 1715.890015 ) (1274 -2048 150 ) 
4 24 25 (2048 -2048 150 ) (1274 -2048 150 ) (1274 -1248 150 ) (2048 -1248 150 ) 
4 25 27 (2048 -2048 -711.223999 ) (2048 -2048 150 ) (1274 -2048 150 ) (1274 -2048 -711.223999 ) 
4 26 36 (2048 -3072 150 ) (2048 -3072 1715.890015 ) (1274 -3072 1715.890015 ) (1274 -3072 150 ) 
4 26 27 (2048 -3072 150 ) (1274 -3072 150 ) (1274 -2048 150 ) (2048 -2048 150 ) 
4 27 37 (2048 -3072 -711.223999 ) (2048 -3072 150 ) (1274 -3072 150 ) (1274 -3072 -711.223999 ) 
4 28 32 (4096 -4096 150 ) (4096 -4096 1715.890015 ) (3072 -4096 1715.890015 ) (3072 -4096 150 ) 
4 28 30 (3072 -3072 1715.890015 ) (3072 -3072 150 ) (3072 -4096 150 ) (3072 -4096 1715.890015 ) 
4 28 29 (4096 -4096 150 ) (3072 -4096 150 ) (3072 -3072 150 ) (4096 -3072 150 ) 
4 29 33 (4096 -4096 -711.223999 ) (4096 -4096 150 ) (3072 -4096 150 ) (3072 -4096 -711.223999 ) 
4 29 31 (3072 -3072 150 ) (3072 -3072 -711.223999 ) (3072 -4096 -711.223999 ) (3072 -4096 150 ) 
4 30 36 (2048 -3072 1715.890015 ) (2048 -3072 150 ) (2048 -4096 150 ) (2048 -4096 1715.890015 ) 
4 30 34 (3072 -4096 150 ) (3072 -4096 1715.890015 ) (2048 -4096 1715.890015 ) (2048 -4096 150 ) 
4 30 31 (2048 -3072 150 ) (3072 -3072 150 ) (3072 -4096 150 ) (2048 -4096 150 ) 
4 31 37 (2048 -3072 150 ) (2048 -3072 -711.223999 ) (2048 -4096 -711.223999 ) (2048 -4096 150 ) 
4 31 35 (3072 -4096 -711.223999 ) (3072 -4096 150 ) (2048 -4096 150 ) (2048 -4096 -711.223999 ) 
4 32 34 (3072 -4097.950195 1715.890015 ) (3072 -4096 1715.890015 ) (3072 -4096 150 ) (3072 -4097.950195 150 ) 
4 32 33 (3072 -4097.950195 150 ) (3072 -4096 150 ) (4096 -4096 150 ) (4096 -4097.950195 150 ) 
4 33 35 (3072 -4097.950195 150 ) (3072 -4096 150 ) (3072 -4096 -711.223999 ) (3072 -4097.950195 -711.223999 ) 
4 34 38 (2048 -4097.950195 1715.890015 ) (2048 -4096 1715.890015 ) (2048 -4096 150 ) (2048 -4097.950195 150 ) 
4 34 35 (2048 -4096 150 ) (3072 -4096 150 ) (3072 -4097.950195 150 ) (2048 -4097.950195 150 ) 
4 35 39 (2048 -4097.950195 150 ) (2048 -4096 150 ) (2048 -4096 -711.223999 ) (2048 -4097.950195 -711.223999 ) 
4 36 38 (2048 -4096 150 ) (2048 -4096 1715.890015 ) (1274 -4096 1715.890015 ) (1274 -4096 150 ) 
4 36 37 (2048 -4096 150 ) (1274 -4096 150 ) (1274 -3072 150 ) (2048 -3072 150 ) 
4 37 39 (2048 -4096 -711.223999 ) (2048 -4096 150 ) (1274 -4096 150 ) (1274 -4096 -711.223999 ) 
4 38 39 (1274 -4097.950195 150 ) (1274 -4096 150 ) (2048 -4096 150 ) (2048 -4097.950195 150 ) 
