PRT1
52
130
4 0 4 (3072 2048 320 ) (3072 2048 -1301 ) (3228.110107 2048 -1301 ) (3228.110107 2048 320 ) 
4 0 2 (3072 2048 -1301 ) (3072 2048 320 ) (3072 2089.939941 320 ) (3072 2089.939941 -1301 ) 
4 0 1 (3228.110107 2048 -1301 ) (3072 2048 -1301 ) (3072 2089.939941 -1301 ) (3228.110107 2089.939941 -1301 ) 
4 1 5 (3228.110107 2048 -1301 ) (3072 2048 -1301 ) (3072 2048 -2365 ) (3228.110107 2048 -2365 ) 
4 1 3 (3072 2048 -2365 ) (3072 2048 -1301 ) (3072 2089.939941 -1301 ) (3072 2089.939941 -2365 ) 
4 2 20 (2048 2048 -1301 ) (2048 2048 320 ) (2048 2089.939941 320 ) (2048 2089.939941 -1301 ) 
4 2 6 (2048 2048 320 ) (2048 2048 -1301 ) (3072 2048 -1301 ) (3072 2048 320 ) 
4 2 3 (3072 2089.939941 -1301 ) (3072 2048 -1301 ) (2048 2048 -1301 ) (2048 2089.939941 -1301 ) 
4 3 21 (2048 2048 -2365 ) (2048 2048 -1301 ) (2048 2089.939941 -1301 ) (2048 2089.939941 -2365 ) 
4 3 7 (2048 2048 -1301 ) (2048 2048 -2365 ) (3072 2048 -2365 ) (3072 2048 -1301 ) 
4 4 8 (3072 1024 320 ) (3072 1024 -1301 ) (3228.110107 1024 -1301 ) (3228.110107 1024 320 ) 
4 4 6 (3072 2048 320 ) (3072 2048 -1301 ) (3072 1024 -1301 ) (3072 1024 320 ) 
4 4 5 (3228.110107 1024 -1301 ) (3072 1024 -1301 ) (3072 2048 -1301 ) (3228.110107 2048 -1301 ) 
4 5 9 (3228.110107 1024 -1301 ) (3072 1024 -1301 ) (3072 1024 -2365 ) (3228.110107 1024 -2365 ) 
4 5 7 (3072 2048 -1301 ) (3072 2048 -2365 ) (3072 1024 -2365 ) (3072 1024 -1301 ) 
4 6 24 (2048 1024 -1301 ) (2048 1024 320 ) (2048 2048 320 ) (2048 2048 -1301 ) 
4 6 11 (3072 1024 -909 ) (3072 1024 6 ) (2048 1024 6 ) (2048 1024 -909 ) 
4 6 14 (3072 1024 -1301 ) (3072 1024 -909 ) (2048 1024 -909 ) (2048 1024 -1301 ) 
4 6 10 (3072 1024 6 ) (3072 1024 320 ) (2048 1024 320 ) (2048 1024 6 ) 
4 6 7 (2048 1024 -1301 ) (2048 2048 -1301 ) (3072 2048 -1301 ) (3072 1024 -1301 ) 
4 7 25 (2048 1024 -2365 ) (2048 1024 -1301 ) (2048 2048 -1301 ) (2048 2048 -2365 ) 
4 7 15 (3072 1024 -2365 ) (3072 1024 -1301 ) (2048 1024 -1301 ) (2048 1024 -2365 ) 
4 8 16 (3072 0 320 ) (3072 0 -1301 ) (3228.110107 0 -1301 ) (3228.110107 0 320 ) 
4 8 13 (3072 361.143372 -909 ) (3072 347.141266 -909 ) (3072 347.141266 6 ) (3072 361.143402 6 ) 
4 8 12 (3072 347.141266 -909 ) (3072 0 -909 ) (3072 0 6 ) (3072 347.141266 6 ) 
4 8 11 (3072 1024 6 ) (3072 1024 -909 ) (3072 361.143372 -909 ) (3072 361.143402 6 ) 
4 8 14 (3072 1024 -909 ) (3072 1024 -1301 ) (3072 0 -1301 ) (3072 0 -909 ) 
4 8 10 (3072 1024 320 ) (3072 1024 6 ) (3072 0 6 ) (3072 0 320 ) 
4 8 9 (3072 1024 -1301 ) (3228.110107 1024 -1301 ) (3228.110107 0 -1301 ) (3072 0 -1301 ) 
4 9 17 (3228.110107 0 -1301 ) (3072 0 -1301 ) (3072 0 -2365 ) (3228.110107 0 -2365 ) 
4 9 15 (3072 1024 -1301 ) (3072 1024 -2365 ) (3072 0 -2365 ) (3072 0 -1301 ) 
4 10 32 (2048 0 6 ) (2048 0 320 ) (2048 1024 320 ) (2048 1024 6 ) 
4 10 18 (2048 0 320 ) (2048 0 6 ) (3072 0 6 ) (3072 0 320 ) 
4 10 13 (2374.780029 367.229004 6 ) (3072 361.143372 6 ) (3072 347.141266 6 ) (2374.649902 353.227997 6 ) 
4 10 12 (3072 0 6 ) (2048 0 6 ) (2048 356.079132 6 ) (3072 347.141266 6 ) 
4 10 11 (2048 370.081268 6 ) (2048 1024 6 ) (3072 1024 6 ) (3072 361.143372 6 ) 
4 11 33 (2048 370.081268 6 ) (2048 1024 6 ) (2048 1024 -909 ) (2048 370.081238 -909 ) 
4 11 13 (2374.780029 367.229004 -909 ) (3072 361.143402 -909 ) (3072 361.143402 6 ) (2374.780029 367.229004 6 ) 
4 11 14 (2048 370.081268 -909 ) (2048 1024 -909 ) (3072 1024 -909 ) (3072 361.143372 -909 ) 
4 12 34 (2048 0 -909 ) (2048 0 6 ) (2048 356.079132 6 ) (2048 356.079132 -909 ) 
4 12 18 (2048 0 6 ) (2048 0 -909 ) (3072 0 -909 ) (3072 0 6 ) 
4 12 13 (3072 347.141205 -909 ) (2374.649902 353.227936 -909 ) (2374.649902 353.227936 6 ) (3072 347.141205 6 ) 
4 12 14 (2048 0 -909 ) (2048 356.079132 -909 ) (3072 347.141266 -909 ) (3072 0 -909 ) 
4 13 14 (2374.780029 367.229004 -909 ) (3072 361.143372 -909 ) (3072 347.141266 -909 ) (2374.649902 353.227997 -909 ) 
4 14 36 (2048 0 -1301 ) (2048 0 -909 ) (2048 1024 -909 ) (2048 1024 -1301 ) 
4 14 18 (2048 0 -909 ) (2048 0 -1301 ) (3072 0 -1301 ) (3072 0 -909 ) 
4 14 15 (2048 0 -1301 ) (2048 1024 -1301 ) (3072 1024 -1301 ) (3072 0 -1301 ) 
4 15 37 (2048 0 -2365 ) (2048 0 -1301 ) (2048 1024 -1301 ) (2048 1024 -2365 ) 
4 15 19 (2048 0 -1301 ) (2048 0 -2365 ) (3072 0 -2365 ) (3072 0 -1301 ) 
4 16 18 (3072 0 320 ) (3072 0 -1301 ) (3072 -838.945007 -1301 ) (3072 -838.945007 320 ) 
4 16 17 (3072 -838.945007 -1301 ) (3072 0 -1301 ) (3228.110107 0 -1301 ) (3228.110107 -838.945007 -1301 ) 
4 17 19 (3072 0 -1301 ) (3072 0 -2365 ) (3072 -838.945007 -2365 ) (3072 -838.945007 -1301 ) 
4 18 44 (2048 -838 -648 ) (2048 -838 -1301 ) (2048 -838.945007 -1301 ) (2048 -838.945007 -648 ) 
4 18 41 (2048 -838.945007 320 ) (2048 -838 320 ) (2048 -838 -648 ) (2048 -838.945007 -648 ) 
4 18 40 (2048 -838 320 ) (2048 0 320 ) (2048 0 -1301 ) (2048 -838 -1301 ) 
4 18 19 (3072 0 -1301 ) (3072 -838.945007 -1301 ) (2048 -838.945007 -1301 ) (2048 0 -1301 ) 
4 19 45 (2048 -838.945007 -1301 ) (2048 0 -1301 ) (2048 0 -2365 ) (2048 -838.945007 -2365 ) 
4 20 24 (2048 2048 -1301 ) (2048 2048 320 ) (1024 2048 320 ) (1024 2048 -1301 ) 
4 20 22 (1024 2089.939941 -1301 ) (1024 2048 -1301 ) (1024 2048 320 ) (1024 2089.939941 320 ) 
4 20 21 (2048 2048 -1301 ) (1024 2048 -1301 ) (1024 2089.939941 -1301 ) (2048 2089.939941 -1301 ) 
4 21 25 (2048 2048 -2365 ) (2048 2048 -1301 ) (1024 2048 -1301 ) (1024 2048 -2365 ) 
4 21 23 (1024 2089.939941 -2365 ) (1024 2048 -2365 ) (1024 2048 -1301 ) (1024 2089.939941 -1301 ) 
4 22 28 (0 2048 -1301 ) (0 2048 320 ) (0 2089.939941 320 ) (0 2089.939941 -1301 ) 
4 22 26 (0 2048 320 ) (0 2048 -1301 ) (1024 2048 -1301 ) (1024 2048 320 ) 
4 22 23 (1024 2089.939941 -1301 ) (1024 2048 -1301 ) (0 2048 -1301 ) (0 2089.939941 -1301 ) 
4 23 29 (0 2048 -2365 ) (0 2048 -1301 ) (0 2089.939941 -1301 ) (0 2089.939941 -2365 ) 
4 23 27 (0 2048 -1301 ) (0 2048 -2365 ) (1024 2048 -2365 ) (1024 2048 -1301 ) 
4 24 33 (2048 1024 -909 ) (2048 1024 6 ) (1024 1024 6 ) (1024 1024 -909 ) 
4 24 36 (2048 1024 -1301 ) (2048 1024 -909 ) (1024 1024 -909 ) (1024 1024 -1301 ) 
4 24 32 (2048 1024 6 ) (2048 1024 320 ) (1024 1024 320 ) (1024 1024 6 ) 
4 24 26 (1024 2048 320 ) (1024 2048 -1301 ) (1024 1024 -1301 ) (1024 1024 320 ) 
4 24 25 (1024 2048 -1301 ) (2048 2048 -1301 ) (2048 1024 -1301 ) (1024 1024 -1301 ) 
4 25 37 (2048 1024 -2365 ) (2048 1024 -1301 ) (1024 1024 -1301 ) (1024 1024 -2365 ) 
4 25 27 (1024 2048 -1301 ) (1024 2048 -2365 ) (1024 1024 -2365 ) (1024 1024 -1301 ) 
4 26 38 (1024 1024 -1301 ) (1024 1024 320 ) (0 1024 320 ) (0 1024 -1301 ) 
4 26 30 (0 1024 -1301 ) (0 1024 320 ) (0 2048 320 ) (0 2048 -1301 ) 
4 26 27 (0 1024 -1301 ) (0 2048 -1301 ) (1024 2048 -1301 ) (1024 1024 -1301 ) 
4 27 39 (1024 1024 -2365 ) (1024 1024 -1301 ) (0 1024 -1301 ) (0 1024 -2365 ) 
4 27 31 (0 1024 -2365 ) (0 1024 -1301 ) (0 2048 -1301 ) (0 2048 -2365 ) 
4 28 30 (0 2048 -1301 ) (0 2048 320 ) (-166.104004 2048 320 ) (-166.104004 2048 -1301 ) 
4 28 29 (0 2048 -1301 ) (-166.104004 2048 -1301 ) (-166.104004 2089.939941 -1301 ) (0 2089.939941 -1301 ) 
4 29 31 (0 2048 -2365 ) (0 2048 -1301 ) (-166.104004 2048 -1301 ) (-166.104004 2048 -2365 ) 
4 30 48 (0 1024 -1301 ) (0 1024 320 ) (-166.104004 1024 320 ) (-166.104004 1024 -1301 ) 
4 30 31 (0 1024 -1301 ) (-166.104004 1024 -1301 ) (-166.104004 2048 -1301 ) (0 2048 -1301 ) 
4 31 49 (0 1024 -2365 ) (0 1024 -1301 ) (-166.104004 1024 -1301 ) (-166.104004 1024 -2365 ) 
4 32 40 (2048 0 6 ) (2048 0 320 ) (1024 0 320 ) (1024 0 6 ) 
4 32 38 (1024 1024 320 ) (1024 1024 6 ) (1024 0 6 ) (1024 0 320 ) 
4 32 35 (1024 365.016998 6 ) (1024 379.019104 6 ) (1966.800049 370.789978 6 ) (1966.670044 356.789001 6 ) 
4 32 34 (1024 0 6 ) (1024 365.016998 6 ) (2048 356.079132 6 ) (2048 0 6 ) 
4 32 33 (1024 379.019104 6 ) (1024 1024 6 ) (2048 1024 6 ) (2048 370.081238 6 ) 
4 33 38 (1024 1024 6 ) (1024 1024 -909 ) (1024 379.019104 -909 ) (1024 379.019104 6 ) 
4 33 35 (1024 379.019135 -909 ) (1966.800049 370.790009 -909 ) (1966.800049 370.790009 6 ) (1024 379.019135 6 ) 
4 33 36 (1024 379.019104 -909 ) (1024 1024 -909 ) (2048 1024 -909 ) (2048 370.081238 -909 ) 
4 34 40 (2048 0 -909 ) (2048 0 6 ) (1024 0 6 ) (1024 0 -909 ) 
4 34 38 (1024 365.016998 -909 ) (1024 0 -909 ) (1024 0 6 ) (1024 365.016998 6 ) 
4 34 35 (1966.670044 356.788971 -909 ) (1024 365.016968 -909 ) (1024 365.016968 6 ) (1966.669922 356.788971 6 ) 
4 34 36 (2048 0 -909 ) (1024 0 -909 ) (1024 365.016998 -909 ) (2048 356.079132 -909 ) 
4 35 38 (1024 379.019104 -909 ) (1024 365.016998 -909 ) (1024 365.016998 6 ) (1024 379.019104 6 ) 
4 35 36 (1024 365.016998 -909 ) (1024 379.019104 -909 ) (1966.800049 370.789978 -909 ) (1966.670044 356.789001 -909 ) 
4 36 40 (2048 0 -1301 ) (2048 0 -909 ) (1024 0 -909 ) (1024 0 -1301 ) 
4 36 38 (1024 1024 -909 ) (1024 1024 -1301 ) (1024 0 -1301 ) (1024 0 -909 ) 
4 36 37 (2048 0 -1301 ) (1024 0 -1301 ) (1024 1024 -1301 ) (2048 1024 -1301 ) 
4 37 45 (2048 0 -2365 ) (2048 0 -1301 ) (1024 0 -1301 ) (1024 0 -2365 ) 
4 37 39 (1024 1024 -1301 ) (1024 1024 -2365 ) (1024 0 -2365 ) (1024 0 -1301 ) 
4 38 48 (0 1024 320 ) (0 1024 -1301 ) (0 0 -1301 ) (0 0 320 ) 
4 38 46 (1024 0 -1301 ) (1024 0 320 ) (0 0 320 ) (0 0 -1301 ) 
4 38 39 (0 1024 -1301 ) (1024 1024 -1301 ) (1024 0 -1301 ) (0 0 -1301 ) 
4 39 49 (0 1024 -1301 ) (0 1024 -2365 ) (0 0 -2365 ) (0 0 -1301 ) 
4 39 47 (1024 0 -2365 ) (1024 0 -1301 ) (0 0 -1301 ) (0 0 -2365 ) 
4 40 46 (1024 -838 320 ) (1024 0 320 ) (1024 0 -1301 ) (1024 -838 -1301 ) 
4 40 45 (1024 -838 -1301 ) (1024 0 -1301 ) (2048 0 -1301 ) (2048 -838 -1301 ) 
4 40 44 (1024 -838 -1301 ) (2048 -838 -1301 ) (2048 -838 -648 ) (1024 -838 -648 ) 
4 40 43 (1166 -838 320 ) (1024 -838 320 ) (1024 -838 -648 ) (1166 -838 -648 ) 
4 40 42 (1652 -838 320 ) (1166 -838 320 ) (1166 -838 -531 ) (1652 -838 -531 ) 
4 40 41 (2048 -838 -648 ) (2048 -838 320 ) (1652 -838 320 ) (1652 -838 -648 ) 
4 41 44 (1652 -838 -648 ) (2048 -838 -648 ) (2048 -838.945007 -648 ) (1652 -838.945007 -648 ) 
4 41 42 (1652 -838 320 ) (1652 -838 -531 ) (1652 -838.945007 -531 ) (1652 -838.945007 320 ) 
4 42 43 (1166 -838 320 ) (1166 -838 -531 ) (1166 -838.945007 -531 ) (1166 -838.945007 320 ) 
4 43 46 (1024 -838.945007 320 ) (1024 -838 320 ) (1024 -838 -648 ) (1024 -838.945007 -648 ) 
4 43 44 (1024 -838.945007 -648 ) (1024 -838 -648 ) (1166 -838 -648 ) (1166 -838.945007 -648 ) 
4 44 46 (1024 -838.945007 -648 ) (1024 -838 -648 ) (1024 -838 -1301 ) (1024 -838.945007 -1301 ) 
4 44 45 (1024 -838.945007 -1301 ) (1024 -838 -1301 ) (2048 -838 -1301 ) (2048 -838.945007 -1301 ) 
4 45 47 (1024 -838.945007 -1301 ) (1024 0 -1301 ) (1024 0 -2365 ) (1024 -838.945007 -2365 ) 
4 46 50 (0 -838.945007 320 ) (0 0 320 ) (0 0 -1301 ) (0 -838.945007 -1301 ) 
4 46 47 (0 0 -1301 ) (1024 0 -1301 ) (1024 -838.945007 -1301 ) (0 -838.945007 -1301 ) 
4 47 51 (0 -838.945007 -1301 ) (0 0 -1301 ) (0 0 -2365 ) (0 -838.945007 -2365 ) 
4 48 50 (0 0 -1301 ) (0 0 320 ) (-166.104004 0 320 ) (-166.104004 0 -1301 ) 
4 48 49 (0 0 -1301 ) (-166.104004 0 -1301 ) (-166.104004 1024 -1301 ) (0 1024 -1301 ) 
4 49 51 (0 0 -2365 ) (0 0 -1301 ) (-166.104004 0 -1301 ) (-166.104004 0 -2365 ) 
4 50 51 (-166.104004 -838.945007 -1301 ) (-166.104004 0 -1301 ) (0 0 -1301 ) (0 -838.945007 -1301 ) 
