PRT1
149
441
4 0 4 (3072 1024 -545 ) (3072 1024 1514.040039 ) (3072 1503.840088 1514.040039 ) (3072 1503.840088 -545 ) 
4 0 2 (3072 1024 1514.040039 ) (3072 1024 -545 ) (3343.060059 1024 -545 ) (3343.060059 1024 1514.040039 ) 
4 0 1 (3343.060059 1024 -545 ) (3072 1024 -545 ) (3072 1503.840088 -545 ) (3343.060059 1503.840088 -545 ) 
4 1 5 (3072 1024 -1159 ) (3072 1024 -545 ) (3072 1504 -545 ) (3072 1504 -1159 ) 
4 1 3 (3072 1024 -545 ) (3072 1024 -1159 ) (3343.060059 1024 -1159 ) (3343.060059 1024 -545 ) 
4 2 12 (3343.060059 0 1514.040039 ) (3072 0 1514.040039 ) (3072 0 -545 ) (3343.060059 0 -545 ) 
4 2 8 (3072 0 -545 ) (3072 0 1514.040039 ) (3072 1024 1514.040039 ) (3072 1024 -545 ) 
4 2 3 (3343.060059 0 -545 ) (3072 0 -545 ) (3072 1024 -545 ) (3343.060059 1024 -545 ) 
4 3 13 (3343.060059 0 -1159 ) (3343.060059 0 -545 ) (3072 0 -545 ) (3072 0 -1159 ) 
4 3 9 (3072 0 -1159 ) (3072 0 -545 ) (3072 1024 -545 ) (3072 1024 -1159 ) 
4 4 8 (3072 1024 -545 ) (3072 1024 1514.040039 ) (2048 1024 1514.040039 ) (2048 1024 -545 ) 
4 4 6 (2048 1503.840088 -545 ) (2048 1024 -545 ) (2048 1024 1514.040039 ) (2048 1503.840088 1514.040039 ) 
4 4 5 (3072 1024 -545 ) (2048 1024 -545 ) (2048 1503.840088 -545 ) (3072 1503.840088 -545 ) 
4 5 9 (3072 1024 -1159 ) (3072 1024 -545 ) (2048 1024 -545 ) (2048 1024 -1159 ) 
4 5 7 (2048 1024 -1159 ) (2048 1024 -545 ) (2048 1504 -545 ) (2048 1504 -1159 ) 
4 6 75 (1024 1024 -545 ) (1024 1024 1514.040039 ) (1024 1503.840088 1514.040039 ) (1024 1503.840088 -545 ) 
4 6 10 (1024 1024 1514.040039 ) (1024 1024 -545 ) (2048 1024 -545 ) (2048 1024 1514.040039 ) 
4 6 7 (2048 1503.840088 -545 ) (2048 1024 -545 ) (1024 1024 -545 ) (1024 1503.840088 -545 ) 
4 7 76 (1024 1024 -1159 ) (1024 1024 -545 ) (1024 1504 -545 ) (1024 1504 -1159 ) 
4 7 11 (1024 1024 -545 ) (1024 1024 -1159 ) (2048 1024 -1159 ) (2048 1024 -545 ) 
4 8 26 (3072 0 -545 ) (3072 0 1514.040039 ) (2048 0 1514.040039 ) (2048 0 -545 ) 
4 8 10 (2048 1024 1514.040039 ) (2048 1024 -545 ) (2048 0 -545 ) (2048 0 1514.040039 ) 
4 8 9 (3072 0 -545 ) (2048 0 -545 ) (2048 1024 -545 ) (3072 1024 -545 ) 
4 9 27 (3072 0 -1159 ) (3072 0 -545 ) (2048 0 -545 ) (2048 0 -1159 ) 
4 9 11 (2048 1024 -545 ) (2048 1024 -1159 ) (2048 0 -1159 ) (2048 0 -545 ) 
4 10 79 (1024 0 -545 ) (1024 0 1514.040039 ) (1024 1024 1514.040039 ) (1024 1024 -545 ) 
4 10 29 (2048 0 -545 ) (2048 0 1514.040039 ) (1024 0 1514.040039 ) (1024 0 -545 ) 
4 10 11 (1024 0 -545 ) (1024 1024 -545 ) (2048 1024 -545 ) (2048 0 -545 ) 
4 11 80 (1024 0 -1159 ) (1024 0 -545 ) (1024 1024 -545 ) (1024 1024 -1159 ) 
4 11 30 (2048 0 -1159 ) (2048 0 -545 ) (1024 0 -545 ) (1024 0 -1159 ) 
4 12 26 (3072 -1024 -545 ) (3072 -1024 1514.040039 ) (3072 0 1514.040039 ) (3072 0 -545 ) 
4 12 16 (3328 -1024 1514.040039 ) (3174 -1024 1514.040039 ) (3174 -1024 -545 ) (3328 -1024 -545 ) 
4 12 19 (3174 -1024 1514.040039 ) (3072 -1024 1514.040039 ) (3072 -1024 -545 ) (3174 -1024 -545 ) 
4 12 15 (3343.060059 -1024 1514.040039 ) (3328 -1024 1514.040039 ) (3328 -1024 -545 ) (3343.060059 -1024 -545 ) 
4 12 14 (3343.060059 -1024 -545 ) (3072 -1024 -545 ) (3072 -791.031128 -545 ) (3343.060059 -791.031128 -545 ) 
4 12 13 (3072 -791.031128 -545 ) (3072 0 -545 ) (3343.060059 0 -545 ) (3343.060059 -791.031128 -545 ) 
4 13 27 (3072 -791.031128 -545 ) (3072 0 -545 ) (3072 0 -1159 ) (3072 -585 -1159 ) 
4 13 14 (3343.060059 -736 -709 ) (3343.060059 -791.031494 -545 ) (3072 -791.031494 -545 ) (3072 -736 -709 ) 
4 14 28 (3072 -1024 -584.459473 ) (3072 -1024 -545 ) (3072 -791.031128 -545 ) (3072 -736 -709 ) 
4 14 20 (3343.060059 -1024 -545 ) (3072 -1024 -545 ) (3072 -1024 -584.459473 ) (3343.060059 -1024 -584.459473 ) 
4 15 61 (3328 -2048 -497 ) (3328 -2048 -545 ) (3343.060059 -2048 -545 ) (3343.060059 -2048 -497 ) 
4 15 60 (3328 -2048 278 ) (3328 -2048 -497 ) (3343.060059 -2048 -497 ) (3343.060059 -2048 278 ) 
4 15 59 (3343.060059 -2048 1514.040039 ) (3328 -2048 1514.040039 ) (3328 -2048 278 ) (3343.060059 -2048 278 ) 
4 15 25 (3343.060059 -2048 -545 ) (3328 -2048 -545 ) (3328 -1973 -545 ) (3343.060059 -1973 -545 ) 
4 15 24 (3328 -1973 -545 ) (3328 -1268 -545 ) (3343.060059 -1268 -545 ) (3343.060059 -1973 -545 ) 
4 15 21 (3328 -1268 -545 ) (3328 -1069 -545 ) (3343.060059 -1069 -545 ) (3343.060059 -1268 -545 ) 
4 15 20 (3328 -1069 -545 ) (3328 -1024 -545 ) (3343.060059 -1024 -545 ) (3343.060059 -1069 -545 ) 
4 15 17 (3328 -1268 -497 ) (3328 -1268 1514.040039 ) (3328 -1125 1514.040039 ) (3328 -1125 -497 ) 
4 15 16 (3328 -1024 -545 ) (3328 -1125 -545 ) (3328 -1125 1514.040039 ) (3328 -1024 1514.040039 ) 
4 15 18 (3328 -1268 -545 ) (3328 -2048 -545 ) (3328 -2048 1514.040039 ) (3328 -1268 1514.040039 ) 
4 16 22 (3174 -1125 -545 ) (3174 -1069 -545 ) (3328 -1069 -545 ) (3328 -1125 -545 ) 
4 16 20 (3174 -1069 -545 ) (3174 -1024 -545 ) (3328 -1024 -545 ) (3328 -1069 -545 ) 
4 16 17 (3174 -1125 1514.040039 ) (3174 -1125 -497 ) (3328 -1125 -497 ) (3328 -1125 1514.040039 ) 
4 16 19 (3174 -1024 -545 ) (3174 -1125 -545 ) (3174 -1125 1514.040039 ) (3174 -1024 1514.040039 ) 
4 17 19 (3174 -1268 -497 ) (3174 -1268 1514.040039 ) (3174 -1125 1514.040039 ) (3174 -1125 -497 ) 
4 17 18 (3174 -1268 1514.040039 ) (3174 -1268 -497 ) (3328 -1268 -497 ) (3328 -1268 1514.040039 ) 
4 18 61 (3174 -2048 -497 ) (3174 -2048 -545 ) (3328 -2048 -545 ) (3328 -2048 -497 ) 
4 18 60 (3174 -2048 278 ) (3174 -2048 -497 ) (3328 -2048 -497 ) (3328 -2048 278 ) 
4 18 59 (3328 -2048 1514.040039 ) (3174 -2048 1514.040039 ) (3174 -2048 278 ) (3328 -2048 278 ) 
4 18 25 (3328 -2048 -545 ) (3174 -2048 -545 ) (3174 -1973 -545 ) (3328 -1973 -545 ) 
4 18 24 (3174 -1973 -545 ) (3174 -1268 -545 ) (3328 -1268 -545 ) (3328 -1973 -545 ) 
4 18 19 (3174 -1268 -545 ) (3174 -2048 -545 ) (3174 -2048 1514.040039 ) (3174 -1268 1514.040039 ) 
4 19 61 (3072 -2048 -497 ) (3072 -2048 -545 ) (3174 -2048 -545 ) (3174 -2048 -497 ) 
4 19 60 (3072 -2048 278 ) (3072 -2048 -497 ) (3174 -2048 -497 ) (3174 -2048 278 ) 
4 19 59 (3174 -2048 1514.040039 ) (3072 -2048 1514.040039 ) (3072 -2048 278 ) (3174 -2048 278 ) 
4 19 32 (3072 -2048 -545 ) (3072 -2048 1514.040039 ) (3072 -1024 1514.040039 ) (3072 -1024 -545 ) 
4 19 25 (3174 -2048 -545 ) (3072 -2048 -545 ) (3072 -1973 -545 ) (3174 -1973 -545 ) 
4 19 24 (3072 -1973 -545 ) (3072 -1268 -545 ) (3174 -1268 -545 ) (3174 -1973 -545 ) 
4 19 23 (3072 -1268 -545 ) (3072 -1069 -545 ) (3174 -1069 -545 ) (3174 -1268 -545 ) 
4 19 20 (3072 -1069 -545 ) (3072 -1024 -545 ) (3174 -1024 -545 ) (3174 -1069 -545 ) 
4 20 33 (3072 -1069 -545 ) (3072 -1024 -545 ) (3072 -1024 -584.459473 ) (3072 -1069 -565 ) 
4 20 22 (3328 -1069 -545 ) (3174 -1069 -545 ) (3174 -1069 -565 ) (3328 -1069 -565 ) 
4 20 21 (3343.060059 -1069 -565 ) (3343.060059 -1069 -545 ) (3328 -1069 -545 ) (3328 -1069 -565 ) 
4 20 23 (3174 -1069 -545 ) (3072 -1069 -545 ) (3072 -1069 -565 ) (3174 -1069 -565 ) 
4 21 24 (3328 -1268 -813 ) (3343.060059 -1268 -813 ) (3343.060059 -1268 -545 ) (3328 -1268 -545 ) 
4 21 22 (3328 -1069 -545 ) (3328 -1069 -813 ) (3328 -1125 -813 ) (3328 -1125 -545 ) 
4 22 23 (3174 -1069 -545 ) (3174 -1069 -813 ) (3174 -1125 -813 ) (3174 -1125 -545 ) 
4 23 34 (3072 -1268 -545 ) (3072 -1069 -545 ) (3072 -1069 -813 ) (3072 -1268 -813 ) 
4 23 24 (3072 -1268 -813 ) (3174 -1268 -813 ) (3174 -1268 -545 ) (3072 -1268 -545 ) 
4 24 34 (3072 -1973 -545 ) (3072 -1268 -545 ) (3072 -1268 -813 ) (3072 -1973 -813 ) 
4 24 25 (3072 -1973 -813 ) (3343.060059 -1973 -813 ) (3343.060059 -1973 -545 ) (3072 -1973 -545 ) 
4 25 61 (3343.060059 -2048 -545 ) (3072 -2048 -545 ) (3072 -2048 -813 ) (3343.060059 -2048 -813 ) 
4 25 35 (3072 -2048 -813 ) (3072 -2048 -545 ) (3072 -1973 -545 ) (3072 -1973 -813 ) 
4 26 32 (3072 -1024 -545 ) (3072 -1024 1514.040039 ) (2048 -1024 1514.040039 ) (2048 -1024 -545 ) 
4 26 29 (2048 -1024 -545 ) (2048 -1024 1514.040039 ) (2048 0 1514.040039 ) (2048 0 -545 ) 
4 26 28 (3072 -1024 -545 ) (2048 -1024 -545 ) (2048 -791.031128 -545 ) (3072 -791.031128 -545 ) 
4 26 27 (2048 -791.031128 -545 ) (2048 0 -545 ) (3072 0 -545 ) (3072 -791.031128 -545 ) 
4 27 30 (2048 -791.031128 -545 ) (2048 0 -545 ) (2048 0 -1159 ) (2048 -585 -1159 ) 
4 27 28 (3072 -736 -709 ) (3072 -791.031494 -545 ) (2048 -791.031494 -545 ) (2048 -736 -709 ) 
4 28 33 (3072 -1024 -584.459473 ) (3072 -1024 -545 ) (2048 -1024 -545 ) (2048 -1024 -584.459473 ) 
4 28 31 (2048 -1024 -584.459473 ) (2048 -1024 -545 ) (2048 -791.031128 -545 ) (2048 -736 -709 ) 
4 29 87 (1024 -1024 -545 ) (1024 -1024 1514.040039 ) (1024 0 1514.040039 ) (1024 0 -545 ) 
4 29 36 (1024 -1024 1514.040039 ) (1024 -1024 -545 ) (2048 -1024 -545 ) (2048 -1024 1514.040039 ) 
4 29 31 (2048 -791.031128 -545 ) (2048 -1024 -545 ) (1024 -1024 -545 ) (1024 -791.031128 -545 ) 
4 29 30 (1024 0 -545 ) (2048 0 -545 ) (2048 -791.031128 -545 ) (1024 -791.031128 -545 ) 
4 30 88 (1024 -791.031128 -545 ) (1024 0 -545 ) (1024 0 -1159 ) (1024 -585 -1159 ) 
4 30 31 (2048 -736 -709 ) (2048 -791.031494 -545 ) (1024 -791.031494 -545 ) (1024 -736 -709 ) 
4 31 89 (1024 -1024 -584.459473 ) (1024 -1024 -545 ) (1024 -791.031128 -545 ) (1024 -736 -709 ) 
4 31 53 (1024 -1024 -545 ) (1024 -1024 -584.459473 ) (2048 -1024 -584.459473 ) (2048 -1024 -545 ) 
4 32 65 (3072 -2048 -545 ) (3072 -2048 -497 ) (2048 -2048 -497 ) (2048 -2048 -545 ) 
4 32 63 (3072 -2048 -497 ) (3072 -2048 278 ) (2381.954102 -2048 278 ) (2381.954102 -2048 -497 ) 
4 32 64 (2381.954102 -2048 278 ) (2048 -2048 278 ) (2048 -2048 -497 ) (2381.954102 -2048 -497 ) 
4 32 62 (3072 -2048 278 ) (3072 -2048 1514.040039 ) (2048 -2048 1514.040039 ) (2048 -2048 278 ) 
4 32 48 (2048 -1282 -545 ) (2048 -2048 -545 ) (2048 -2048 1514.040039 ) (2048 -1282 1514.040039 ) 
4 32 43 (2048 -1088 -545 ) (2048 -1282 -545 ) (2048 -1282 -313 ) (2048 -1088 -313 ) 
5 32 40 (2048 -1282 -313 ) (2048 -1282 -199 ) (2048 -1122.174438 -199 ) (2048 -1088 -298 ) (2048 -1088 -313 ) 
3 32 39 (2048 -1122.174438 -199 ) (2048 -1088 -199 ) (2048 -1088 -298 ) 
4 32 37 (2048 -1282 -199 ) (2048 -1282 1514.040039 ) (2048 -1088 1514.040039 ) (2048 -1088 -199 ) 
4 32 36 (2048 -1024 1514.040039 ) (2048 -1024 -545 ) (2048 -1088 -545 ) (2048 -1088 1514.040039 ) 
4 32 35 (3072 -1973 -545 ) (3072 -2048 -545 ) (2048 -2048 -545 ) (2048 -1973 -545 ) 
4 32 34 (3072 -1069 -545 ) (3072 -1973 -545 ) (2048 -1973 -545 ) (2048 -1069 -545 ) 
4 32 33 (2048 -1024 -545 ) (3072 -1024 -545 ) (3072 -1069 -545 ) (2048 -1069 -545 ) 
4 33 53 (2048 -1024 -545 ) (2048 -1024 -584.459473 ) (2048 -1069 -565 ) (2048 -1069 -545 ) 
4 33 34 (3072 -1069 -565 ) (3072 -1069 -545 ) (2048 -1069 -545 ) (2048 -1069 -565 ) 
4 34 57 (2048 -1973 -813 ) (2048 -1973 -545 ) (2048 -1282 -545 ) (2048 -1282 -813 ) 
4 34 54 (2048 -1282 -545 ) (2048 -1069 -545 ) (2048 -1069 -813 ) (2048 -1282 -813 ) 
4 34 35 (3072 -1973 -813 ) (3072 -1973 -545 ) (2048 -1973 -545 ) (2048 -1973 -813 ) 
4 35 65 (3072 -2048 -813 ) (3072 -2048 -545 ) (2048 -2048 -545 ) (2048 -2048 -813 ) 
4 35 58 (2048 -2048 -813 ) (2048 -2048 -545 ) (2048 -1973 -545 ) (2048 -1973 -813 ) 
4 36 93 (1024 -1024 1514.040039 ) (1024 -1024 -545 ) (1024 -1088 -545 ) (1024 -1088 1514.040039 ) 
4 36 55 (1190 -1088 -545 ) (1024 -1088 -545 ) (1024 -1069 -545 ) (1190 -1069 -545 ) 
4 36 54 (2048 -1069 -545 ) (2048 -1088 -545 ) (1190 -1088 -545 ) (1190 -1069 -545 ) 
4 36 53 (2048 -1024 -545 ) (2048 -1069 -545 ) (1024 -1069 -545 ) (1024 -1024 -545 ) 
4 36 45 (1137 -1088 -313 ) (1068 -1088 -313 ) (1068 -1088 -414 ) (1137 -1088 -414 ) 
4 36 43 (1190 -1088 -545 ) (2048 -1088 -545 ) (2048 -1088 -313 ) (1190 -1088 -313 ) 
3 36 42 (1190 -1088 -298 ) (1190 -1088 -313 ) (1194.724243 -1088 -313 ) 
4 36 40 (2048 -1088 -313 ) (2048 -1088 -298 ) (1190 -1088 -298 ) (1194.724243 -1088 -313 ) 
5 36 39 (2048 -1088 -298 ) (2048 -1088 -199 ) (1044.179688 -1088 -199 ) (1024 -1088 -263.073273 ) (1024 -1088 -298 ) 
3 36 38 (1044.179688 -1088 -199 ) (1024 -1088 -199 ) (1024 -1088 -263.073273 ) 
4 36 37 (2048 -1088 -199 ) (2048 -1088 1514.040039 ) (1024 -1088 1514.040039 ) (1024 -1088 -199 ) 
4 37 94 (1024 -1088 1514.040039 ) (1024 -1088 -199 ) (1024 -1282 -199 ) (1024 -1282 1514.040039 ) 
4 37 49 (1063 -1282 -199 ) (1130 -1282 -199 ) (1130 -1282 1514.040039 ) (1063 -1282 1514.040039 ) 
4 37 48 (1130 -1282 -199 ) (2048 -1282 -199 ) (2048 -1282 1514.040039 ) (1130 -1282 1514.040039 ) 
4 37 52 (1024 -1282 1514.040039 ) (1024 -1282 -199 ) (1063 -1282 -199 ) (1063 -1282 1514.040039 ) 
4 37 41 (1158.820313 -1282 -199 ) (1044.179688 -1282 -199 ) (1044.179688 -1247.825684 -199 ) (1158.820313 -1247.825684 -199 ) 
4 37 40 (2048 -1282 -199 ) (1158.820313 -1282 -199 ) (1158.820313 -1122.174438 -199 ) (2048 -1122.174438 -199 ) 
4 37 39 (1044.179688 -1122.174438 -199 ) (1044.179688 -1088 -199 ) (2048 -1088 -199 ) (2048 -1122.174438 -199 ) 
4 37 38 (1044.179688 -1282 -199 ) (1024 -1282 -199 ) (1024 -1088 -199 ) (1044.179688 -1088 -199 ) 
4 38 94 (1024 -1088 -199 ) (1024 -1088 -263.073273 ) (1024 -1282 -263.073273 ) (1024 -1282 -199 ) 
3 38 52 (1024 -1282 -199 ) (1024 -1282 -263.073273 ) (1044.179688 -1282 -199 ) 
4 38 41 (1044.178711 -1247.825684 -199 ) (1044.178711 -1282 -199 ) (1024 -1282 -263.070221 ) (1024 -1269.942383 -263.070221 ) 
4 38 39 (1024 -1088 -263.070221 ) (1044.178711 -1088 -199 ) (1044.178711 -1122.174438 -199 ) (1024 -1100.057617 -263.070221 ) 
3 39 95 (1024 -1088 -263.073273 ) (1024 -1088 -298 ) (1024 -1100.056641 -263.073273 ) 
4 39 40 (1190 -1088 -298.001648 ) (2048 -1088 -298.001648 ) (2048 -1122.174927 -199 ) (1158.820313 -1122.174927 -199 ) 
4 40 48 (1194.724243 -1282 -313 ) (2048 -1282 -313 ) (2048 -1282 -199 ) (1158.820313 -1282 -199 ) 
4 40 43 (2048 -1282 -313 ) (1194.724243 -1282 -313 ) (1194.724243 -1088 -313 ) (2048 -1088 -313 ) 
4 40 42 (1190 -1088 -298.002533 ) (1194.723389 -1088 -313 ) (1194.723389 -1282 -313 ) (1190 -1282 -298 ) 
3 40 41 (1190 -1282 -298 ) (1158.819458 -1282 -199 ) (1158.819458 -1247.825684 -199 ) 
3 41 96 (1024 -1282 -298 ) (1024 -1282 -263.073273 ) (1024 -1269.943481 -263.073273 ) 
4 41 49 (1063 -1282 -298 ) (1130 -1282 -298 ) (1130 -1282 -199 ) (1063 -1282 -199 ) 
4 41 48 (1130 -1282 -298 ) (1190 -1282 -298 ) (1158.820313 -1282 -199 ) (1130 -1282 -199 ) 
5 41 52 (1024 -1282 -263.073273 ) (1024 -1282 -298 ) (1063 -1282 -298 ) (1063 -1282 -199 ) (1044.179688 -1282 -199 ) 
3 42 48 (1190 -1282 -313 ) (1194.724243 -1282 -313 ) (1190 -1282 -298 ) 
4 42 43 (1194.724243 -1282 -313 ) (1190 -1282 -313 ) (1190 -1088 -313 ) (1194.724243 -1088 -313 ) 
4 43 54 (2048 -1088 -545 ) (2048 -1282 -545 ) (1190 -1282 -545 ) (1190 -1088 -545 ) 
4 43 48 (1190 -1282 -545 ) (2048 -1282 -545 ) (2048 -1282 -313 ) (1190 -1282 -313 ) 
4 43 44 (1190 -1253 -318 ) (1190 -1121 -318 ) (1190 -1121 -362 ) (1190 -1253 -362 ) 
4 44 46 (1175 -1253 -318 ) (1175 -1121 -318 ) (1175 -1121 -362 ) (1175 -1253 -362 ) 
4 45 46 (1068 -1103 -414 ) (1137 -1103 -414 ) (1137 -1103 -313 ) (1068 -1103 -313 ) 
4 46 47 (1028 -1253 -318 ) (1028 -1121 -318 ) (1028 -1121 -362 ) (1028 -1253 -362 ) 
4 47 99 (1024 -1121 -362 ) (1024 -1253 -362 ) (1024 -1253 -318 ) (1024 -1121 -318 ) 
4 48 74 (1130 -2048 -545 ) (2048 -2048 -545 ) (2048 -2048 -497 ) (1130 -2048 -497 ) 
4 48 70 (1130 -2048 199 ) (1130 -2048 -497 ) (1199 -2048 -497 ) (1199 -2048 199 ) 
4 48 68 (1199 -2048 278 ) (1130 -2048 278 ) (1130 -2048 199 ) (1199 -2048 199 ) 
4 48 67 (2048 -2048 -497 ) (2048 -2048 278 ) (1199 -2048 278 ) (1199 -2048 -497 ) 
4 48 66 (2048 -2048 278 ) (2048 -2048 1514.040039 ) (1130 -2048 1514.040039 ) (1130 -2048 278 ) 
4 48 58 (2048 -1973 -545 ) (2048 -2048 -545 ) (1130 -2048 -545 ) (1130 -1973 -545 ) 
4 48 57 (2048 -1282 -545 ) (2048 -1973 -545 ) (1130 -1973 -545 ) (1130 -1282 -545 ) 
4 48 50 (1130 -2048 1514.040039 ) (1130 -2037 1514.040039 ) (1130 -2037 -121.530983 ) (1130 -2048 -108.118141 ) 
4 48 51 (1130 -2037 -491 ) (1130 -2037 -545 ) (1130 -2048 -545 ) (1130 -2048 -491 ) 
4 48 49 (1130 -2037 1514.040039 ) (1130 -1282 1514.040039 ) (1130 -1282 -545 ) (1130 -2037 -545 ) 
4 49 58 (1063 -2037 -545 ) (1063 -1973 -545 ) (1130 -1973 -545 ) (1130 -2037 -545 ) 
4 49 57 (1063 -1973 -545 ) (1063 -1282 -545 ) (1130 -1282 -545 ) (1130 -1973 -545 ) 
4 49 50 (1063 -2037 1514.040039 ) (1063 -2037 -121.530983 ) (1130 -2037 -121.530983 ) (1130 -2037 1514.040039 ) 
4 49 51 (1063 -2037 -491 ) (1063 -2037 -545 ) (1130 -2037 -545 ) (1130 -2037 -491 ) 
4 49 52 (1063 -2037 1514.040039 ) (1063 -1282 1514.040039 ) (1063 -1282 -545 ) (1063 -2037 -545 ) 
4 50 71 (1130 -2048 -108.118141 ) (1130 -2048 199 ) (1063 -2048 199 ) (1063 -2048 -108.118172 ) 
4 50 68 (1130 -2048 199 ) (1130 -2048 278 ) (1063 -2048 278 ) (1063 -2048 199 ) 
4 50 66 (1130 -2048 278 ) (1130 -2048 1514.040039 ) (1063 -2048 1514.040039 ) (1063 -2048 278 ) 
4 50 52 (1063 -2048 1514.040039 ) (1063 -2037 1514.040039 ) (1063 -2037 -121.530983 ) (1063 -2048 -108.118141 ) 
4 51 74 (1063 -2048 -545 ) (1130 -2048 -545 ) (1130 -2048 -497 ) (1063 -2048 -497 ) 
4 51 72 (1130 -2048 -497 ) (1130 -2048 -491 ) (1063 -2048 -491 ) (1063 -2048 -497 ) 
4 51 58 (1130 -2048 -545 ) (1063 -2048 -545 ) (1063 -2037 -545 ) (1130 -2037 -545 ) 
4 51 52 (1063 -2037 -491 ) (1063 -2037 -545 ) (1063 -2048 -545 ) (1063 -2048 -491 ) 
4 52 101 (1024 -2048 -545 ) (1024 -2048 -414 ) (1024 -1282 -414 ) (1024 -1282 -545 ) 
4 52 100 (1024 -2048 -414 ) (1024 -2048 -313 ) (1024 -1282 -313 ) (1024 -1282 -414 ) 
4 52 98 (1024 -2048 -313 ) (1024 -2048 1514.040039 ) (1024 -1282 1514.040039 ) (1024 -1282 -313 ) 
4 52 74 (1024 -2048 -497 ) (1024 -2048 -545 ) (1063 -2048 -545 ) (1063 -2048 -497 ) 
4 52 73 (1024 -2048 278 ) (1024 -2048 -497 ) (1063 -2048 -497 ) (1063 -2048 278 ) 
4 52 66 (1024 -2048 1514.040039 ) (1024 -2048 278 ) (1063 -2048 278 ) (1063 -2048 1514.040039 ) 
4 52 58 (1063 -2048 -545 ) (1024 -2048 -545 ) (1024 -1973 -545 ) (1063 -1973 -545 ) 
4 52 57 (1024 -1973 -545 ) (1024 -1282 -545 ) (1063 -1282 -545 ) (1063 -1973 -545 ) 
4 53 103 (1024 -1069 -545 ) (1024 -1024 -545 ) (1024 -1024 -584.459473 ) (1024 -1069 -565 ) 
4 53 55 (1190 -1069 -545 ) (1024 -1069 -545 ) (1024 -1069 -565 ) (1190 -1069 -565 ) 
4 53 54 (2048 -1069 -565 ) (2048 -1069 -545 ) (1190 -1069 -545 ) (1190 -1069 -565 ) 
4 54 57 (1190 -1282 -813 ) (2048 -1282 -813 ) (2048 -1282 -545 ) (1190 -1282 -545 ) 
4 54 56 (1190 -1088 -813 ) (1190 -1282 -813 ) (1190 -1282 -579 ) (1190 -1088 -579 ) 
4 54 55 (1190 -1069 -545 ) (1190 -1069 -813 ) (1190 -1088 -813 ) (1190 -1088 -545 ) 
4 55 104 (1024 -1088 -545 ) (1024 -1069 -545 ) (1024 -1069 -813 ) (1024 -1088 -813 ) 
4 55 56 (1024 -1088 -813 ) (1190 -1088 -813 ) (1190 -1088 -579 ) (1024 -1088 -579 ) 
4 56 105 (1024 -1088 -579 ) (1024 -1088 -813 ) (1024 -1282 -813 ) (1024 -1282 -579 ) 
4 56 57 (1024 -1282 -813 ) (1190 -1282 -813 ) (1190 -1282 -579 ) (1024 -1282 -579 ) 
4 57 107 (1024 -1973 -545 ) (1024 -1282 -545 ) (1024 -1282 -813 ) (1024 -1973 -813 ) 
4 57 58 (1024 -1973 -813 ) (2048 -1973 -813 ) (2048 -1973 -545 ) (1024 -1973 -545 ) 
4 58 108 (1024 -2048 -813 ) (1024 -2048 -545 ) (1024 -1973 -545 ) (1024 -1973 -813 ) 
4 58 74 (1024 -2048 -545 ) (1024 -2048 -813 ) (2048 -2048 -813 ) (2048 -2048 -545 ) 
4 59 62 (3072 -2048 1514.040039 ) (3072 -2048 278 ) (3072 -2455.760010 278 ) (3072 -2455.760010 1514.040039 ) 
4 59 60 (3072 -2210.536133 278 ) (3072 -2048 278 ) (3343.060059 -2048 278 ) (3343.060059 -2272.013672 278 ) 
4 60 63 (3072 -2048 278 ) (3072 -2048 -497 ) (3072 -2210.536133 -497 ) (3072 -2210.536133 278 ) 
4 60 61 (3072 -2210.536133 -497 ) (3072 -2048 -497 ) (3343.060059 -2048 -497 ) (3343.060059 -2272.013672 -497 ) 
4 61 65 (3072 -2048 -497 ) (3072 -2048 -813 ) (3072 -2455.760010 -813 ) (3072 -2455.760010 -497 ) 
4 62 66 (2048 -2048 1514.040039 ) (2048 -2048 278 ) (2048 -2455.760010 278 ) (2048 -2455.760010 1514.040039 ) 
4 62 63 (2373 -2052 278 ) (2381.954102 -2048 278 ) (3072 -2048 278 ) (3072 -2210.536133 278 ) 
3 62 64 (2048 -2197.184326 278 ) (2048 -2048 278 ) (2381.954102 -2048 278 ) 
4 63 65 (2373 -2052 -497 ) (2381.954102 -2048 -497 ) (3072 -2048 -497 ) (3072 -2210.536133 -497 ) 
4 63 64 (2381.957764 -2048 -497 ) (2373.002441 -2052 -497 ) (2373.002441 -2052 278 ) (2381.957764 -2048 278 ) 
4 64 67 (2048 -2048 278 ) (2048 -2048 -497 ) (2048 -2197.184326 -497 ) (2048 -2197.184326 278 ) 
3 64 65 (2048 -2197.184326 -497 ) (2048 -2048 -497 ) (2381.954102 -2048 -497 ) 
4 65 74 (2048 -2048 -497 ) (2048 -2048 -813 ) (2048 -2455.760010 -813 ) (2048 -2455.760010 -497 ) 
4 66 123 (1024 -2455.760010 278 ) (1024 -2455.760010 1514.040039 ) (1024 -2048 1514.040039 ) (1024 -2048 278 ) 
4 66 73 (1024 -2329.473389 278 ) (1024 -2048 278 ) (1063 -2048 278 ) (1063 -2327 278 ) 
4 66 68 (1063 -2406 278 ) (1063 -2048 278 ) (1199 -2048 278 ) (1199 -2406 278 ) 
5 66 67 (1199 -2446 278 ) (1199 -2048 278 ) (2048 -2048 278 ) (2048 -2197.184326 278 ) (1641 -2379 278 ) 
5 67 74 (1199 -2446 -497 ) (1199 -2048 -497 ) (2048 -2048 -497 ) (2048 -2197.184326 -497 ) (1641 -2379 -497 ) 
4 67 70 (1199 -2048 -497 ) (1199 -2446 -497 ) (1199 -2446 199 ) (1199 -2048 199 ) 
4 67 69 (1199 -2446 199 ) (1199 -2446 220.427002 ) (1199 -2406 220.427002 ) (1199 -2406 199 ) 
4 67 68 (1199 -2406 278 ) (1199 -2048 278 ) (1199 -2048 199 ) (1199 -2406 199 ) 
4 68 73 (1063 -2327 278 ) (1063 -2048 278 ) (1063 -2048 199 ) (1063 -2327 199 ) 
4 68 71 (1063 -2299.870117 199 ) (1063 -2048 199 ) (1130 -2048 199 ) (1130 -2299.870117 199 ) 
4 68 70 (1130 -2048 199 ) (1199 -2048 199 ) (1199 -2406 199 ) (1130 -2406 199 ) 
3 68 69 (1105.780029 -2406 199 ) (1199 -2406 199 ) (1199 -2406 220.427002 ) 
4 69 70 (1130 -2406 199 ) (1199 -2406 199 ) (1199 -2455.760010 199 ) (1130 -2455.760010 199 ) 
4 70 74 (1199 -2455.760010 -497 ) (1130 -2455.760010 -497 ) (1130 -2048 -497 ) (1199 -2048 -497 ) 
3 70 71 (1130 -2299.870117 199 ) (1130 -2048 199 ) (1130 -2048 -108.118141 ) 
4 70 72 (1130 -2048 -497 ) (1130 -2455.760010 -497 ) (1130 -2455.760010 -491 ) (1130 -2048 -491 ) 
3 71 73 (1063 -2299.870117 199 ) (1063 -2048 199 ) (1063 -2048 -108.118141 ) 
4 72 74 (1130 -2455.760010 -497 ) (1063 -2455.760010 -497 ) (1063 -2048 -497 ) (1130 -2048 -497 ) 
4 72 73 (1063 -2048 -497 ) (1063 -2327 -497 ) (1063 -2327 -491 ) (1063 -2048 -491 ) 
4 73 124 (1024 -2329.473389 278 ) (1024 -2048 278 ) (1024 -2048 -497 ) (1024 -2329.473389 -497 ) 
4 73 74 (1024 -2329.473389 -497 ) (1024 -2048 -497 ) (1063 -2048 -497 ) (1063 -2327 -497 ) 
4 74 125 (1024 -2455.760010 -813 ) (1024 -2455.760010 -497 ) (1024 -2048 -497 ) (1024 -2048 -813 ) 
4 75 79 (1024 1024 -545 ) (1024 1024 1514.040039 ) (0 1024 1514.040039 ) (0 1024 -545 ) 
4 75 77 (0 1503.840088 -545 ) (0 1024 -545 ) (0 1024 1514.040039 ) (0 1503.840088 1514.040039 ) 
4 75 76 (1024 1024 -545 ) (0 1024 -545 ) (0 1503.840088 -545 ) (1024 1503.840088 -545 ) 
4 76 80 (1024 1024 -1159 ) (1024 1024 -545 ) (0 1024 -545 ) (0 1024 -1159 ) 
4 76 78 (0 1024 -1159 ) (0 1024 -545 ) (0 1504 -545 ) (0 1504 -1159 ) 
4 77 83 (-1024 1024 -545 ) (-1024 1024 1514.040039 ) (-1024 1503.840088 1514.040039 ) (-1024 1503.840088 -545 ) 
4 77 81 (-1024 1024 1514.040039 ) (-1024 1024 -545 ) (0 1024 -545 ) (0 1024 1514.040039 ) 
4 77 78 (0 1503.840088 -545 ) (0 1024 -545 ) (-1024 1024 -545 ) (-1024 1503.840088 -545 ) 
4 78 84 (-1024 1024 -1159 ) (-1024 1024 -545 ) (-1024 1504 -545 ) (-1024 1504 -1159 ) 
4 78 82 (-1024 1024 -545 ) (-1024 1024 -1159 ) (0 1024 -1159 ) (0 1024 -545 ) 
4 79 87 (1024 0 -545 ) (1024 0 1514.040039 ) (0 0 1514.040039 ) (0 0 -545 ) 
4 79 81 (0 1024 1514.040039 ) (0 1024 -545 ) (0 0 -545 ) (0 0 1514.040039 ) 
4 79 80 (0 1024 -545 ) (1024 1024 -545 ) (1024 0 -545 ) (0 0 -545 ) 
4 80 88 (1024 0 -1159 ) (1024 0 -545 ) (0 0 -545 ) (0 0 -1159 ) 
4 80 82 (0 1024 -545 ) (0 1024 -1159 ) (0 0 -1159 ) (0 0 -545 ) 
4 81 90 (0 0 -545 ) (0 0 1514.040039 ) (-1024 0 1514.040039 ) (-1024 0 -545 ) 
4 81 85 (-1024 0 -545 ) (-1024 0 1514.040039 ) (-1024 1024 1514.040039 ) (-1024 1024 -545 ) 
4 81 82 (-1024 0 -545 ) (-1024 1024 -545 ) (0 1024 -545 ) (0 0 -545 ) 
4 82 91 (0 0 -1159 ) (0 0 -545 ) (-1024 0 -545 ) (-1024 0 -1159 ) 
4 82 86 (-1024 0 -1159 ) (-1024 0 -545 ) (-1024 1024 -545 ) (-1024 1024 -1159 ) 
4 83 85 (-1024 1024 -545 ) (-1024 1024 1514.040039 ) (-1128.060059 1024 1514.040039 ) (-1128.060059 1024 -545 ) 
4 83 84 (-1024 1024 -545 ) (-1128.060059 1024 -545 ) (-1128.060059 1503.840088 -545 ) (-1024 1503.840088 -545 ) 
4 84 86 (-1024 1024 -1159 ) (-1024 1024 -545 ) (-1128.060059 1024 -545 ) (-1128.060059 1024 -1159 ) 
4 85 113 (-1024 0 -545 ) (-1024 0 1514.040039 ) (-1128.060059 0 1514.040039 ) (-1128.060059 0 -545 ) 
4 85 86 (-1024 0 -545 ) (-1128.060059 0 -545 ) (-1128.060059 1024 -545 ) (-1024 1024 -545 ) 
4 86 114 (-1024 0 -1159 ) (-1024 0 -545 ) (-1128.060059 0 -545 ) (-1128.060059 0 -1159 ) 
4 87 93 (1024 -1024 -545 ) (1024 -1024 1514.040039 ) (0 -1024 1514.040039 ) (0 -1024 -545 ) 
4 87 90 (0 -1024 -545 ) (0 -1024 1514.040039 ) (0 0 1514.040039 ) (0 0 -545 ) 
4 87 89 (1024 -1024 -545 ) (0 -1024 -545 ) (0 -791.031128 -545 ) (1024 -791.031128 -545 ) 
4 87 88 (0 -791.031128 -545 ) (0 0 -545 ) (1024 0 -545 ) (1024 -791.031128 -545 ) 
4 88 91 (0 -791.031128 -545 ) (0 0 -545 ) (0 0 -1159 ) (0 -585 -1159 ) 
4 88 89 (1024 -736 -709 ) (1024 -791.031494 -545 ) (0 -791.031494 -545 ) (0 -736 -709 ) 
4 89 103 (1024 -1024 -584.459473 ) (1024 -1024 -545 ) (0 -1024 -545 ) (0 -1024 -584.459473 ) 
4 89 92 (0 -1024 -584.459473 ) (0 -1024 -545 ) (0 -791.031128 -545 ) (0 -736 -709 ) 
4 90 113 (-1024 -1024 -545 ) (-1024 -1024 1514.040039 ) (-1024 0 1514.040039 ) (-1024 0 -545 ) 
4 90 109 (0 -1024 -545 ) (0 -1024 1514.040039 ) (-1024 -1024 1514.040039 ) (-1024 -1024 -545 ) 
4 90 92 (0 -791.031128 -545 ) (0 -1024 -545 ) (-1024 -1024 -545 ) (-1024 -791.031128 -545 ) 
4 90 91 (-1024 0 -545 ) (0 0 -545 ) (0 -791.031128 -545 ) (-1024 -791.031128 -545 ) 
4 91 114 (-1024 -791.031128 -545 ) (-1024 0 -545 ) (-1024 0 -1159 ) (-1024 -585 -1159 ) 
4 91 92 (0 -736 -709 ) (0 -791.031494 -545 ) (-1024 -791.031494 -545 ) (-1024 -736 -709 ) 
4 92 115 (-1024 -1024 -584.459473 ) (-1024 -1024 -545 ) (-1024 -791.031128 -545 ) (-1024 -736 -709 ) 
4 92 110 (0 -1024 -584.459473 ) (0 -1024 -545 ) (-1024 -1024 -545 ) (-1024 -1024 -584.459473 ) 
4 93 109 (0 -1024 1514.040039 ) (0 -1024 -545 ) (0 -1088 -545 ) (0 -1088 1514.040039 ) 
4 93 104 (1013 -1069 -545 ) (1024 -1069 -545 ) (1024 -1088 -545 ) (1013 -1088 -545 ) 
4 93 106 (0 -1088 -545 ) (0 -1069 -545 ) (1013 -1069 -545 ) (1013 -1088 -545 ) 
4 93 103 (0 -1069 -545 ) (0 -1024 -545 ) (1024 -1024 -545 ) (1024 -1069 -545 ) 
4 93 102 (0 -1088 -313 ) (0 -1088 -545 ) (1013 -1088 -545 ) (1013 -1088 -313 ) 
3 93 97 (1008.275757 -1088 -313 ) (1013 -1088 -313 ) (1013 -1088 -298 ) 
3 93 95 (1024 -1088 -298 ) (1024 -1088 -263.073273 ) (1013 -1088 -298 ) 
5 93 94 (0 -1088 1514.040039 ) (0 -1088 -313 ) (1008.275757 -1088 -313 ) (1024 -1088 -263.073273 ) (1024 -1088 1514.040039 ) 
4 94 109 (0 -1282 1514.040039 ) (0 -1088 1514.040039 ) (0 -1088 -313 ) (0 -1282 -313 ) 
4 94 102 (0 -1282 -313 ) (0 -1088 -313 ) (1008.275757 -1088 -313 ) (1008.275757 -1282 -313 ) 
6 94 97 (1012.998718 -1282 -298 ) (1008.274475 -1282 -313 ) (1008.274475 -1088 -313 ) (1012.998657 -1088 -298 ) (1013 -1088.001465 -297.995789 ) (1013 -1281.998535 -297.995850 ) 
3 94 96 (1024 -1282 -263.069244 ) (1012.998718 -1282 -298 ) (1024 -1269.942139 -263.069244 ) 
3 94 95 (1012.998657 -1088 -298 ) (1024 -1088 -263.069244 ) (1024 -1100.057983 -263.069244 ) 
5 94 98 (0 -1282 -313 ) (1008.275757 -1282 -313 ) (1024 -1282 -263.073273 ) (1024 -1282 1514.040039 ) (0 -1282 1514.040039 ) 
3 96 98 (1024 -1282 -298 ) (1024 -1282 -263.073273 ) (1013 -1282 -298 ) 
4 97 102 (1008.275757 -1088 -313 ) (1013 -1088 -313 ) (1013 -1282 -313 ) (1008.275757 -1282 -313 ) 
3 97 98 (1008.275757 -1282 -313 ) (1013 -1282 -313 ) (1013 -1282 -298 ) 
4 98 124 (1024 -2048 -313 ) (1024 -2048 278 ) (0 -2048 278 ) (0 -2048 -313 ) 
4 98 123 (1024 -2048 278 ) (1024 -2048 1514.040039 ) (0 -2048 1514.040039 ) (0 -2048 278 ) 
4 98 109 (0 -2048 -313 ) (0 -2048 1514.040039 ) (0 -1282 1514.040039 ) (0 -1282 -313 ) 
4 98 100 (1024 -2048 -313 ) (1013 -2048 -313 ) (1013 -1282 -313 ) (1024 -1282 -313 ) 
4 98 102 (1013 -2048 -313 ) (0 -2048 -313 ) (0 -1282 -313 ) (1013 -1282 -313 ) 
4 99 102 (1013 -1121 -362 ) (1013 -1253 -362 ) (1013 -1253 -318 ) (1013 -1121 -318 ) 
4 100 124 (1024 -2048 -414 ) (1024 -2048 -313 ) (1013 -2048 -313 ) (1013 -2048 -414 ) 
4 100 101 (1013 -2048 -414 ) (1013 -1282 -414 ) (1024 -1282 -414 ) (1024 -2048 -414 ) 
4 100 102 (1013 -2048 -313 ) (1013 -1282 -313 ) (1013 -1282 -414 ) (1013 -2048 -414 ) 
4 101 125 (1024 -2048 -545 ) (1024 -2048 -497 ) (1013 -2048 -497 ) (1013 -2048 -545 ) 
4 101 124 (1024 -2048 -497 ) (1024 -2048 -414 ) (1013 -2048 -414 ) (1013 -2048 -497 ) 
4 101 108 (1024 -2048 -545 ) (1013 -2048 -545 ) (1013 -1973 -545 ) (1024 -1973 -545 ) 
4 101 107 (1013 -1973 -545 ) (1013 -1282 -545 ) (1024 -1282 -545 ) (1024 -1973 -545 ) 
4 101 102 (1013 -1282 -545 ) (1013 -2048 -545 ) (1013 -2048 -414 ) (1013 -1282 -414 ) 
4 102 125 (0 -2048 -497 ) (0 -2048 -545 ) (1013 -2048 -545 ) (1013 -2048 -497 ) 
4 102 124 (1013 -2048 -313 ) (0 -2048 -313 ) (0 -2048 -497 ) (1013 -2048 -497 ) 
4 102 109 (0 -1088 -545 ) (0 -2048 -545 ) (0 -2048 -313 ) (0 -1088 -313 ) 
4 102 108 (1013 -2048 -545 ) (0 -2048 -545 ) (0 -1973 -545 ) (1013 -1973 -545 ) 
4 102 107 (0 -1973 -545 ) (0 -1282 -545 ) (1013 -1282 -545 ) (1013 -1973 -545 ) 
4 102 106 (0 -1282 -545 ) (0 -1088 -545 ) (1013 -1088 -545 ) (1013 -1282 -545 ) 
4 103 110 (0 -1024 -545 ) (0 -1024 -584.459473 ) (0 -1069 -565 ) (0 -1069 -545 ) 
4 103 104 (1024 -1069 -565 ) (1024 -1069 -545 ) (1013 -1069 -545 ) (1013 -1069 -565 ) 
4 103 106 (1013 -1069 -545 ) (0 -1069 -545 ) (0 -1069 -565 ) (1013 -1069 -565 ) 
4 104 105 (1013 -1088 -579 ) (1013 -1088 -813 ) (1024 -1088 -813 ) (1024 -1088 -579 ) 
4 104 106 (1013 -1069 -545 ) (1013 -1069 -813 ) (1013 -1088 -813 ) (1013 -1088 -545 ) 
4 105 107 (1013 -1282 -813 ) (1024 -1282 -813 ) (1024 -1282 -579 ) (1013 -1282 -579 ) 
4 105 106 (1013 -1088 -813 ) (1013 -1282 -813 ) (1013 -1282 -579 ) (1013 -1088 -579 ) 
4 106 111 (0 -1282 -545 ) (0 -1069 -545 ) (0 -1069 -813 ) (0 -1282 -813 ) 
4 106 107 (0 -1282 -813 ) (1013 -1282 -813 ) (1013 -1282 -545 ) (0 -1282 -545 ) 
4 107 111 (0 -1973 -545 ) (0 -1282 -545 ) (0 -1282 -813 ) (0 -1973 -813 ) 
4 107 108 (0 -1973 -813 ) (1024 -1973 -813 ) (1024 -1973 -545 ) (0 -1973 -545 ) 
4 108 125 (1024 -2048 -813 ) (1024 -2048 -545 ) (0 -2048 -545 ) (0 -2048 -813 ) 
4 108 112 (0 -2048 -813 ) (0 -2048 -545 ) (0 -1973 -545 ) (0 -1973 -813 ) 
4 109 144 (0 -2048 -545 ) (0 -2048 -497 ) (-1024 -2048 -497 ) (-1024 -2048 -545 ) 
4 109 133 (0 -2048 -497 ) (0 -2048 278 ) (-1024 -2048 278 ) (-1024 -2048 -497 ) 
4 109 127 (0 -2048 278 ) (0 -2048 320 ) (-1024 -2048 320 ) (-1024 -2048 278 ) 
4 109 126 (0 -2048 320 ) (0 -2048 1514.040039 ) (-1024 -2048 1514.040039 ) (-1024 -2048 320 ) 
4 109 118 (-1024 -2048 -497 ) (-1024 -2048 320 ) (-1024 -1357 320 ) (-1024 -1357 -497 ) 
4 109 117 (-1024 -2048 320 ) (-1024 -2048 1514.040039 ) (-1024 -1357 1514.040039 ) (-1024 -1357 320 ) 
4 109 119 (-1024 -2048 -545 ) (-1024 -2048 -497 ) (-1024 -1357 -497 ) (-1024 -1357 -545 ) 
4 109 116 (-1024 -1357 1514.040039 ) (-1024 -1024 1514.040039 ) (-1024 -1024 -545 ) (-1024 -1357 -545 ) 
4 109 112 (0 -1973 -545 ) (0 -2048 -545 ) (-1024 -2048 -545 ) (-1024 -1973 -545 ) 
4 109 111 (0 -1069 -545 ) (0 -1973 -545 ) (-1024 -1973 -545 ) (-1024 -1069 -545 ) 
4 109 110 (0 -1024 -545 ) (0 -1069 -545 ) (-1024 -1069 -545 ) (-1024 -1024 -545 ) 
4 110 120 (-1024 -1069 -545 ) (-1024 -1024 -545 ) (-1024 -1024 -584.459473 ) (-1024 -1069 -565 ) 
4 110 111 (0 -1069 -565 ) (0 -1069 -545 ) (-1024 -1069 -545 ) (-1024 -1069 -565 ) 
4 111 121 (-1024 -1973 -545 ) (-1024 -1069 -545 ) (-1024 -1069 -813 ) (-1024 -1973 -813 ) 
4 111 112 (0 -1973 -813 ) (0 -1973 -545 ) (-1024 -1973 -545 ) (-1024 -1973 -813 ) 
4 112 144 (0 -2048 -813 ) (0 -2048 -545 ) (-1024 -2048 -545 ) (-1024 -2048 -813 ) 
4 112 122 (-1024 -2048 -813 ) (-1024 -2048 -545 ) (-1024 -1973 -545 ) (-1024 -1973 -813 ) 
4 113 116 (-1024 -1024 -545 ) (-1024 -1024 1514.040039 ) (-1128.060059 -1024 1514.040039 ) (-1128.060059 -1024 -545 ) 
4 113 115 (-1024 -1024 -545 ) (-1128.060059 -1024 -545 ) (-1128.060059 -791.031128 -545 ) (-1024 -791.031128 -545 ) 
4 113 114 (-1128.060059 -791.031128 -545 ) (-1128.060059 0 -545 ) (-1024 0 -545 ) (-1024 -791.031128 -545 ) 
4 114 115 (-1128.060059 -791.031494 -545 ) (-1128.060059 -736 -709 ) (-1024 -736 -709 ) (-1024 -791.031494 -545 ) 
4 115 120 (-1024 -1024 -584.459473 ) (-1024 -1024 -545 ) (-1128.060059 -1024 -545 ) (-1128.060059 -1024 -584.459473 ) 
4 116 121 (-1024 -1069 -545 ) (-1024 -1357 -545 ) (-1128.060059 -1357 -545 ) (-1128.060059 -1069 -545 ) 
4 116 120 (-1128.060059 -1024 -545 ) (-1024 -1024 -545 ) (-1024 -1069 -545 ) (-1128.060059 -1069 -545 ) 
4 116 118 (-1102 -1357 -497 ) (-1024 -1357 -497 ) (-1024 -1357 320 ) (-1102 -1357 320 ) 
4 116 117 (-1128.060059 -1357 1514.040039 ) (-1128.060059 -1357 320 ) (-1024 -1357 320 ) (-1024 -1357 1514.040039 ) 
4 116 119 (-1128.060059 -1357 -497 ) (-1128.060059 -1357 -545 ) (-1024 -1357 -545 ) (-1024 -1357 -497 ) 
4 117 145 (-1024 -2048 320 ) (-1024 -2048 1514.040039 ) (-1128.060059 -2048 1514.040039 ) (-1128.060059 -2048 320 ) 
4 117 118 (-1024 -2048 320 ) (-1039.251343 -2048 320 ) (-1102 -1357 320 ) (-1024 -1357 320 ) 
4 118 146 (-1024 -2048 -497 ) (-1024 -2048 320 ) (-1039.251343 -2048 320 ) (-1039.251343 -2048 -497 ) 
4 118 119 (-1102 -1357 -497 ) (-1024 -1357 -497 ) (-1024 -2048 -497 ) (-1039.251343 -2048 -497 ) 
4 119 148 (-1024 -2048 -545 ) (-1024 -2048 -497 ) (-1128.060059 -2048 -497 ) (-1128.060059 -2048 -545 ) 
4 119 122 (-1024 -1973 -545 ) (-1024 -2048 -545 ) (-1128.060059 -2048 -545 ) (-1128.060059 -1973 -545 ) 
4 119 121 (-1024 -1357 -545 ) (-1024 -1973 -545 ) (-1128.060059 -1973 -545 ) (-1128.060059 -1357 -545 ) 
4 120 121 (-1024 -1069 -565 ) (-1024 -1069 -545 ) (-1128.060059 -1069 -545 ) (-1128.060059 -1069 -565 ) 
4 121 122 (-1128.060059 -1973 -545 ) (-1128.060059 -1973 -813 ) (-1024 -1973 -813 ) (-1024 -1973 -545 ) 
4 122 148 (-1024 -2048 -813 ) (-1024 -2048 -545 ) (-1128.060059 -2048 -545 ) (-1128.060059 -2048 -813 ) 
4 123 130 (0 -2118 278 ) (0 -2128 278 ) (0 -2128 297 ) (0 -2118 297 ) 
4 123 128 (0 -2128 297 ) (0 -2128 320 ) (0 -2118 320 ) (0 -2118 297 ) 
4 123 127 (0 -2048 320 ) (0 -2048 278 ) (0 -2118 278 ) (0 -2118 320 ) 
4 123 131 (0 -2128 278 ) (0 -2455.760010 278 ) (0 -2455.760010 320 ) (0 -2128 320 ) 
4 123 126 (0 -2048 1514.040039 ) (0 -2048 320 ) (0 -2455.760010 320 ) (0 -2455.760010 1514.040039 ) 
4 123 124 (0 -2394.413330 278 ) (0 -2048 278 ) (1024 -2048 278 ) (1024 -2329.473389 278 ) 
4 124 139 (0 -2128 -497 ) (0 -2394.413330 -497 ) (0 -2394.413330 197 ) (0 -2128 197 ) 
4 124 137 (0 -2394.413330 197 ) (0 -2394.413330 278 ) (0 -2303 278 ) (0 -2303 197 ) 
4 124 135 (0 -2128 197 ) (0 -2128 278 ) (0 -2118 278 ) (0 -2118 197 ) 
4 124 136 (0 -2118 -497 ) (0 -2128 -497 ) (0 -2128 197 ) (0 -2118 197 ) 
4 124 133 (0 -2048 278 ) (0 -2048 -497 ) (0 -2118 -497 ) (0 -2118 278 ) 
4 124 125 (0 -2394.413330 -497 ) (0 -2048 -497 ) (1024 -2048 -497 ) (1024 -2329.473389 -497 ) 
4 125 144 (0 -2048 -497 ) (0 -2048 -813 ) (0 -2455.760010 -813 ) (0 -2455.760010 -497 ) 
4 126 145 (-1024 -2048 1514.040039 ) (-1024 -2048 320 ) (-1024 -2455.760010 320 ) (-1024 -2455.760010 1514.040039 ) 
4 126 132 (-1002.223328 -2455.760010 320 ) (-1024 -2455.760010 320 ) (-1024 -2258.888672 320 ) (-1020 -2260 320 ) 
4 126 128 (-1024 -2128 320 ) (-1024 -2118 320 ) (0 -2118 320 ) (0 -2128 320 ) 
4 126 127 (-1024 -2118 320 ) (-1024 -2048 320 ) (0 -2048 320 ) (0 -2118 320 ) 
5 126 131 (0 -2455.760010 320 ) (-1002.223328 -2455.760010 320 ) (-1024 -2215.950928 320 ) (-1024 -2128 320 ) (0 -2128 320 ) 
4 127 146 (-1024 -2048 320 ) (-1024 -2048 278 ) (-1024 -2118 278 ) (-1024 -2118 320 ) 
4 127 133 (-1024 -2118 278 ) (-1024 -2048 278 ) (0 -2048 278 ) (0 -2118 278 ) 
4 127 130 (-938 -2118 278 ) (0 -2118 278 ) (0 -2118 297 ) (-938 -2118 297 ) 
4 127 129 (-1024 -2118 278 ) (-938 -2118 278 ) (-938 -2118 297 ) (-1024 -2118 297 ) 
4 127 128 (0 -2118 297 ) (0 -2118 320 ) (-1024 -2118 320 ) (-1024 -2118 297 ) 
4 128 146 (-1024 -2128 297 ) (-1024 -2128 320 ) (-1024 -2118 320 ) (-1024 -2118 297 ) 
4 128 130 (0 -2128 297 ) (-937 -2128 297 ) (-938 -2118 297 ) (0 -2118 297 ) 
4 128 129 (-937 -2128 297 ) (-1024 -2128 297 ) (-1024 -2118 297 ) (-938 -2118 297 ) 
4 128 131 (0 -2128 297 ) (0 -2128 320 ) (-1024 -2128 320 ) (-1024 -2128 297 ) 
4 129 146 (-1024 -2118 278 ) (-1024 -2128 278 ) (-1024 -2128 297 ) (-1024 -2118 297 ) 
4 129 134 (-1024 -2128 278 ) (-1024 -2118 278 ) (-938 -2118 278 ) (-937 -2128 278 ) 
4 129 131 (-1024 -2128 278 ) (-937 -2128 278 ) (-937 -2128 297 ) (-1024 -2128 297 ) 
4 129 130 (-938 -2118 278 ) (-938 -2118 297 ) (-937 -2128 297 ) (-937 -2128 278 ) 
4 130 135 (-938 -2118 278 ) (0 -2118 278 ) (0 -2128 278 ) (-937 -2128 278 ) 
4 130 131 (-937 -2128 278 ) (0 -2128 278 ) (0 -2128 297 ) (-937 -2128 297 ) 
4 131 146 (-1024 -2128 278 ) (-1024 -2215.950928 278 ) (-1024 -2215.950928 320 ) (-1024 -2128 320 ) 
6 131 142 (-1020.007202 -2259.920166 278 ) (-1024 -2215.950928 278 ) (-1024 -2128 278 ) (-937 -2128 278 ) (-931 -2184 278 ) (-931 -2284.580078 278 ) 
3 131 141 (-931 -2184 278 ) (-435 -2247.398438 278 ) (-435 -2247.615234 278 ) 
3 131 140 (-931 -2284.580078 278 ) (-931 -2193 278 ) (-924.036560 -2286.509277 278 ) 
4 131 138 (-435 -2247.615234 278 ) (-435 -2247.398438 278 ) (0 -2303 278 ) (-431.998138 -2248 278 ) 
4 131 137 (-435 -2422 278 ) (-435 -2330 278 ) (0 -2303 278 ) (0 -2394.413330 278 ) 
4 131 132 (-1020 -2260 278 ) (-1002.223083 -2455.760010 278 ) (-1002.223083 -2455.760010 320 ) (-1020 -2260 320 ) 
4 132 147 (-1024 -2258.888672 278 ) (-1024 -2455.760010 278 ) (-1024 -2455.760010 320 ) (-1024 -2258.888672 320 ) 
4 133 146 (-1024 -2048 278 ) (-1024 -2048 -497 ) (-1024 -2118 -497 ) (-1024 -2118 278 ) 
4 133 144 (-1024 -2118 -497 ) (-1024 -2048 -497 ) (0 -2048 -497 ) (0 -2118 -497 ) 
4 133 135 (0 -2118 197 ) (0 -2118 278 ) (-938 -2118 278 ) (-938 -2118 197 ) 
4 133 134 (-938 -2118 278 ) (-1024 -2118 278 ) (-1024 -2118 197 ) (-938 -2118 197 ) 
4 133 136 (-1024 -2118 -497 ) (0 -2118 -497 ) (0 -2118 197 ) (-1024 -2118 197 ) 
4 134 146 (-1024 -2128 197 ) (-1024 -2128 278 ) (-1024 -2118 278 ) (-1024 -2118 197 ) 
4 134 142 (-937 -2128 278 ) (-1024 -2128 278 ) (-1024 -2128 197 ) (-937 -2128 197 ) 
4 134 136 (-937 -2128 197 ) (-1024 -2128 197 ) (-1024 -2118 197 ) (-938 -2118 197 ) 
4 134 135 (-937 -2128 278 ) (-937 -2128 197 ) (-938 -2118 197 ) (-938 -2118 278 ) 
4 135 136 (0 -2128 197 ) (-937 -2128 197 ) (-938 -2118 197 ) (0 -2118 197 ) 
4 136 146 (-1024 -2118 -497 ) (-1024 -2128 -497 ) (-1024 -2128 197 ) (-1024 -2118 197 ) 
4 136 144 (-1024 -2128 -497 ) (-1024 -2118 -497 ) (0 -2118 -497 ) (0 -2128 -497 ) 
4 136 143 (-1024 -2128 -497 ) (-435 -2128 -497 ) (-435 -2128 197 ) (-1024 -2128 197 ) 
4 136 139 (-435 -2128 -497 ) (0 -2128 -497 ) (0 -2128 197 ) (-435 -2128 197 ) 
4 137 139 (-435 -2422 197 ) (-435 -2330 197 ) (0 -2303 197 ) (0 -2394.413330 197 ) 
4 138 141 (-435 -2247.398438 197 ) (-435 -2247.615234 197 ) (-435 -2247.615234 278 ) (-435 -2247.398438 278 ) 
4 138 139 (-435 -2247.615234 197 ) (-435 -2247.398438 197 ) (0 -2303 197 ) (-431.998138 -2248 197 ) 
4 139 144 (-435 -2422 -497 ) (-435 -2128 -497 ) (0 -2128 -497 ) (0 -2394.413330 -497 ) 
4 139 143 (-435 -2128 197 ) (-435 -2128 -497 ) (-435 -2422 -497 ) (-435 -2422 197 ) 
3 140 143 (-924.036560 -2286.509277 197 ) (-931 -2284.580078 197 ) (-931 -2193 197 ) 
4 140 142 (-931 -2193 197 ) (-931 -2284.580078 197 ) (-931 -2284.580078 278 ) (-931 -2193 278 ) 
3 141 143 (-435 -2247.398438 197 ) (-435 -2247.615234 197 ) (-931 -2184 197 ) 
4 142 146 (-1024 -2215.950928 278 ) (-1024 -2128 278 ) (-1024 -2128 197 ) (-1024 -2215.950928 197 ) 
6 142 143 (-1024 -2128 197 ) (-937 -2128 197 ) (-931 -2184 197 ) (-931 -2284.580078 197 ) (-1020.007202 -2259.920166 197 ) (-1024 -2215.950928 197 ) 
4 143 146 (-1024 -2128 -497 ) (-1024 -2215.950928 -497 ) (-1024 -2215.950928 197 ) (-1024 -2128 197 ) 
5 143 144 (-1020.007202 -2259.920166 -497 ) (-1024 -2215.950928 -497 ) (-1024 -2128 -497 ) (-435 -2128 -497 ) (-435 -2422 -497 ) 
4 144 148 (-1024 -2048 -497 ) (-1024 -2048 -813 ) (-1024 -2455.760010 -813 ) (-1024 -2455.760010 -497 ) 
4 145 147 (-1024 -2455.760010 320 ) (-1128.060059 -2455.760010 320 ) (-1128.060059 -2229.983154 320 ) (-1024 -2258.888672 320 ) 
3 145 146 (-1039.251343 -2048 320 ) (-1024 -2048 320 ) (-1024 -2215.950928 320 ) 
3 146 148 (-1039.251343 -2048 -497 ) (-1024 -2048 -497 ) (-1024 -2215.950928 -497 ) 
