PRT1
112
356
4 0 8 (1024 2048 -512 ) (1024 2048 968.171997 ) (1024 2320 968.171997 ) (1024 2320 -512 ) 
4 0 7 (1024 2048 567 ) (1024 2048 -512 ) (1806.720093 2048 -512 ) (1806.720093 2048 567 ) 
4 0 2 (1247 2048 567 ) (1806.720093 2048 567 ) (1806.720093 2048 582 ) (1247 2048 582 ) 
4 0 3 (1024 2048 582 ) (1024 2048 567 ) (1247 2048 567 ) (1247 2048 582 ) 
4 0 1 (1024 2048 968.171997 ) (1024 2048 582 ) (1806.720093 2048 582 ) (1806.720093 2048 968.171997 ) 
4 1 9 (1024 2048 968.171997 ) (1024 2048 582 ) (1024 1657 582 ) (1024 1657 968.171997 ) 
4 1 4 (1806.720093 1657 635 ) (1806.720093 1657 968.171997 ) (1247 1657 968.171997 ) (1247 1657 635 ) 
4 1 6 (1247 1657 968.171997 ) (1024 1657 968.171997 ) (1024 1657 582 ) (1247 1657 582 ) 
4 1 2 (1247 1703 582 ) (1247 2048 582 ) (1806.720093 2048 582 ) (1806.720093 1703 582 ) 
4 1 3 (1247 1657 582 ) (1024 1657 582 ) (1024 2048 582 ) (1247 2048 582 ) 
4 2 7 (1247 2048 567 ) (1806.720093 2048 567 ) (1806.720093 1703 567 ) (1247 1703 567 ) 
4 2 3 (1247 2048 567 ) (1247 1703 567 ) (1247 1703 582 ) (1247 2048 582 ) 
4 3 11 (1024 1703 567 ) (1024 1657 567 ) (1024 1657 582 ) (1024 1703 582 ) 
4 3 10 (1024 2048 582 ) (1024 2048 567 ) (1024 1703 567 ) (1024 1703 582 ) 
4 3 7 (1024 1657 567 ) (1024 2048 567 ) (1247 2048 567 ) (1247 1657 567 ) 
4 3 6 (1024 1657 567 ) (1247 1657 567 ) (1247 1657 582 ) (1024 1657 582 ) 
4 4 5 (1247 1630 968.171997 ) (1247 1630 635 ) (1806.720093 1630 635 ) (1806.720093 1630 968.171997 ) 
4 4 6 (1247 1630 968.171997 ) (1247 1657 968.171997 ) (1247 1657 635 ) (1247 1630 635 ) 
4 5 24 (1806.720093 1024 567 ) (1806.720093 1024 968.171997 ) (1247 1024 968.171997 ) (1247 1024 567 ) 
4 5 7 (1806.720093 1630 567 ) (1806.720093 1024 567 ) (1247 1024 567 ) (1247 1630 567 ) 
4 5 6 (1247 1024 968.171997 ) (1247 1630 968.171997 ) (1247 1630 567 ) (1247 1024 567 ) 
4 6 24 (1247 1024 968.171997 ) (1024 1024 968.171997 ) (1024 1024 567 ) (1247 1024 567 ) 
4 6 14 (1024 1630 635 ) (1024 1657 635 ) (1024 1657 567 ) (1024 1630 567 ) 
4 6 16 (1024 1024 567 ) (1024 1024 635 ) (1024 1630 635 ) (1024 1630 567 ) 
4 6 13 (1024 1024 635 ) (1024 1024 968.171997 ) (1024 1657 968.171997 ) (1024 1657 635 ) 
4 6 7 (1024 1024 567 ) (1024 1657 567 ) (1247 1657 567 ) (1247 1024 567 ) 
4 7 24 (1806.720093 1024 -512 ) (1806.720093 1024 567 ) (1024 1024 567 ) (1024 1024 -512 ) 
4 7 17 (1024 1024 -512 ) (1024 1024 567 ) (1024 2048 567 ) (1024 2048 -512 ) 
4 8 18 (0 2048 -512 ) (0 2048 968.171997 ) (0 2320 968.171997 ) (0 2320 -512 ) 
4 8 17 (1024 2048 -512 ) (1024 2048 567 ) (0 2048 567 ) (0 2048 -512 ) 
4 8 10 (1024 2048 567 ) (1024 2048 582 ) (0 2048 582 ) (0 2048 567 ) 
4 8 9 (1024 2048 582 ) (1024 2048 968.171997 ) (0 2048 968.171997 ) (0 2048 582 ) 
4 9 19 (0 2048 968.171997 ) (0 2048 582 ) (0 1657 582 ) (0 1657 968.171997 ) 
4 9 14 (1024 1657 582 ) (1024 1657 635 ) (949 1657 635 ) (949 1657 582 ) 
4 9 15 (389 1657 635 ) (1 1657 635 ) (1 1657 582 ) (389 1657 582 ) 
4 9 13 (1024 1657 635 ) (1024 1657 968.171997 ) (0 1657 968.171997 ) (0 1657 635 ) 
4 9 12 (389 1657 582 ) (1 1657 582 ) (1 1703 582 ) (389 1703 582 ) 
4 9 11 (1024 1657 582 ) (949 1657 582 ) (949 1703 582 ) (1024 1703 582 ) 
4 9 10 (0 1703 582 ) (0 2048 582 ) (1024 2048 582 ) (1024 1703 582 ) 
4 10 20 (0 2048 582 ) (0 2048 567 ) (0 1703 567 ) (0 1703 582 ) 
4 10 17 (0 1703 567 ) (0 2048 567 ) (1024 2048 567 ) (1024 1703 567 ) 
4 10 12 (1 1703 567 ) (389 1703 567 ) (389 1703 582 ) (1 1703 582 ) 
4 10 11 (949 1703 567 ) (1024 1703 567 ) (1024 1703 582 ) (949 1703 582 ) 
4 11 17 (949 1703 567 ) (1024 1703 567 ) (1024 1657 567 ) (949 1657 567 ) 
4 11 14 (949 1657 567 ) (1024 1657 567 ) (1024 1657 582 ) (949 1657 582 ) 
4 12 17 (1 1703 567 ) (389 1703 567 ) (389 1657 567 ) (1 1657 567 ) 
4 12 15 (1 1657 567 ) (389 1657 567 ) (389 1657 582 ) (1 1657 582 ) 
4 13 27 (1024 1024 635 ) (1024 1024 968.171997 ) (0 1024 968.171997 ) (0 1024 635 ) 
4 13 21 (0 1630 968.171997 ) (0 1657 968.171997 ) (0 1657 635 ) (0 1630 635 ) 
4 13 22 (0 1024 635 ) (0 1024 968.171997 ) (0 1630 968.171997 ) (0 1630 635 ) 
4 13 14 (949 1657 635 ) (1024 1657 635 ) (1024 1630 635 ) (949 1630 635 ) 
4 13 15 (1 1657 635 ) (389 1657 635 ) (389 1630 635 ) (1 1630 635 ) 
4 13 16 (1024 1024 635 ) (0 1024 635 ) (0 1630 635 ) (1024 1630 635 ) 
4 14 17 (949 1657 567 ) (1024 1657 567 ) (1024 1630 567 ) (949 1630 567 ) 
4 14 16 (949 1630 567 ) (1024 1630 567 ) (1024 1630 635 ) (949 1630 635 ) 
4 15 17 (1 1657 567 ) (389 1657 567 ) (389 1630 567 ) (1 1630 567 ) 
4 15 16 (1 1630 567 ) (389 1630 567 ) (389 1630 635 ) (1 1630 635 ) 
4 16 27 (1024 1024 567 ) (1024 1024 635 ) (0 1024 635 ) (0 1024 567 ) 
4 16 22 (0 1024 567 ) (0 1024 635 ) (0 1630 635 ) (0 1630 567 ) 
4 16 17 (1024 1024 567 ) (0 1024 567 ) (0 1630 567 ) (1024 1630 567 ) 
4 17 27 (1024 1024 -512 ) (1024 1024 567 ) (0 1024 567 ) (0 1024 -512 ) 
4 17 23 (0 1024 -512 ) (0 1024 567 ) (0 2048 567 ) (0 2048 -512 ) 
4 18 23 (0 2048 -512 ) (0 2048 567 ) (-558.719971 2048 567 ) (-558.719971 2048 -512 ) 
4 18 20 (0 2048 567 ) (0 2048 582 ) (-558.719971 2048 582 ) (-558.719971 2048 567 ) 
4 18 19 (0 2048 582 ) (0 2048 968.171997 ) (-558.719971 2048 968.171997 ) (-558.719971 2048 582 ) 
4 19 21 (-558.719971 1657 968.171997 ) (-558.719971 1657 635 ) (0 1657 635 ) (0 1657 968.171997 ) 
4 19 20 (-558.719971 1703 582 ) (-558.719971 2048 582 ) (0 2048 582 ) (0 1703 582 ) 
4 20 23 (-558.719971 1703 567 ) (-558.719971 2048 567 ) (0 2048 567 ) (0 1703 567 ) 
4 21 22 (0 1630 635 ) (0 1630 968.171997 ) (-558.719971 1630 968.171997 ) (-558.719971 1630 635 ) 
4 22 36 (0 1024 567 ) (0 1024 968.171997 ) (-558.719971 1024 968.171997 ) (-558.719971 1024 567 ) 
4 22 23 (0 1024 567 ) (-558.719971 1024 567 ) (-558.719971 1630 567 ) (0 1630 567 ) 
4 23 36 (0 1024 -512 ) (0 1024 567 ) (-558.719971 1024 567 ) (-558.719971 1024 -512 ) 
4 24 28 (1024 797 -512 ) (1024 781 -512 ) (1024 781 968.171997 ) (1024 797 968.171997 ) 
4 24 27 (1024 1024 968.171997 ) (1024 1024 -512 ) (1024 797 -512 ) (1024 797 968.171997 ) 
4 24 33 (1024 781 -512 ) (1024 0 -512 ) (1024 0 968.171997 ) (1024 781 968.171997 ) 
4 24 25 (1024 0 968.171997 ) (1024 0 -512 ) (1806.720093 0 -512 ) (1806.720093 0 968.171997 ) 
4 25 35 (1024 -1024 -512 ) (1024 -1024 968.171997 ) (1024 0 968.171997 ) (1024 0 -512 ) 
4 25 26 (1024 -1024 968.171997 ) (1024 -1024 -512 ) (1806.720093 -1024 -512 ) (1806.720093 -1024 968.171997 ) 
4 26 64 (1024 -1024 113 ) (1024 -1024 -512 ) (1024 -1264 -512 ) (1024 -1264 113 ) 
4 26 39 (1024 -1264 968.171997 ) (1024 -1024 968.171997 ) (1024 -1024 113 ) (1024 -1264 113 ) 
4 27 36 (0 1024 968.171997 ) (0 1024 -512 ) (0 797 -512 ) (0 797 968.171997 ) 
4 27 32 (706.263062 797 206.363037 ) (706.734070 797 233.358002 ) (690.737000 797 233.636993 ) (690.265991 797 206.641998 ) 
4 27 31 (706.734070 797 233.358002 ) (719.555054 797 968.171997 ) (703.553162 797 968.171997 ) (690.737000 797 233.636993 ) 
4 27 30 (677.727173 797 -512 ) (693.729065 797 -512 ) (706.263062 797 206.363037 ) (690.265991 797 206.641998 ) 
4 27 29 (0 797 -512 ) (677.727173 797 -512 ) (703.553162 797 968.171997 ) (0 797 968.171997 ) 
4 27 28 (693.729065 797 -512 ) (1024 797 -512 ) (1024 797 968.171997 ) (719.555054 797 968.171997 ) 
4 28 32 (706.733948 797 233.357986 ) (706.262939 797 206.363037 ) (706.262939 781 206.363037 ) (706.733948 781 233.358002 ) 
4 28 31 (719.554993 797 968.171997 ) (706.733948 797 233.357986 ) (706.733948 781 233.358002 ) (719.554993 781 968.171997 ) 
4 28 30 (706.262939 797 206.363037 ) (693.728943 797 -512 ) (693.728943 781 -512 ) (706.262939 781 206.363037 ) 
4 28 33 (693.729065 781 -512 ) (1024 781 -512 ) (1024 781 968.171997 ) (719.555054 781 968.171997 ) 
4 29 36 (0 797 -512 ) (0 781 -512 ) (0 781 968.171997 ) (0 797 968.171997 ) 
4 29 32 (690.737000 781 233.636993 ) (690.265991 781 206.641998 ) (690.265991 797 206.642044 ) (690.737000 797 233.636993 ) 
4 29 31 (703.553162 781 968.171997 ) (690.737000 781 233.636993 ) (690.737000 797 233.636993 ) (703.553162 797 968.171997 ) 
4 29 30 (690.265991 781 206.641998 ) (677.727112 781 -512 ) (677.727112 797 -512 ) (690.265991 797 206.642044 ) 
4 29 33 (0 781 -512 ) (677.727173 781 -512 ) (703.553162 781 968.171997 ) (0 781 968.171997 ) 
4 30 32 (690.264771 797 206.641998 ) (690.264771 781 206.641998 ) (706.263000 781 206.362991 ) (706.263000 797 206.362991 ) 
4 30 33 (677.727173 781 -512 ) (693.729065 781 -512 ) (706.263062 781 206.363037 ) (690.265991 781 206.641998 ) 
4 31 33 (706.734070 781 233.358002 ) (719.555054 781 968.171997 ) (703.553162 781 968.171997 ) (690.737000 781 233.636993 ) 
4 31 32 (690.735474 781 233.637024 ) (690.735474 797 233.637024 ) (706.734009 797 233.358002 ) (706.734009 781 233.358002 ) 
4 32 33 (706.263062 781 206.363037 ) (706.734070 781 233.358002 ) (690.737000 781 233.636993 ) (690.265991 781 206.641998 ) 
4 33 36 (0 781 -512 ) (0 0 -512 ) (0 0 968.171997 ) (0 781 968.171997 ) 
4 33 35 (1024 0 -512 ) (1024 0 968.171997 ) (0 0 968.171997 ) (0 0 -512 ) 
4 34 37 (0 828 -844 ) (0 516 -844 ) (0 516 -644 ) (0 828 -644 ) 
4 35 110 (0 -1024 113 ) (0 -1024 -512 ) (364 -1024 -512 ) (364 -1024 113 ) 
4 35 107 (282 -1024 113 ) (290 -1024 113 ) (290 -1024 202 ) (282 -1024 202 ) 
4 35 106 (290 -1024 113 ) (319 -1024 113 ) (319 -1024 202 ) (290 -1024 202 ) 
4 35 109 (0 -1024 202 ) (0 -1024 113 ) (282 -1024 113 ) (282 -1024 202 ) 
4 35 104 (319 -1024 113 ) (363 -1024 113 ) (363 -1024 126 ) (319 -1024 126 ) 
4 35 103 (363 -1024 113 ) (364 -1024 113 ) (364 -1024 126 ) (363 -1024 126 ) 
4 35 100 (364 -1024 126 ) (364 -1024 164 ) (320 -1024 164 ) (320 -1024 126 ) 
4 35 98 (364 -1024 164 ) (364 -1024 202 ) (320 -1024 202 ) (320 -1024 164 ) 
4 35 102 (320 -1024 202 ) (319 -1024 202 ) (319 -1024 126 ) (320 -1024 126 ) 
4 35 97 (364 -1024 968.171997 ) (0 -1024 968.171997 ) (0 -1024 202 ) (364 -1024 202 ) 
4 35 96 (364 -1024 112 ) (364 -1024 -512 ) (533 -1024 -512 ) (533 -1024 112 ) 
4 35 75 (455 -1024 968.171997 ) (364 -1024 968.171997 ) (364 -1024 112 ) (455 -1024 112 ) 
4 35 65 (533 -1024 968.171997 ) (455 -1024 968.171997 ) (455 -1024 112 ) (533 -1024 112 ) 
4 35 64 (1024 -1024 -512 ) (1024 -1024 113 ) (533 -1024 113 ) (533 -1024 -512 ) 
4 35 53 (655 -1024 968.171997 ) (533 -1024 968.171997 ) (533 -1024 113 ) (655 -1024 113 ) 
4 35 50 (663 -1024 968.171997 ) (655 -1024 968.171997 ) (655 -1024 113 ) (663 -1024 113 ) 
4 35 40 (741 -1024 968.171997 ) (663 -1024 968.171997 ) (663 -1024 113 ) (741 -1024 113 ) 
4 35 39 (1024 -1024 113 ) (1024 -1024 968.171997 ) (741 -1024 968.171997 ) (741 -1024 113 ) 
4 35 38 (0 -1024 -512 ) (0 -1024 968.171997 ) (0 0 968.171997 ) (0 0 -512 ) 
4 36 38 (0 0 -512 ) (0 0 968.171997 ) (-558.719971 0 968.171997 ) (-558.719971 0 -512 ) 
4 38 111 (0 -1024 -512 ) (0 -1024 968.171997 ) (-558.719971 -1024 968.171997 ) (-558.719971 -1024 -512 ) 
4 39 64 (1024 -1264 113 ) (741 -1264 113 ) (741 -1024 113 ) (1024 -1024 113 ) 
4 39 44 (741 -1264 201 ) (741 -1264 228.209595 ) (741 -1260 228.209610 ) (741 -1260 201 ) 
4 39 43 (741 -1264 228.209595 ) (741 -1264 968.171997 ) (741 -1260 968.171997 ) (741 -1260 228.209610 ) 
4 39 41 (741 -1260 201 ) (741 -1260 968.171997 ) (741 -1258 968.171997 ) (741 -1258 201 ) 
4 39 40 (741 -1024 113 ) (741 -1258 113 ) (741 -1258 968.171997 ) (741 -1024 968.171997 ) 
4 40 64 (663 -1258 113 ) (663 -1024 113 ) (741 -1024 113 ) (741 -1258 113 ) 
4 40 50 (663 -1024 113 ) (663 -1258 113 ) (663 -1258 968.171997 ) (663 -1024 968.171997 ) 
4 40 41 (741 -1258 201 ) (741 -1258 968.171997 ) (733 -1258 968.171997 ) (733 -1258 201 ) 
4 40 42 (663 -1258 968.171997 ) (663 -1258 113 ) (733 -1258 113 ) (733 -1258 968.171997 ) 
4 41 44 (741 -1260 201 ) (741 -1260 228.209595 ) (733 -1260 218.596481 ) (733 -1260 201 ) 
4 41 43 (741 -1260 228.209595 ) (741 -1260 968.171997 ) (733 -1260 968.171997 ) (733 -1260 218.596481 ) 
4 41 42 (733 -1258 968.171997 ) (733 -1258 201 ) (733 -1260 201 ) (733 -1260 968.171997 ) 
4 42 64 (663 -1260 113 ) (663 -1258 113 ) (733 -1258 113 ) (733 -1260 113 ) 
4 42 50 (663 -1258 113 ) (663 -1260 113 ) (663 -1260 968.171997 ) (663 -1258 968.171997 ) 
4 42 49 (685 -1260 160.918015 ) (681.591187 -1260 156.821869 ) (685.354004 -1260 153.090988 ) (690.308960 -1260 157.672119 ) 
3 42 48 (733 -1260 123.500008 ) (733 -1260 198.082001 ) (698.993225 -1260 157.218277 ) 
3 42 47 (725.788025 -1260 113 ) (733 -1260 113 ) (733 -1260 119.667870 ) 
3 42 46 (733 -1260 198.082001 ) (733 -1260 201 ) (728.227356 -1260 201 ) 
4 42 45 (663 -1260 134.481995 ) (663 -1260 113 ) (725.788025 -1260 113 ) (681.591187 -1260 156.821869 ) 
4 42 44 (733 -1260 201 ) (733 -1260 218.596512 ) (721.684998 -1260 205 ) (728.227356 -1260 201 ) 
4 42 43 (663 -1260 968.171997 ) (663 -1260 134.481995 ) (733 -1260 218.596512 ) (733 -1260 968.171997 ) 
4 43 51 (663 -1264 203 ) (663 -1264 968.171997 ) (663 -1260 968.171997 ) (663 -1260 203 ) 
4 43 49 (681.591003 -1260 156.822037 ) (685 -1260 160.918137 ) (685 -1264 160.918137 ) (681.591003 -1264 156.822037 ) 
4 43 45 (663 -1264 134.482407 ) (663 -1260 134.482407 ) (681.591003 -1260 156.822037 ) (681.591003 -1264 156.822037 ) 
4 43 44 (721.684814 -1260 205 ) (741 -1260 228.209991 ) (741 -1264 228.209991 ) (721.684814 -1264 205 ) 
4 44 46 (728.227356 -1260 201 ) (733 -1260 201 ) (733 -1264 201 ) (728.227356 -1264 201 ) 
4 45 64 (725.788025 -1264 113 ) (663 -1264 113 ) (663 -1260 113 ) (725.788025 -1260 113 ) 
4 45 52 (663 -1260 113 ) (663 -1264 113 ) (663 -1264 115 ) (663 -1260 115 ) 
4 45 49 (685.354797 -1260 153.091751 ) (681.591919 -1260 156.822739 ) (681.591919 -1264 156.822739 ) (685.354797 -1264 153.091751 ) 
4 47 64 (733 -1264 113 ) (725.788025 -1264 113 ) (725.788025 -1260 113 ) (733 -1260 113 ) 
4 50 64 (655 -1260 113 ) (655 -1024 113 ) (663 -1024 113 ) (663 -1260 113 ) 
4 50 63 (655 -1260 145.638992 ) (655 -1260 146.869736 ) (655 -1259 146.869736 ) (655 -1259 145.638992 ) 
4 50 62 (655 -1259 146.869736 ) (655 -1257 146.869736 ) (655 -1257 145.638992 ) (655 -1259 145.638992 ) 
4 50 58 (655 -1260 146.869736 ) (655 -1260 195.326508 ) (655 -1257 195.326508 ) (655 -1257 146.869736 ) 
4 50 57 (655 -1257 113 ) (655 -1260 113 ) (655 -1260 145.638992 ) (655 -1257 145.638992 ) 
4 50 56 (655 -1260 195.326508 ) (655 -1260 215.117111 ) (655 -1257 215.117096 ) (655 -1257 195.326508 ) 
4 50 54 (655 -1260 215.117111 ) (655 -1260 968.171997 ) (655 -1257 968.171997 ) (655 -1257 215.117096 ) 
4 50 53 (655 -1024 113 ) (655 -1257 113 ) (655 -1257 968.171997 ) (655 -1024 968.171997 ) 
4 50 51 (655 -1260 968.171997 ) (655 -1260 203 ) (663 -1260 203 ) (663 -1260 968.171997 ) 
4 50 52 (655 -1260 115 ) (655 -1260 113 ) (663 -1260 113 ) (663 -1260 115 ) 
4 51 56 (655 -1264 203 ) (655 -1264 215.117111 ) (655 -1260 215.117126 ) (655 -1260 203 ) 
4 51 54 (655 -1264 215.117111 ) (655 -1264 968.171997 ) (655 -1260 968.171997 ) (655 -1260 215.117126 ) 
4 52 64 (663 -1264 113 ) (655 -1264 113 ) (655 -1260 113 ) (663 -1260 113 ) 
4 52 57 (655 -1260 113 ) (655 -1264 113 ) (655 -1264 115 ) (655 -1260 115 ) 
4 53 66 (533 -1257 200 ) (533 -1257 968.171997 ) (533 -1256 968.171997 ) (533 -1256 200 ) 
4 53 65 (533 -1024 968.171997 ) (533 -1024 113 ) (533 -1256 113 ) (533 -1256 968.171997 ) 
4 53 64 (533 -1257 113 ) (533 -1024 113 ) (655 -1024 113 ) (655 -1257 113 ) 
5 53 62 (655 -1257 145.638992 ) (655 -1257 146.869736 ) (651 -1257 149.370010 ) (641.788025 -1257 144 ) (647.841492 -1257 140.216019 ) 
4 53 61 (638.487915 -1257 146.062897 ) (607 -1257 122.209000 ) (618.315002 -1257 117.847992 ) (647.841492 -1257 140.216019 ) 
4 53 60 (601 -1257 174.208984 ) (597.591553 -1257 171.626892 ) (601.354004 -1257 169.275009 ) (606.308899 -1257 172.162857 ) 
4 53 59 (597.591553 -1257 171.626892 ) (557.527954 -1257 141.276398 ) (607 -1257 122.209000 ) (638.487915 -1257 146.062897 ) 
4 53 58 (655 -1257 146.869736 ) (655 -1257 195.326508 ) (649 -1257 197.639008 ) (614.993042 -1257 171.876785 ) 
4 53 57 (630.893555 -1257 113 ) (655 -1257 113 ) (655 -1257 145.638992 ) (618.315002 -1257 117.847992 ) 
3 53 56 (655 -1257 195.326508 ) (655 -1257 215.117111 ) (637.684998 -1257 202 ) 
4 53 55 (533 -1257 113 ) (630.893555 -1257 113 ) (557.527954 -1257 141.276398 ) (533 -1257 122.695068 ) 
4 53 54 (655 -1257 215.117111 ) (655 -1257 968.171997 ) (533 -1257 968.171997 ) (533 -1257 122.695068 ) 
4 54 69 (533 -1264 200 ) (533 -1264 227.209610 ) (533 -1258 227.209625 ) (533 -1258 200 ) 
4 54 68 (533 -1264 227.209610 ) (533 -1264 968.171997 ) (533 -1258 968.171997 ) (533 -1258 227.209625 ) 
4 54 66 (533 -1258 968.171997 ) (533 -1257 968.171997 ) (533 -1257 200 ) (533 -1258 200 ) 
4 54 60 (597.590759 -1257 171.627396 ) (601 -1257 174.209366 ) (601 -1264 174.209366 ) (597.590759 -1264 171.627396 ) 
4 54 59 (557.526978 -1257 141.276779 ) (597.590759 -1257 171.627396 ) (597.590759 -1264 171.627396 ) (557.526978 -1264 141.276779 ) 
4 54 56 (637.684021 -1257 202 ) (655 -1257 215.118210 ) (655 -1264 215.118210 ) (637.684021 -1264 202 ) 
4 54 55 (533 -1264 122.696175 ) (533 -1257 122.696175 ) (557.526978 -1257 141.276779 ) (557.526978 -1264 141.276779 ) 
4 55 64 (630.893555 -1264 113 ) (533 -1264 113 ) (533 -1257 113 ) (630.893555 -1257 113 ) 
4 55 61 (618.314758 -1257 117.847824 ) (607 -1257 122.208824 ) (607 -1259 122.208824 ) (618.314758 -1259 117.847824 ) 
4 55 59 (607 -1257 122.208824 ) (557.527039 -1257 141.276489 ) (557.527039 -1264 141.276489 ) (607 -1264 122.208824 ) 
4 55 57 (630.892883 -1257 113 ) (618.314758 -1257 117.847824 ) (618.314758 -1264 117.847824 ) (630.892883 -1264 113 ) 
4 56 58 (648.998840 -1257 197.638123 ) (655 -1257 195.325180 ) (655 -1264 195.325180 ) (648.998840 -1264 197.638123 ) 
4 57 64 (655 -1264 113 ) (630.893555 -1264 113 ) (630.893555 -1257 113 ) (655 -1257 113 ) 
4 57 62 (655 -1259 145.639984 ) (655 -1257 145.639984 ) (647.840820 -1257 140.216461 ) (647.840820 -1259 140.216461 ) 
4 57 61 (618.314148 -1257 117.848328 ) (618.314148 -1259 117.848328 ) (647.840820 -1259 140.216461 ) (647.840820 -1257 140.216461 ) 
4 58 63 (655 -1259 146.871048 ) (655 -1264 146.871048 ) (651.001099 -1264 149.370636 ) (651.001099 -1259 149.370636 ) 
4 58 62 (651.001099 -1257 149.370636 ) (655 -1257 146.871048 ) (655 -1259 146.871048 ) (651.001099 -1259 149.370636 ) 
4 59 61 (607 -1259 122.208984 ) (607 -1257 122.208984 ) (638.487915 -1257 146.062866 ) (638.487915 -1259 146.062866 ) 
4 59 60 (597.590942 -1257 171.626419 ) (597.590942 -1264 171.626419 ) (601.353333 -1264 169.274597 ) (601.353333 -1257 169.274597 ) 
4 61 62 (641.787292 -1259 144 ) (647.840881 -1259 140.215561 ) (647.840881 -1257 140.215561 ) (641.787292 -1257 144 ) 
4 62 63 (655 -1259 145.639008 ) (655 -1259 146.869736 ) (651 -1259 149.370010 ) (648.739075 -1259 148.052048 ) 
4 64 96 (533 -1024 112 ) (533 -1024 -512 ) (533 -1264 -512 ) (533 -1264 112 ) 
4 64 65 (533 -1024 113 ) (533 -1024 112 ) (533 -1256 112 ) (533 -1256 113 ) 
4 65 96 (455 -1024 112 ) (533 -1024 112 ) (533 -1256 112 ) (455 -1256 112 ) 
4 65 83 (455 -1256 150.699463 ) (455 -1256 191.243164 ) (455 -1255 191.243164 ) (455 -1255 150.699463 ) 
4 65 81 (455 -1256 191.243164 ) (455 -1256 202 ) (455 -1255 202 ) (455 -1255 191.243164 ) 
4 65 79 (455 -1256 114 ) (455 -1256 150.699463 ) (455 -1255 150.699463 ) (455 -1255 114 ) 
4 65 76 (455 -1256 202 ) (455 -1256 968.171997 ) (455 -1255 968.171997 ) (455 -1255 202 ) 
4 65 92 (455 -1255 112 ) (455 -1256 112 ) (455 -1256 114 ) (455 -1255 114 ) 
4 65 75 (455 -1024 112 ) (455 -1255 112 ) (455 -1255 968.171997 ) (455 -1024 968.171997 ) 
4 65 66 (533 -1256 200 ) (533 -1256 968.171997 ) (525 -1256 968.171997 ) (525 -1256 200 ) 
4 65 67 (455 -1256 968.171997 ) (455 -1256 112 ) (525 -1256 112 ) (525 -1256 968.171997 ) 
4 66 69 (533 -1258 200 ) (533 -1258 227.209610 ) (525 -1258 217.596527 ) (525 -1258 200 ) 
4 66 68 (533 -1258 227.209610 ) (533 -1258 968.171997 ) (525 -1258 968.171997 ) (525 -1258 217.596527 ) 
4 66 67 (525 -1256 968.171997 ) (525 -1256 200 ) (525 -1258 200 ) (525 -1258 968.171997 ) 
4 67 96 (525 -1258 112 ) (455 -1258 112 ) (455 -1256 112 ) (525 -1256 112 ) 
4 67 83 (455 -1258 150.699463 ) (455 -1258 191.243164 ) (455 -1256 191.243164 ) (455 -1256 150.699463 ) 
4 67 81 (455 -1258 191.243164 ) (455 -1258 202 ) (455 -1256 202 ) (455 -1256 191.243164 ) 
4 67 79 (455 -1258 114 ) (455 -1258 150.699463 ) (455 -1256 150.699463 ) (455 -1256 114 ) 
4 67 76 (455 -1258 202 ) (455 -1258 968.171997 ) (455 -1256 968.171997 ) (455 -1256 202 ) 
4 67 92 (455 -1256 112 ) (455 -1258 112 ) (455 -1258 114 ) (455 -1256 114 ) 
4 67 74 (477 -1258 159.918015 ) (473.591187 -1258 155.821899 ) (477.354004 -1258 152.091003 ) (482.308960 -1258 156.672104 ) 
3 67 73 (525 -1258 122.500023 ) (525 -1258 197.081436 ) (490.993256 -1258 156.218277 ) 
3 67 72 (525 -1258 197.081436 ) (525 -1258 200 ) (520.226440 -1258 200 ) 
3 67 71 (517.788025 -1258 112 ) (525 -1258 112 ) (525 -1258 118.667885 ) 
4 67 70 (455 -1258 133.482056 ) (455 -1258 112 ) (517.788025 -1258 112 ) (473.591187 -1258 155.821899 ) 
4 67 69 (525 -1258 200 ) (525 -1258 217.596527 ) (513.684692 -1258 204 ) (520.226440 -1258 200 ) 
4 67 68 (455 -1258 968.171997 ) (455 -1258 133.482056 ) (525 -1258 217.596527 ) (525 -1258 968.171997 ) 
4 68 76 (455 -1264 202 ) (455 -1264 968.171997 ) (455 -1258 968.171997 ) (455 -1258 202 ) 
4 68 74 (473.592194 -1258 155.820908 ) (477.001190 -1258 159.917282 ) (477.001190 -1264 159.917282 ) (473.592194 -1264 155.820908 ) 
4 68 70 (455 -1264 133.479874 ) (455 -1258 133.479874 ) (473.592194 -1258 155.820908 ) (473.592194 -1264 155.820908 ) 
4 68 69 (513.685852 -1258 203.998901 ) (533 -1258 227.207458 ) (533 -1264 227.207458 ) (513.685852 -1264 203.998901 ) 
4 69 72 (520.226440 -1258 200 ) (525 -1258 200 ) (525 -1264 200 ) (520.226440 -1264 200 ) 
4 70 96 (517.788025 -1264 112 ) (455 -1264 112 ) (455 -1258 112 ) (517.788025 -1258 112 ) 
4 70 92 (455 -1258 112 ) (455 -1264 112 ) (455 -1264 114 ) (455 -1258 114 ) 
4 70 74 (477.355438 -1258 152.092316 ) (473.592438 -1258 155.823380 ) (473.592438 -1264 155.823380 ) (477.355438 -1264 152.092316 ) 
4 71 96 (525 -1264 112 ) (517.788025 -1264 112 ) (517.788025 -1258 112 ) (525 -1258 112 ) 
4 75 110 (364 -1024 113 ) (364 -1024 112 ) (364 -1255 112 ) (364 -1255 113 ) 
4 75 103 (364 -1024 126 ) (364 -1024 113 ) (364 -1255 113 ) (364 -1255 126 ) 
4 75 100 (364 -1024 164 ) (364 -1024 126 ) (364 -1255 126 ) (364 -1255 164 ) 
4 75 98 (364 -1024 202 ) (364 -1024 164 ) (364 -1255 164 ) (364 -1255 202 ) 
4 75 97 (364 -1255 968.171997 ) (364 -1024 968.171997 ) (364 -1024 202 ) (364 -1255 202 ) 
4 75 96 (364 -1255 112 ) (364 -1024 112 ) (455 -1024 112 ) (455 -1255 112 ) 
4 75 93 (364 -1255 112 ) (372 -1255 112 ) (372 -1255 968.171997 ) (364 -1255 968.171997 ) 
4 75 91 (393 -1255 173.209015 ) (389.591522 -1255 170.626892 ) (393.354004 -1255 168.274994 ) (398.308929 -1255 171.162857 ) 
4 75 90 (389.591522 -1255 170.626892 ) (372 -1255 157.300293 ) (372 -1255 144.367523 ) (398.945129 -1255 164.780014 ) 
5 75 86 (398.945129 -1255 164.780029 ) (372 -1255 144.367523 ) (372 -1255 131.615265 ) (397.438690 -1255 121.810745 ) (433.787994 -1255 143 ) 
4 75 85 (397.438690 -1255 121.810745 ) (410.315002 -1255 116.847984 ) (447.890137 -1255 145.313324 ) (443 -1255 148.369995 ) 
5 75 83 (455 -1255 150.699463 ) (455 -1255 191.243164 ) (447 -1255 194.326508 ) (447 -1255 145.869720 ) (447.890137 -1255 145.313324 ) 
4 75 84 (447 -1255 194.326508 ) (441 -1255 196.639008 ) (406.993042 -1255 170.876785 ) (447 -1255 145.869720 ) 
4 75 81 (455 -1255 191.243164 ) (455 -1255 202 ) (447 -1255 202 ) (447 -1255 194.326508 ) 
4 75 82 (447 -1255 202 ) (431.005035 -1255 202 ) (429.684998 -1255 201 ) (447 -1255 194.326508 ) 
4 75 79 (455 -1255 114 ) (455 -1255 150.699463 ) (447 -1255 144.638992 ) (447 -1255 114 ) 
4 75 80 (447 -1255 144.638992 ) (410.315002 -1255 116.847984 ) (417.704346 -1255 114 ) (447 -1255 114 ) 
3 75 78 (372 -1255 131.615265 ) (372 -1255 114 ) (417.704346 -1255 114 ) 
3 75 77 (431.005035 -1255 202 ) (372 -1255 202 ) (372 -1255 157.300293 ) 
4 75 76 (455 -1255 202 ) (455 -1255 968.171997 ) (372 -1255 968.171997 ) (372 -1255 202 ) 
4 75 92 (372 -1255 112 ) (455 -1255 112 ) (455 -1255 114 ) (372 -1255 114 ) 
4 76 94 (372 -1264 203 ) (372 -1264 968.171997 ) (372 -1260 968.171997 ) (372 -1260 203 ) 
4 76 93 (372 -1255 968.171997 ) (372 -1255 202 ) (372 -1260 202 ) (372 -1260 968.171997 ) 
4 76 81 (447 -1255 202 ) (455 -1255 202 ) (455 -1258 202 ) (447 -1258 202 ) 
4 76 82 (431.005035 -1255 202 ) (447 -1255 202 ) (447 -1264 202 ) (431.005035 -1264 202 ) 
4 76 77 (372 -1264 202 ) (372 -1255 202 ) (431.005035 -1255 202 ) (431.005035 -1264 202 ) 
4 77 93 (372 -1255 202 ) (372 -1255 157.300293 ) (372 -1260 157.300293 ) (372 -1260 202 ) 
4 77 91 (389.590393 -1255 170.627609 ) (392.998627 -1255 173.209549 ) (392.998627 -1264 173.209549 ) (389.590393 -1264 170.627609 ) 
4 77 90 (372 -1264 157.301880 ) (372 -1255 157.301880 ) (389.590393 -1255 170.627609 ) (389.590393 -1264 170.627609 ) 
4 77 82 (429.683594 -1255 201 ) (431.002930 -1255 202 ) (431.002930 -1264 202 ) (429.683594 -1264 201 ) 
4 78 95 (372 -1260 114 ) (372 -1264 114 ) (372 -1264 115 ) (372 -1260 115 ) 
4 78 93 (372 -1255 131.615265 ) (372 -1255 114 ) (372 -1260 114 ) (372 -1260 131.615265 ) 
4 78 87 (372 -1257 131.615784 ) (372 -1264 131.615784 ) (399 -1264 121.209335 ) (399 -1257 121.209335 ) 
4 78 86 (372 -1255 131.615784 ) (372 -1257 131.615784 ) (397.439240 -1257 121.811058 ) (397.439240 -1255 121.811058 ) 
4 78 85 (397.439240 -1257 121.811058 ) (410.315460 -1257 116.848335 ) (410.315460 -1255 116.848335 ) (397.439240 -1255 121.811058 ) 
4 78 80 (410.315460 -1264 116.848335 ) (417.705719 -1264 114 ) (417.705719 -1255 114 ) (410.315460 -1255 116.848335 ) 
4 78 92 (372 -1264 114 ) (372 -1255 114 ) (417.704346 -1255 114 ) (417.704346 -1264 114 ) 
4 79 88 (447 -1257 144.640472 ) (447 -1258 144.640472 ) (447.889069 -1258 145.313995 ) (447.889069 -1257 145.313995 ) 
4 79 85 (447.889069 -1255 145.313995 ) (447 -1255 144.640472 ) (447 -1257 144.640472 ) (447.889069 -1257 145.313995 ) 
4 79 83 (455 -1258 150.700928 ) (455 -1255 150.700928 ) (447.889069 -1255 145.313995 ) (447.889069 -1258 145.313995 ) 
4 79 80 (447 -1255 114 ) (447 -1258 114 ) (447 -1258 144.638260 ) (447 -1255 144.638260 ) 
4 79 92 (447 -1255 114 ) (455 -1255 114 ) (455 -1258 114 ) (447 -1258 114 ) 
4 80 85 (410.314514 -1255 116.849091 ) (410.314514 -1257 116.849091 ) (447 -1257 144.640472 ) (447 -1255 144.640472 ) 
4 80 92 (417.704346 -1255 114 ) (447 -1255 114 ) (447 -1264 114 ) (417.704346 -1264 114 ) 
4 81 83 (447 -1255 194.327332 ) (455 -1255 191.244003 ) (455 -1258 191.244003 ) (447 -1258 194.327332 ) 
4 81 82 (447 -1255 194.325607 ) (447 -1258 194.325607 ) (447 -1258 202 ) (447 -1255 202 ) 
4 82 84 (441 -1255 196.639557 ) (447 -1255 194.327332 ) (447 -1264 194.327332 ) (441 -1264 196.639557 ) 
4 83 88 (447.890137 -1257 145.313339 ) (447.890137 -1258 145.313339 ) (447 -1258 145.869736 ) (447 -1257 145.869736 ) 
4 83 85 (447 -1255 145.869736 ) (447.890137 -1255 145.313339 ) (447.890137 -1257 145.313339 ) (447 -1257 145.869736 ) 
4 83 84 (447 -1255 145.869568 ) (447 -1258 145.869568 ) (447 -1258 194.326492 ) (447 -1255 194.326492 ) 
4 84 89 (447 -1258 145.869736 ) (447 -1264 145.869736 ) (443 -1264 148.370010 ) (443 -1258 148.370010 ) 
4 84 88 (443 -1257 148.370010 ) (447 -1257 145.869736 ) (447 -1258 145.869736 ) (443 -1258 148.370010 ) 
4 84 85 (443 -1255 148.369995 ) (447 -1255 145.869736 ) (447 -1257 145.869736 ) (443 -1257 148.370010 ) 
4 85 88 (447 -1257 144.639008 ) (447.890259 -1257 145.313416 ) (443 -1257 148.370071 ) (440.739136 -1257 147.052063 ) 
3 85 87 (407.658020 -1257 127.767952 ) (397.438690 -1257 121.810745 ) (399 -1257 121.208992 ) 
4 85 86 (397.439667 -1255 121.810364 ) (397.439667 -1257 121.810364 ) (433.788788 -1257 143 ) (433.788788 -1255 143 ) 
4 86 93 (372 -1255 144.367523 ) (372 -1255 131.615265 ) (372 -1257 131.615265 ) (372 -1257 144.367523 ) 
4 86 90 (372 -1255 144.366165 ) (372 -1257 144.366165 ) (398.946136 -1257 164.779404 ) (398.946136 -1255 164.779404 ) 
6 86 87 (398.945068 -1257 164.780075 ) (372 -1257 144.367630 ) (372 -1257 131.615265 ) (397.438690 -1257 121.810745 ) (407.658020 -1257 127.767944 ) (430.487885 -1257 145.062881 ) 
4 87 93 (372 -1257 131.615265 ) (372 -1260 131.615265 ) (372 -1260 144.367523 ) (372 -1257 144.367523 ) 
4 87 90 (372 -1257 144.366165 ) (372 -1264 144.366165 ) (398.946136 -1264 164.779404 ) (398.946136 -1257 164.779404 ) 
4 88 89 (447 -1258 145.869720 ) (443 -1258 148.370422 ) (440.738281 -1258 147.052399 ) (447 -1258 144.639008 ) 
4 90 93 (372 -1255 157.300293 ) (372 -1255 144.367523 ) (372 -1260 144.367523 ) (372 -1260 157.300293 ) 
4 90 91 (389.592682 -1255 170.627777 ) (389.592682 -1264 170.627777 ) (393.355347 -1264 168.275772 ) (393.355347 -1255 168.275772 ) 
4 92 96 (372 -1255 112 ) (455 -1255 112 ) (455 -1264 112 ) (372 -1264 112 ) 
4 92 95 (372 -1260 112 ) (372 -1264 112 ) (372 -1264 114 ) (372 -1260 114 ) 
4 92 93 (372 -1255 114 ) (372 -1255 112 ) (372 -1260 112 ) (372 -1260 114 ) 
4 93 110 (364 -1255 113 ) (364 -1255 112 ) (364 -1260 112 ) (364 -1260 113 ) 
4 93 103 (364 -1255 126 ) (364 -1255 113 ) (364 -1260 113 ) (364 -1260 126 ) 
4 93 100 (364 -1255 164 ) (364 -1255 126 ) (364 -1260 126 ) (364 -1260 164 ) 
4 93 99 (364 -1258 164 ) (364 -1260 164 ) (364 -1260 194 ) (364 -1258 194 ) 
4 93 98 (364 -1255 202 ) (364 -1255 164 ) (364 -1258 164 ) (364 -1258 202 ) 
4 93 97 (364 -1260 968.171997 ) (364 -1255 968.171997 ) (364 -1255 202 ) (364 -1260 202 ) 
4 93 96 (364 -1260 112 ) (364 -1255 112 ) (372 -1255 112 ) (372 -1260 112 ) 
4 93 94 (372 -1260 203 ) (372 -1260 968.171997 ) (364 -1260 968.171997 ) (364 -1260 203 ) 
4 93 95 (364 -1260 112 ) (372 -1260 112 ) (372 -1260 115 ) (364 -1260 115 ) 
4 94 97 (364 -1264 203 ) (364 -1264 968.171997 ) (364 -1260 968.171997 ) (364 -1260 203 ) 
4 95 110 (364 -1264 112 ) (364 -1264 113 ) (364 -1260 113 ) (364 -1260 112 ) 
4 95 103 (364 -1264 113 ) (364 -1264 115 ) (364 -1260 115 ) (364 -1260 113 ) 
4 95 96 (364 -1264 112 ) (364 -1260 112 ) (372 -1260 112 ) (372 -1264 112 ) 
4 96 110 (364 -1264 -512 ) (364 -1264 112 ) (364 -1024 112 ) (364 -1024 -512 ) 
4 97 111 (0 -1024 968.171997 ) (0 -1024 202 ) (0 -1264 202 ) (0 -1264 968.171997 ) 
4 97 108 (290 -1264 202 ) (282 -1264 202 ) (282 -1258 202 ) (290 -1258 202 ) 
4 97 107 (282 -1258 202 ) (282 -1024 202 ) (290 -1024 202 ) (290 -1258 202 ) 
4 97 106 (319 -1264 202 ) (290 -1264 202 ) (290 -1024 202 ) (319 -1024 202 ) 
4 97 109 (282 -1264 202 ) (0 -1264 202 ) (0 -1024 202 ) (282 -1024 202 ) 
4 97 98 (364 -1024 202 ) (364 -1258 202 ) (320 -1258 202 ) (320 -1024 202 ) 
4 97 102 (320 -1264 202 ) (319 -1264 202 ) (319 -1024 202 ) (320 -1024 202 ) 
4 98 100 (320 -1258 164 ) (320 -1024 164 ) (364 -1024 164 ) (364 -1258 164 ) 
4 98 99 (320 -1258 194 ) (320 -1258 164 ) (364 -1258 164 ) (364 -1258 194 ) 
4 98 102 (320 -1258 202 ) (320 -1024 202 ) (320 -1024 164 ) (320 -1258 164 ) 
4 99 100 (320 -1260 164 ) (320 -1258 164 ) (364 -1258 164 ) (364 -1260 164 ) 
4 99 102 (320 -1264 164 ) (320 -1264 194 ) (320 -1258 194 ) (320 -1258 164 ) 
4 100 104 (320 -1024 126 ) (363 -1024 126 ) (363 -1252 126 ) (320 -1252 126 ) 
4 100 103 (363 -1024 126 ) (364 -1024 126 ) (364 -1260 126 ) (363 -1260 126 ) 
4 100 101 (320 -1260 156 ) (320 -1260 126 ) (364 -1260 126 ) (364 -1260 156 ) 
4 100 102 (320 -1024 126 ) (320 -1260 126 ) (320 -1260 164 ) (320 -1024 164 ) 
4 101 103 (364 -1260 126 ) (364 -1264 126 ) (363 -1264 126 ) (363 -1260 126 ) 
4 101 102 (320 -1260 126 ) (320 -1264 126 ) (320 -1264 156 ) (320 -1260 156 ) 
4 102 106 (319 -1264 126 ) (319 -1264 202 ) (319 -1024 202 ) (319 -1024 126 ) 
4 102 104 (319 -1252 126 ) (319 -1024 126 ) (320 -1024 126 ) (320 -1252 126 ) 
4 103 110 (363 -1024 113 ) (364 -1024 113 ) (364 -1264 113 ) (363 -1264 113 ) 
4 103 105 (363 -1252 113 ) (363 -1264 113 ) (363 -1264 118 ) (363 -1252 118 ) 
4 103 104 (363 -1024 113 ) (363 -1252 113 ) (363 -1252 126 ) (363 -1024 126 ) 
4 104 110 (319 -1024 113 ) (363 -1024 113 ) (363 -1252 113 ) (319 -1252 113 ) 
4 104 106 (319 -1024 113 ) (319 -1252 113 ) (319 -1252 126 ) (319 -1024 126 ) 
4 104 105 (363 -1252 113 ) (363 -1252 118 ) (319 -1252 118 ) (319 -1252 113 ) 
4 105 110 (363 -1252 113 ) (363 -1264 113 ) (319 -1264 113 ) (319 -1252 113 ) 
4 105 106 (319 -1252 113 ) (319 -1264 113 ) (319 -1264 118 ) (319 -1252 118 ) 
4 106 110 (290 -1024 113 ) (319 -1024 113 ) (319 -1264 113 ) (290 -1264 113 ) 
4 106 108 (290 -1264 201 ) (290 -1264 202 ) (290 -1258 202 ) (290 -1258 201 ) 
4 106 107 (290 -1024 113 ) (290 -1258 113 ) (290 -1258 202 ) (290 -1024 202 ) 
4 107 110 (282 -1024 113 ) (290 -1024 113 ) (290 -1258 113 ) (282 -1258 113 ) 
4 107 108 (282 -1258 202 ) (282 -1258 201 ) (290 -1258 201 ) (290 -1258 202 ) 
4 107 109 (282 -1024 113 ) (282 -1258 113 ) (282 -1258 202 ) (282 -1024 202 ) 
4 108 109 (282 -1264 201 ) (282 -1264 202 ) (282 -1258 202 ) (282 -1258 201 ) 
4 109 111 (0 -1024 202 ) (0 -1024 113 ) (0 -1264 113 ) (0 -1264 202 ) 
4 109 110 (0 -1024 113 ) (282 -1024 113 ) (282 -1264 113 ) (0 -1264 113 ) 
4 110 111 (0 -1024 113 ) (0 -1024 -512 ) (0 -1264 -512 ) (0 -1264 113 ) 
