PRT1
296
1022
4 0 33 (0 0 0 ) (0 0 -90 ) (960 0 -90 ) (960 0 0 ) 
4 0 15 (0 0 -90 ) (0 0 0 ) (0 115.764999 0 ) (0 115.764999 -90 ) 
4 0 9 (467 109 -90 ) (506 109 -90 ) (506 0 -90 ) (467 0 -90 ) 
4 0 11 (0 0 -90 ) (0 109 -90 ) (467 109 -90 ) (467 0 -90 ) 
4 0 6 (0 115 -90 ) (0 115.764999 -90 ) (506 115.764999 -90 ) (506 115 -90 ) 
4 0 8 (0 109 -90 ) (0 115 -90 ) (506 115 -90 ) (506 109 -90 ) 
4 0 3 (506 115.764999 -90 ) (959 115.764999 -90 ) (959 115 -90 ) (506 115 -90 ) 
4 0 5 (959 115 -90 ) (959 0 -90 ) (506 0 -90 ) (506 115 -90 ) 
4 0 1 (959 115.764999 -90 ) (960 115.764999 -90 ) (960 0 -90 ) (959 0 -90 ) 
4 1 34 (960 0 -384 ) (960 0 -90 ) (959 0 -90 ) (959 0 -384 ) 
4 1 3 (959 115 -90 ) (959 115.764999 -90 ) (959 115.764999 -384 ) (959 115 -384 ) 
4 1 5 (959 0 -90 ) (959 115 -90 ) (959 115 -384 ) (959 0 -384 ) 
4 1 2 (959 0 -384 ) (959 115.764999 -384 ) (960 115.764999 -384 ) (960 0 -384 ) 
4 2 67 (959 0 -512 ) (960 0 -512 ) (960 0 -501 ) (959 0 -501 ) 
4 2 35 (960 0 -501 ) (960 0 -384 ) (959 0 -384 ) (959 0 -501 ) 
4 2 4 (959 115.764999 -384 ) (959 115.764999 -512 ) (959 115 -512 ) (959 115 -384 ) 
4 2 5 (959 115 -512 ) (959 0 -512 ) (959 0 -384 ) (959 115 -384 ) 
4 3 6 (506 115 -90 ) (506 115.764999 -90 ) (506 115.764999 -384 ) (506 115 -384 ) 
4 3 5 (506 115 -90 ) (506 115 -384 ) (959 115 -384 ) (959 115 -90 ) 
4 3 4 (959 115 -384 ) (506 115 -384 ) (506 115.764999 -384 ) (959 115.764999 -384 ) 
4 4 7 (506 115.764999 -384 ) (506 115.764999 -512 ) (506 115 -512 ) (506 115 -384 ) 
4 4 5 (506 115 -384 ) (506 115 -512 ) (959 115 -512 ) (959 115 -384 ) 
4 5 68 (506 0 -512 ) (959 0 -512 ) (959 0 -501 ) (506 0 -501 ) 
4 5 36 (959 0 -501 ) (959 0 -90 ) (506 0 -90 ) (506 0 -501 ) 
4 5 10 (506 109 -501 ) (506 109 -512 ) (506 0 -512 ) (506 0 -501 ) 
4 5 9 (506 0 -90 ) (506 109 -90 ) (506 109 -501 ) (506 0 -501 ) 
4 5 8 (506 109 -90 ) (506 115 -90 ) (506 115 -512 ) (506 109 -512 ) 
4 6 16 (0 115 -90 ) (0 115.764999 -90 ) (0 115.764999 -384 ) (0 115 -384 ) 
4 6 8 (506 115 -384 ) (506 115 -90 ) (0 115 -90 ) (0 115 -384 ) 
4 6 7 (506 115 -384 ) (0 115 -384 ) (0 115.764999 -384 ) (506 115.764999 -384 ) 
4 7 17 (0 115.764999 -384 ) (0 115.764999 -512 ) (0 115 -512 ) (0 115 -384 ) 
4 7 8 (0 115 -512 ) (506 115 -512 ) (506 115 -384 ) (0 115 -384 ) 
4 8 18 (0 109 -90 ) (0 115 -90 ) (0 115 -512 ) (0 109 -512 ) 
4 8 10 (467 109 -512 ) (506 109 -512 ) (506 109 -501 ) (467 109 -501 ) 
4 8 9 (506 109 -501 ) (506 109 -90 ) (467 109 -90 ) (467 109 -501 ) 
4 8 11 (0 109 -512 ) (467 109 -512 ) (467 109 -90 ) (0 109 -90 ) 
4 9 37 (506 0 -501 ) (506 0 -90 ) (467 0 -90 ) (467 0 -501 ) 
4 9 11 (467 109 -90 ) (467 109 -501 ) (467 0 -501 ) (467 0 -90 ) 
4 9 10 (467 0 -501 ) (467 109 -501 ) (506 109 -501 ) (506 0 -501 ) 
4 10 68 (467 0 -512 ) (506 0 -512 ) (506 0 -501 ) (467 0 -501 ) 
4 10 11 (467 109 -501 ) (467 109 -512 ) (467 0 -512 ) (467 0 -501 ) 
4 11 68 (0 0 -501 ) (0 0 -512 ) (467 0 -512 ) (467 0 -501 ) 
4 11 52 (0 0 -339 ) (0 0 -501 ) (437 0 -501 ) (437 0 -339 ) 
4 11 51 (437 0 -501 ) (467 0 -501 ) (467 0 -339 ) (437 0 -339 ) 
4 11 39 (0 0 -90 ) (0 0 -339 ) (437 0 -339 ) (437 0 -90 ) 
4 11 38 (437 0 -339 ) (467 0 -339 ) (467 0 -90 ) (437 0 -90 ) 
4 11 19 (0 0 -512 ) (0 0 -90 ) (0 100 -90 ) (0 100 -512 ) 
4 11 18 (0 100 -90 ) (0 109 -90 ) (0 109 -512 ) (0 100 -512 ) 
4 11 12 (196 0 -512 ) (118 0 -512 ) (118 9 -512 ) (196 9 -512 ) 
4 12 77 (196 0 -512 ) (118 0 -512 ) (118 0 -540 ) (196 0 -540 ) 
4 12 13 (196 0 -540 ) (118 0 -540 ) (118 9 -540 ) (196 9 -540 ) 
4 13 86 (196 0 -540 ) (118 0 -540 ) (118 0 -544 ) (196 0 -544 ) 
4 13 14 (196 9 -544 ) (196 0 -544 ) (118 0 -544 ) (118 9 -544 ) 
4 14 88 (196 0 -563.381958 ) (196 0 -557.333374 ) (118 0 -557.333374 ) (118 0 -563.381958 ) 
4 14 87 (196 0 -557.333374 ) (196 0 -544 ) (118 0 -544 ) (118 0 -557.333374 ) 
4 15 224 (-575 0 0 ) (-576 0 0 ) (-576 0 -90 ) (-575 0 -90 ) 
4 15 223 (-369 0 0 ) (-575 0 0 ) (-575 0 -90 ) (-369 0 -90 ) 
4 15 213 (-279 0 0 ) (-369 0 0 ) (-369 0 -90 ) (-279 0 -90 ) 
4 15 192 (0 0 -90 ) (0 0 0 ) (-279 0 0 ) (-279 0 -90 ) 
4 15 25 (-576 0 -90 ) (-576 115.764999 -90 ) (-575 115.764999 -90 ) (-575 0 -90 ) 
4 15 22 (-575 115.764999 -90 ) (-184 115.764999 -90 ) (-184 115 -90 ) (-575 115 -90 ) 
4 15 24 (-184 115 -90 ) (-184 0 -90 ) (-575 0 -90 ) (-575 115 -90 ) 
4 15 20 (-156 0 -90 ) (-184 0 -90 ) (-184 100 -90 ) (-156 100 -90 ) 
4 15 19 (0 100 -90 ) (0 0 -90 ) (-156 0 -90 ) (-156 100 -90 ) 
4 15 16 (-184 115.764999 -90 ) (0 115.764999 -90 ) (0 115 -90 ) (-184 115 -90 ) 
4 15 18 (0 115 -90 ) (0 100 -90 ) (-184 100 -90 ) (-184 115 -90 ) 
4 16 22 (-184 115 -90 ) (-184 115.764999 -90 ) (-184 115.764999 -384 ) (-184 115 -384 ) 
4 16 18 (-184 115 -90 ) (-184 115 -384 ) (0 115 -384 ) (0 115 -90 ) 
4 16 17 (0 115 -384 ) (-184 115 -384 ) (-184 115.764999 -384 ) (0 115.764999 -384 ) 
4 17 23 (-184 115.764999 -384 ) (-184 115.764999 -512 ) (-184 115 -512 ) (-184 115 -384 ) 
4 17 18 (-184 115 -384 ) (-184 115 -512 ) (0 115 -512 ) (0 115 -384 ) 
4 18 24 (-184 100 -90 ) (-184 115 -90 ) (-184 115 -512 ) (-184 100 -512 ) 
4 18 21 (-184 100 -501 ) (-184 100 -512 ) (-156 100 -512 ) (-156 100 -501 ) 
4 18 20 (-184 100 -90 ) (-184 100 -501 ) (-156 100 -501 ) (-156 100 -90 ) 
4 18 19 (-156 100 -512 ) (0 100 -512 ) (0 100 -90 ) (-156 100 -90 ) 
4 19 211 (0 0 -512 ) (0 0 -501 ) (-156 0 -501 ) (-156 0 -512 ) 
4 19 208 (-138 0 -90 ) (-156 0 -90 ) (-156 0 -501 ) (-138 0 -501 ) 
4 19 193 (0 0 -501 ) (0 0 -90 ) (-132 0 -90 ) (-132 0 -501 ) 
4 19 196 (-132 0 -90 ) (-138 0 -90 ) (-138 0 -501 ) (-132 0 -501 ) 
4 19 21 (-156 100 -501 ) (-156 100 -512 ) (-156 0 -512 ) (-156 0 -501 ) 
4 19 20 (-156 100 -90 ) (-156 100 -501 ) (-156 0 -501 ) (-156 0 -90 ) 
4 20 209 (-156 0 -90 ) (-184 0 -90 ) (-184 0 -501 ) (-156 0 -501 ) 
4 20 24 (-184 0 -90 ) (-184 100 -90 ) (-184 100 -501 ) (-184 0 -501 ) 
4 20 21 (-184 0 -501 ) (-184 100 -501 ) (-156 100 -501 ) (-156 0 -501 ) 
4 21 211 (-184 0 -501 ) (-184 0 -512 ) (-156 0 -512 ) (-156 0 -501 ) 
4 21 24 (-184 100 -501 ) (-184 100 -512 ) (-184 0 -512 ) (-184 0 -501 ) 
4 22 25 (-575 115 -90 ) (-575 115.764999 -90 ) (-575 115.764999 -384 ) (-575 115 -384 ) 
4 22 24 (-575 115 -90 ) (-575 115 -384 ) (-184 115 -384 ) (-184 115 -90 ) 
4 22 23 (-184 115 -384 ) (-575 115 -384 ) (-575 115.764999 -384 ) (-184 115.764999 -384 ) 
4 23 26 (-575 115.764999 -384 ) (-575 115.764999 -512 ) (-575 115 -512 ) (-575 115 -384 ) 
4 23 24 (-575 115 -384 ) (-575 115 -512 ) (-184 115 -512 ) (-184 115 -384 ) 
4 24 223 (-369 0 -90 ) (-575 0 -90 ) (-575 0 -512 ) (-369 0 -512 ) 
4 24 213 (-279 0 -90 ) (-369 0 -90 ) (-369 0 -512 ) (-279 0 -512 ) 
4 24 211 (-279 0 -501 ) (-279 0 -512 ) (-184 0 -512 ) (-184 0 -501 ) 
4 24 210 (-184 0 -90 ) (-279 0 -90 ) (-279 0 -501 ) (-184 0 -501 ) 
4 24 26 (-575 115 -384 ) (-575 115 -512 ) (-575 0 -512 ) (-575 0 -384 ) 
4 24 25 (-575 0 -90 ) (-575 115 -90 ) (-575 115 -384 ) (-575 0 -384 ) 
4 25 224 (-575 0 -90 ) (-576 0 -90 ) (-576 0 -384 ) (-575 0 -384 ) 
4 25 26 (-576 0 -384 ) (-576 115.764999 -384 ) (-575 115.764999 -384 ) (-575 0 -384 ) 
4 26 225 (-576 0 -384 ) (-576 0 -512 ) (-575 0 -512 ) (-575 0 -384 ) 
4 27 31 (1213 -775 -250.063995 ) (1213 -775.370972 -250.063995 ) (1213 -775.370972 -118.820999 ) (1213 -775 -118.820999 ) 
4 27 30 (1213 -477.984985 -250.063995 ) (1213 -775 -250.063995 ) (1213 -775 -201.250000 ) (1213 -477.984985 -201.250000 ) 
4 27 29 (1213 -775 -201.250000 ) (1213 -775 -191.250000 ) (1213 -477.984985 -191.250000 ) (1213 -477.984985 -201.250000 ) 
4 27 28 (1213 -775 -191.250000 ) (1213 -775 -118.820999 ) (1213 -477.984985 -118.820999 ) (1213 -477.984985 -191.250000 ) 
4 28 32 (1045 -775 -191.250000 ) (1045 -775 -118.820999 ) (1045 -477.984985 -118.820999 ) (1045 -477.984985 -191.250000 ) 
4 28 31 (1045 -775 -118.820999 ) (1045 -775 -191.250000 ) (1213 -775 -191.250000 ) (1213 -775 -118.820999 ) 
4 28 29 (1213 -775 -191.250000 ) (1045 -775 -191.250000 ) (1045 -477.984985 -191.250000 ) (1213 -477.984985 -191.250000 ) 
4 29 32 (1045 -775 -201.250000 ) (1045 -775 -191.250000 ) (1045 -477.984985 -191.250000 ) (1045 -477.984985 -201.250000 ) 
4 29 31 (1045 -775 -191.250000 ) (1045 -775 -201.250000 ) (1213 -775 -201.250000 ) (1213 -775 -191.250000 ) 
4 29 30 (1213 -775 -201.250000 ) (1045 -775 -201.250000 ) (1045 -477.984985 -201.250000 ) (1213 -477.984985 -201.250000 ) 
4 30 32 (1045 -775 -250.063995 ) (1045 -775 -201.250000 ) (1045 -477.984985 -201.250000 ) (1045 -477.984985 -250.063995 ) 
4 30 31 (1045 -775 -201.250000 ) (1045 -775 -250.063995 ) (1213 -775 -250.063995 ) (1213 -775 -201.250000 ) 
4 31 32 (1045 -775.370972 -118.820999 ) (1045 -775 -118.820999 ) (1045 -775 -250.063995 ) (1045 -775.370972 -250.063995 ) 
4 33 266 (0 -1024 0 ) (0 -1024 -90 ) (960 -1024 -90 ) (960 -1024 0 ) 
4 33 192 (0 0 0 ) (0 0 -90 ) (0 -1024 -90 ) (0 -1024 0 ) 
4 33 66 (0 -1024 -90 ) (0 -991 -90 ) (443 -991 -90 ) (443 -1024 -90 ) 
4 33 65 (0 -991 -90 ) (0 -968 -90 ) (443 -968 -90 ) (443 -991 -90 ) 
4 33 64 (443 -968 -90 ) (467 -968 -90 ) (467 -1024 -90 ) (443 -1024 -90 ) 
4 33 61 (79 -786 -90 ) (237 -786 -90 ) (237 -860 -90 ) (79 -860 -90 ) 
4 33 62 (237 -860 -90 ) (237 -968 -90 ) (79 -968 -90 ) (79 -860 -90 ) 
4 33 60 (237 -786 -90 ) (467 -786 -90 ) (467 -968 -90 ) (237 -968 -90 ) 
4 33 63 (0 -968 -90 ) (0 -786 -90 ) (79 -786 -90 ) (79 -968 -90 ) 
4 33 44 (391.288025 -539 -90 ) (391.288025 -683 -90 ) (293 -683 -90 ) (293 -539 -90 ) 
4 33 43 (293 -436 -90 ) (391.288025 -436 -90 ) (391.288025 -539 -90 ) (293 -539 -90 ) 
4 33 46 (391.288025 -683 -90 ) (391.288025 -786 -90 ) (293 -786 -90 ) (293 -683 -90 ) 
4 33 42 (391.288025 -436 -90 ) (467 -436 -90 ) (467 -786 -90 ) (391.288025 -786 -90 ) 
4 33 47 (0 -786 -90 ) (0 -436 -90 ) (293 -436 -90 ) (293 -786 -90 ) 
4 33 40 (0 -282 -90 ) (0 -242 -90 ) (437 -242 -90 ) (437 -282 -90 ) 
4 33 39 (0 -242 -90 ) (0 0 -90 ) (437 0 -90 ) (437 -242 -90 ) 
4 33 41 (0 -436 -90 ) (0 -282 -90 ) (437 -282 -90 ) (437 -436 -90 ) 
4 33 38 (437 0 -90 ) (467 0 -90 ) (467 -436 -90 ) (437 -436 -90 ) 
4 33 34 (959 0 -90 ) (960 0 -90 ) (960 -1024 -90 ) (959 -1024 -90 ) 
4 33 36 (506 0 -90 ) (959 0 -90 ) (959 -1024 -90 ) (506 -1024 -90 ) 
4 33 37 (467 0 -90 ) (506 0 -90 ) (506 -1024 -90 ) (467 -1024 -90 ) 
4 34 267 (960 -1024 -384 ) (960 -1024 -90 ) (959 -1024 -90 ) (959 -1024 -384 ) 
4 34 36 (959 -1024 -384 ) (959 -1024 -90 ) (959 0 -90 ) (959 0 -384 ) 
4 34 35 (959 -1024 -384 ) (959 0 -384 ) (960 0 -384 ) (960 -1024 -384 ) 
4 35 268 (959 -1024 -501 ) (960 -1024 -501 ) (960 -1024 -384 ) (959 -1024 -384 ) 
4 35 67 (959 0 -501 ) (960 0 -501 ) (960 -1024 -501 ) (959 -1024 -501 ) 
4 35 36 (959 0 -501 ) (959 -1024 -501 ) (959 -1024 -384 ) (959 0 -384 ) 
4 36 269 (506 -1024 -501 ) (959 -1024 -501 ) (959 -1024 -90 ) (506 -1024 -90 ) 
4 36 68 (506 0 -501 ) (959 0 -501 ) (959 -1024 -501 ) (506 -1024 -501 ) 
4 36 37 (506 0 -501 ) (506 -1024 -501 ) (506 -1024 -90 ) (506 0 -90 ) 
4 37 270 (467 -1024 -501 ) (506 -1024 -501 ) (506 -1024 -90 ) (467 -1024 -90 ) 
4 37 68 (467 0 -501 ) (506 0 -501 ) (506 -1024 -501 ) (467 -1024 -501 ) 
4 37 64 (467 -968 -501 ) (467 -1024 -501 ) (467 -1024 -90 ) (467 -968 -90 ) 
4 37 60 (467 -786 -501 ) (467 -968 -501 ) (467 -968 -90 ) (467 -786 -90 ) 
4 37 58 (467 -366 -501 ) (467 -786 -501 ) (467 -786 -492 ) (467 -366 -492 ) 
4 37 55 (467 -786 -492 ) (467 -786 -339 ) (467 -366 -339 ) (467 -366 -492 ) 
4 37 51 (467 0 -501 ) (467 -366 -501 ) (467 -366 -339 ) (467 0 -339 ) 
4 37 48 (467 -786 -339 ) (467 -786 -300 ) (467 -436 -300 ) (467 -436 -339 ) 
4 37 42 (467 -786 -300 ) (467 -786 -90 ) (467 -436 -90 ) (467 -436 -300 ) 
4 37 38 (467 -436 -90 ) (467 0 -90 ) (467 0 -339 ) (467 -436 -339 ) 
4 38 55 (467 -366 -339 ) (467 -436 -339 ) (437 -436 -339 ) (437 -366 -339 ) 
4 38 51 (437 0 -339 ) (467 0 -339 ) (467 -366 -339 ) (437 -366 -339 ) 
4 38 48 (437 -436 -339 ) (467 -436 -339 ) (467 -436 -300 ) (437 -436 -300 ) 
4 38 42 (467 -436 -300 ) (467 -436 -90 ) (437 -436 -90 ) (437 -436 -300 ) 
4 38 40 (437 -242 -339 ) (437 -282 -339 ) (437 -282 -90 ) (437 -242 -90 ) 
4 38 39 (437 0 -339 ) (437 -242 -339 ) (437 -242 -90 ) (437 0 -90 ) 
4 38 41 (437 -282 -339 ) (437 -436 -339 ) (437 -436 -90 ) (437 -282 -90 ) 
4 39 193 (0 0 -90 ) (0 0 -339 ) (0 -242 -339 ) (0 -242 -90 ) 
4 39 52 (0 -242 -339 ) (0 0 -339 ) (437 0 -339 ) (437 -242 -339 ) 
4 39 40 (0 -242 -339 ) (437 -242 -339 ) (437 -242 -90 ) (0 -242 -90 ) 
4 40 194 (0 -242 -339 ) (0 -282 -339 ) (0 -282 -90 ) (0 -242 -90 ) 
4 40 53 (0 -282 -339 ) (0 -242 -339 ) (437 -242 -339 ) (437 -282 -339 ) 
4 40 41 (0 -282 -339 ) (437 -282 -339 ) (437 -282 -90 ) (0 -282 -90 ) 
4 41 195 (0 -282 -339 ) (0 -436 -339 ) (0 -436 -90 ) (0 -282 -90 ) 
4 41 56 (25 -366 -339 ) (288 -366 -339 ) (288 -436 -339 ) (25 -436 -339 ) 
4 41 55 (288 -366 -339 ) (437 -366 -339 ) (437 -436 -339 ) (288 -436 -339 ) 
4 41 57 (0 -436 -339 ) (0 -366 -339 ) (25 -366 -339 ) (25 -436 -339 ) 
4 41 54 (0 -366 -339 ) (0 -282 -339 ) (437 -282 -339 ) (437 -366 -339 ) 
4 41 50 (0 -436 -339 ) (25 -436 -339 ) (25 -436 -300 ) (0 -436 -300 ) 
4 41 48 (288 -436 -339 ) (437 -436 -339 ) (437 -436 -300 ) (288 -436 -300 ) 
4 41 43 (391.288025 -436 -90 ) (293 -436 -90 ) (293 -436 -300 ) (391.288025 -436 -300 ) 
4 41 42 (437 -436 -300 ) (437 -436 -90 ) (391.288025 -436 -90 ) (391.288025 -436 -300 ) 
4 41 47 (293 -436 -90 ) (0 -436 -90 ) (0 -436 -300 ) (293 -436 -300 ) 
4 42 60 (467 -786 -300 ) (467 -786 -90 ) (391.288025 -786 -90 ) (391.288025 -786 -300 ) 
4 42 48 (467 -786 -300 ) (391.288025 -786 -300 ) (391.288025 -436 -300 ) (467 -436 -300 ) 
4 42 44 (391.288025 -683 -196 ) (391.288025 -683 -90 ) (391.288025 -539 -90 ) (391.288025 -539 -196 ) 
4 42 45 (391.288025 -539 -300 ) (391.288025 -683 -300 ) (391.288025 -683 -216 ) (391.288025 -539 -216 ) 
4 42 43 (391.288025 -436 -90 ) (391.288025 -436 -300 ) (391.288025 -539 -300 ) (391.288025 -539 -90 ) 
4 42 46 (391.288025 -683 -300 ) (391.288025 -786 -300 ) (391.288025 -786 -90 ) (391.288025 -683 -90 ) 
4 43 48 (293 -539 -300 ) (293 -436 -300 ) (391.288025 -436 -300 ) (391.288025 -539 -300 ) 
4 43 44 (293 -539 -90 ) (293 -539 -196 ) (391.288025 -539 -196 ) (391.288025 -539 -90 ) 
4 43 45 (293 -539 -216 ) (293 -539 -300 ) (391.288025 -539 -300 ) (391.288025 -539 -216 ) 
4 43 47 (293 -436 -90 ) (293 -436 -300 ) (293 -539 -300 ) (293 -539 -90 ) 
4 44 46 (293 -683 -90 ) (293 -683 -196 ) (391.288025 -683 -196 ) (391.288025 -683 -90 ) 
4 44 47 (293 -683 -196 ) (293 -683 -90 ) (293 -539 -90 ) (293 -539 -196 ) 
4 45 48 (293 -683 -300 ) (293 -539 -300 ) (391.288025 -539 -300 ) (391.288025 -683 -300 ) 
4 45 47 (293 -539 -300 ) (293 -683 -300 ) (293 -683 -216 ) (293 -539 -216 ) 
4 45 46 (293 -683 -216 ) (293 -683 -300 ) (391.288025 -683 -300 ) (391.288025 -683 -216 ) 
4 46 60 (391.288025 -786 -90 ) (293 -786 -90 ) (293 -786 -300 ) (391.288025 -786 -300 ) 
4 46 48 (391.288025 -786 -300 ) (293 -786 -300 ) (293 -683 -300 ) (391.288025 -683 -300 ) 
4 46 47 (293 -683 -300 ) (293 -786 -300 ) (293 -786 -90 ) (293 -683 -90 ) 
4 47 205 (0 -786 -300 ) (0 -786 -90 ) (0 -683 -90 ) (0 -683 -300 ) 
4 47 202 (0 -683 -90 ) (0 -539 -90 ) (0 -539 -196 ) (0 -683 -196 ) 
4 47 203 (0 -539 -216 ) (0 -539 -300 ) (0 -683 -300 ) (0 -683 -216 ) 
4 47 197 (0 -539 -90 ) (0 -497 -90 ) (0 -497 -300 ) (0 -539 -300 ) 
4 47 195 (0 -497 -90 ) (0 -436 -90 ) (0 -436 -300 ) (0 -497 -300 ) 
4 47 61 (237 -786 -90 ) (79 -786 -90 ) (79 -786 -300 ) (237 -786 -300 ) 
4 47 60 (293 -786 -90 ) (237 -786 -90 ) (237 -786 -300 ) (293 -786 -300 ) 
4 47 63 (79 -786 -90 ) (0 -786 -90 ) (0 -786 -300 ) (79 -786 -300 ) 
4 47 50 (25 -786 -300 ) (0 -786 -300 ) (0 -436 -300 ) (25 -436 -300 ) 
4 47 49 (120 -659 -300 ) (120 -567 -300 ) (194 -567 -300 ) (194 -659 -300 ) 
4 47 48 (293 -786 -300 ) (288 -786 -300 ) (288 -436 -300 ) (293 -436 -300 ) 
4 48 60 (467 -786 -339 ) (467 -786 -300 ) (288 -786 -300 ) (288 -786 -339 ) 
4 48 55 (467 -786 -339 ) (288 -786 -339 ) (288 -436 -339 ) (467 -436 -339 ) 
4 50 205 (0 -683 -339 ) (0 -786 -339 ) (0 -786 -300 ) (0 -683 -300 ) 
4 50 203 (0 -539 -339 ) (0 -683 -339 ) (0 -683 -300 ) (0 -539 -300 ) 
4 50 197 (0 -497 -339 ) (0 -539 -339 ) (0 -539 -300 ) (0 -497 -300 ) 
4 50 195 (0 -436 -339 ) (0 -497 -339 ) (0 -497 -300 ) (0 -436 -300 ) 
4 50 63 (25 -786 -300 ) (0 -786 -300 ) (0 -786 -339 ) (25 -786 -339 ) 
4 50 57 (25 -786 -339 ) (0 -786 -339 ) (0 -436 -339 ) (25 -436 -339 ) 
4 51 68 (437 0 -501 ) (467 0 -501 ) (467 -366 -501 ) (437 -366 -501 ) 
4 51 58 (437 -366 -501 ) (467 -366 -501 ) (467 -366 -492 ) (437 -366 -492 ) 
4 51 55 (467 -366 -492 ) (467 -366 -339 ) (437 -366 -339 ) (437 -366 -492 ) 
4 51 53 (437 -242 -501 ) (437 -282 -501 ) (437 -282 -339 ) (437 -242 -339 ) 
4 51 52 (437 0 -501 ) (437 -242 -501 ) (437 -242 -339 ) (437 0 -339 ) 
4 51 54 (437 -282 -501 ) (437 -366 -501 ) (437 -366 -339 ) (437 -282 -339 ) 
4 52 193 (0 0 -339 ) (0 0 -501 ) (0 -242 -501 ) (0 -242 -339 ) 
4 52 68 (0 0 -501 ) (437 0 -501 ) (437 -242 -501 ) (0 -242 -501 ) 
4 52 53 (0 -242 -501 ) (437 -242 -501 ) (437 -242 -339 ) (0 -242 -339 ) 
4 53 194 (0 -242 -501 ) (0 -282 -501 ) (0 -282 -339 ) (0 -242 -339 ) 
4 53 68 (437 -242 -501 ) (437 -282 -501 ) (0 -282 -501 ) (0 -242 -501 ) 
4 53 54 (0 -282 -501 ) (437 -282 -501 ) (437 -282 -339 ) (0 -282 -339 ) 
4 54 195 (0 -282 -501 ) (0 -366 -501 ) (0 -366 -339 ) (0 -282 -339 ) 
4 54 68 (437 -282 -501 ) (437 -366 -501 ) (0 -366 -501 ) (0 -282 -501 ) 
4 54 58 (237 -366 -501 ) (437 -366 -501 ) (437 -366 -492 ) (237 -366 -492 ) 
4 54 59 (0 -366 -501 ) (79 -366 -501 ) (79 -366 -492 ) (0 -366 -492 ) 
4 54 56 (288 -366 -339 ) (25 -366 -339 ) (25 -366 -492 ) (288 -366 -492 ) 
4 54 55 (437 -366 -492 ) (437 -366 -339 ) (288 -366 -339 ) (288 -366 -492 ) 
4 54 57 (25 -366 -339 ) (0 -366 -339 ) (0 -366 -492 ) (25 -366 -492 ) 
4 55 60 (467 -786 -492 ) (467 -786 -339 ) (288 -786 -339 ) (288 -786 -492 ) 
4 55 58 (467 -786 -492 ) (288 -786 -492 ) (288 -366 -492 ) (467 -366 -492 ) 
4 55 56 (288 -366 -339 ) (288 -366 -492 ) (288 -436 -492 ) (288 -436 -339 ) 
4 56 58 (237 -366 -492 ) (288 -366 -492 ) (288 -436 -492 ) (237 -436 -492 ) 
4 56 59 (25 -436 -492 ) (25 -366 -492 ) (79 -366 -492 ) (79 -436 -492 ) 
4 56 57 (25 -366 -339 ) (25 -366 -492 ) (25 -436 -492 ) (25 -436 -339 ) 
4 57 205 (0 -786 -492 ) (0 -786 -339 ) (0 -683 -339 ) (0 -683 -492 ) 
4 57 203 (0 -683 -339 ) (0 -539 -339 ) (0 -539 -492 ) (0 -683 -492 ) 
4 57 197 (0 -539 -339 ) (0 -497 -339 ) (0 -497 -492 ) (0 -539 -492 ) 
4 57 195 (0 -497 -339 ) (0 -366 -339 ) (0 -366 -492 ) (0 -497 -492 ) 
4 57 63 (25 -786 -339 ) (0 -786 -339 ) (0 -786 -492 ) (25 -786 -492 ) 
4 57 59 (25 -786 -492 ) (0 -786 -492 ) (0 -366 -492 ) (25 -366 -492 ) 
4 58 68 (467 -366 -501 ) (467 -786 -501 ) (237 -786 -501 ) (237 -366 -501 ) 
4 58 60 (237 -786 -501 ) (467 -786 -501 ) (467 -786 -492 ) (237 -786 -492 ) 
4 59 205 (0 -683 -501 ) (0 -786 -501 ) (0 -786 -492 ) (0 -683 -492 ) 
4 59 203 (0 -539 -501 ) (0 -683 -501 ) (0 -683 -492 ) (0 -539 -492 ) 
4 59 197 (0 -497 -501 ) (0 -539 -501 ) (0 -539 -492 ) (0 -497 -492 ) 
4 59 195 (0 -366 -501 ) (0 -497 -501 ) (0 -497 -492 ) (0 -366 -492 ) 
4 59 68 (79 -786 -501 ) (0 -786 -501 ) (0 -366 -501 ) (79 -366 -501 ) 
4 59 63 (0 -786 -501 ) (79 -786 -501 ) (79 -786 -492 ) (0 -786 -492 ) 
4 60 68 (467 -786 -501 ) (467 -968 -501 ) (237 -968 -501 ) (237 -786 -501 ) 
4 60 65 (237 -968 -501 ) (443 -968 -501 ) (443 -968 -90 ) (237 -968 -90 ) 
4 60 64 (443 -968 -501 ) (467 -968 -501 ) (467 -968 -90 ) (443 -968 -90 ) 
4 60 61 (237 -786 -90 ) (237 -786 -492 ) (237 -860 -492 ) (237 -860 -90 ) 
4 60 62 (237 -860 -501 ) (237 -968 -501 ) (237 -968 -90 ) (237 -860 -90 ) 
4 61 62 (79 -860 -90 ) (79 -860 -492 ) (237 -860 -492 ) (237 -860 -90 ) 
4 61 63 (79 -786 -90 ) (79 -786 -492 ) (79 -860 -492 ) (79 -860 -90 ) 
4 62 68 (237 -968 -501 ) (79 -968 -501 ) (79 -860 -501 ) (237 -860 -501 ) 
4 62 65 (79 -968 -501 ) (237 -968 -501 ) (237 -968 -90 ) (79 -968 -90 ) 
4 62 63 (79 -860 -501 ) (79 -968 -501 ) (79 -968 -90 ) (79 -860 -90 ) 
4 63 205 (0 -786 -501 ) (0 -968 -501 ) (0 -968 -90 ) (0 -786 -90 ) 
4 63 68 (79 -968 -501 ) (0 -968 -501 ) (0 -786 -501 ) (79 -786 -501 ) 
4 63 65 (0 -968 -501 ) (79 -968 -501 ) (79 -968 -90 ) (0 -968 -90 ) 
4 64 272 (443 -1024 -501 ) (467 -1024 -501 ) (467 -1024 -90 ) (443 -1024 -90 ) 
4 64 68 (467 -968 -501 ) (467 -1024 -501 ) (443 -1024 -501 ) (443 -968 -501 ) 
4 64 66 (443 -991 -501 ) (443 -1024 -501 ) (443 -1024 -90 ) (443 -991 -90 ) 
4 64 65 (443 -968 -90 ) (443 -968 -501 ) (443 -991 -501 ) (443 -991 -90 ) 
4 65 206 (0 -968 -501 ) (0 -991 -501 ) (0 -991 -90 ) (0 -968 -90 ) 
4 65 68 (0 -991 -501 ) (0 -968 -501 ) (443 -968 -501 ) (443 -991 -501 ) 
4 65 66 (0 -991 -501 ) (443 -991 -501 ) (443 -991 -90 ) (0 -991 -90 ) 
4 66 272 (0 -1024 -90 ) (0 -1024 -501 ) (443 -1024 -501 ) (443 -1024 -90 ) 
4 66 207 (0 -991 -501 ) (0 -1024 -501 ) (0 -1024 -90 ) (0 -991 -90 ) 
4 66 68 (443 -1024 -501 ) (0 -1024 -501 ) (0 -991 -501 ) (443 -991 -501 ) 
4 67 268 (959 -1024 -512 ) (960 -1024 -512 ) (960 -1024 -501 ) (959 -1024 -501 ) 
4 67 68 (959 0 -512 ) (959 -1024 -512 ) (959 -1024 -501 ) (959 0 -501 ) 
4 68 271 (467 -1024 -512 ) (506 -1024 -512 ) (506 -1024 -501 ) (467 -1024 -501 ) 
4 68 272 (0 -1024 -501 ) (0 -1024 -512 ) (467 -1024 -512 ) (467 -1024 -501 ) 
4 68 269 (506 -1024 -512 ) (959 -1024 -512 ) (959 -1024 -501 ) (506 -1024 -501 ) 
4 68 212 (0 -723 -512 ) (0 -1024 -512 ) (0 -1024 -501 ) (0 -723 -501 ) 
4 68 211 (0 0 -501 ) (0 0 -512 ) (0 -723 -512 ) (0 -723 -501 ) 
4 68 77 (118 0 -512 ) (196 0 -512 ) (196 -136 -512 ) (118 -136 -512 ) 
4 68 76 (666 -683 -512 ) (666 -691 -512 ) (576 -691 -512 ) (576 -683 -512 ) 
4 68 69 (666 -602 -512 ) (666 -683 -512 ) (576 -683 -512 ) (576 -602 -512 ) 
4 69 76 (576 -683 -512 ) (576 -683 -514 ) (666 -683 -514 ) (666 -683 -512 ) 
4 69 74 (576 -674 -514 ) (576 -620 -514 ) (577 -620 -514 ) (577 -674 -514 ) 
4 69 73 (576 -620 -514 ) (576 -602 -514 ) (577 -602 -514 ) (577 -620 -514 ) 
4 69 75 (577 -683 -514 ) (576 -683 -514 ) (576 -674 -514 ) (577 -674 -514 ) 
4 69 72 (664 -683 -514 ) (577 -683 -514 ) (577 -602 -514 ) (664 -602 -514 ) 
4 69 71 (666 -683 -514 ) (664 -683 -514 ) (664 -612 -514 ) (666 -612 -514 ) 
4 69 70 (664 -612 -514 ) (664 -602 -514 ) (666 -602 -514 ) (666 -612 -514 ) 
4 70 78 (664 -602 -540 ) (666 -602 -540 ) (666 -612 -540 ) (664 -612 -540 ) 
4 70 72 (664 -612 -514 ) (664 -602 -514 ) (664 -602 -540 ) (664 -612 -540 ) 
4 70 71 (664 -612 -514 ) (664 -612 -540 ) (666 -612 -540 ) (666 -612 -514 ) 
4 71 79 (666 -612 -540 ) (666 -683 -540 ) (664 -683 -540 ) (664 -612 -540 ) 
4 71 76 (664 -683 -540 ) (666 -683 -540 ) (666 -683 -514 ) (664 -683 -514 ) 
4 71 72 (664 -683 -540 ) (664 -683 -514 ) (664 -612 -514 ) (664 -612 -540 ) 
4 72 80 (577 -602 -540 ) (664 -602 -540 ) (664 -683 -540 ) (577 -683 -540 ) 
4 72 76 (577 -683 -540 ) (664 -683 -540 ) (664 -683 -514 ) (577 -683 -514 ) 
4 72 74 (577 -674 -514 ) (577 -620 -514 ) (577 -620 -540 ) (577 -674 -540 ) 
4 72 73 (577 -620 -514 ) (577 -602 -514 ) (577 -602 -540 ) (577 -620 -540 ) 
4 72 75 (577 -683 -540 ) (577 -683 -514 ) (577 -674 -514 ) (577 -674 -540 ) 
4 73 81 (576 -620 -540 ) (576 -602 -540 ) (577 -602 -540 ) (577 -620 -540 ) 
4 73 74 (577 -620 -540 ) (577 -620 -514 ) (576 -620 -514 ) (576 -620 -540 ) 
4 74 82 (576 -674 -540 ) (576 -620 -540 ) (577 -620 -540 ) (577 -674 -540 ) 
4 74 75 (577 -674 -540 ) (577 -674 -514 ) (576 -674 -514 ) (576 -674 -540 ) 
4 75 83 (576 -683 -540 ) (576 -674 -540 ) (577 -674 -540 ) (577 -683 -540 ) 
4 75 76 (576 -683 -514 ) (576 -683 -540 ) (577 -683 -540 ) (577 -683 -514 ) 
4 76 84 (576 -691 -540 ) (576 -683 -540 ) (666 -683 -540 ) (666 -691 -540 ) 
4 77 86 (118 -136 -540 ) (118 0 -540 ) (196 0 -540 ) (196 -136 -540 ) 
4 78 90 (666 -602 -544 ) (666 -612 -544 ) (664 -612 -544 ) (664 -602 -544 ) 
4 78 80 (664 -602 -540 ) (664 -602 -544 ) (664 -612 -544 ) (664 -612 -540 ) 
4 78 79 (664 -612 -540 ) (664 -612 -544 ) (666 -612 -544 ) (666 -612 -540 ) 
4 79 91 (666 -612 -544 ) (666 -683 -544 ) (664 -683 -544 ) (664 -612 -544 ) 
4 79 84 (664 -683 -544 ) (666 -683 -544 ) (666 -683 -540 ) (664 -683 -540 ) 
4 79 80 (664 -612 -544 ) (664 -683 -544 ) (664 -683 -540 ) (664 -612 -540 ) 
4 80 93 (664 -683 -544 ) (577 -683 -544 ) (577 -602 -544 ) (664 -602 -544 ) 
4 80 84 (577 -683 -544 ) (664 -683 -544 ) (664 -683 -540 ) (577 -683 -540 ) 
4 80 82 (577 -620 -544 ) (577 -674 -544 ) (577 -674 -540 ) (577 -620 -540 ) 
4 80 81 (577 -602 -540 ) (577 -602 -544 ) (577 -620 -544 ) (577 -620 -540 ) 
4 80 83 (577 -674 -544 ) (577 -683 -544 ) (577 -683 -540 ) (577 -674 -540 ) 
4 81 94 (576 -620 -544 ) (576 -602 -544 ) (577 -602 -544 ) (577 -620 -544 ) 
4 81 82 (576 -620 -540 ) (576 -620 -544 ) (577 -620 -544 ) (577 -620 -540 ) 
4 82 95 (576 -674 -544 ) (576 -620 -544 ) (577 -620 -544 ) (577 -674 -544 ) 
4 82 83 (576 -674 -540 ) (576 -674 -544 ) (577 -674 -544 ) (577 -674 -540 ) 
4 83 97 (577 -683 -544 ) (576 -683 -544 ) (576 -674 -544 ) (577 -674 -544 ) 
4 83 84 (576 -683 -540 ) (576 -683 -544 ) (577 -683 -544 ) (577 -683 -540 ) 
4 84 97 (577 -691 -544 ) (576 -691 -544 ) (576 -683 -544 ) (577 -683 -544 ) 
4 84 93 (664 -691 -544 ) (577 -691 -544 ) (577 -683 -544 ) (664 -683 -544 ) 
4 84 92 (666 -683 -544 ) (666 -691 -544 ) (664 -691 -544 ) (664 -683 -544 ) 
4 85 99 (422 -722 -544 ) (422 -723 -544 ) (395 -723 -544 ) (395 -722 -544 ) 
4 86 87 (118 0 -544 ) (196 0 -544 ) (196 -136 -544 ) (118 -136 -544 ) 
4 87 88 (118 -136 -557.333374 ) (118 0 -557.333374 ) (196 0 -557.333374 ) (196 -136 -557.333374 ) 
4 88 152 (196 -325.351288 -757 ) (196 -364 -757 ) (118 -364 -757 ) (118 -325.351318 -757 ) 
4 88 109 (118 -364 -757 ) (196 -364 -757 ) (196 -364 -582 ) (118 -364 -582 ) 
4 88 101 (196 -364 -582 ) (196 -364 -557.333374 ) (118 -364 -557.333374 ) (118 -364 -582 ) 
4 89 109 (81 -364 -672 ) (38 -364 -672 ) (38 -364 -730 ) (81 -364 -730 ) 
4 90 148 (664 -571 -757 ) (666 -571 -757 ) (666 -612 -757 ) (664 -612 -757 ) 
4 90 93 (664 -571 -544 ) (664 -571 -757 ) (664 -612 -757 ) (664 -612 -544 ) 
4 90 91 (664 -612 -544 ) (664 -612 -757 ) (666 -612 -757 ) (666 -612 -544 ) 
4 91 149 (666 -612 -757 ) (666 -683 -757 ) (664 -683 -757 ) (664 -612 -757 ) 
4 91 93 (664 -612 -757 ) (664 -683 -757 ) (664 -683 -544 ) (664 -612 -544 ) 
4 91 92 (664 -683 -544 ) (664 -683 -757 ) (666 -683 -757 ) (666 -683 -544 ) 
4 92 150 (666 -683 -757 ) (666 -723 -757 ) (664 -723 -757 ) (664 -683 -757 ) 
4 92 93 (664 -683 -757 ) (664 -723 -757 ) (664 -723 -544 ) (664 -683 -544 ) 
4 93 151 (577 -571 -757 ) (664 -571 -757 ) (664 -723 -757 ) (577 -723 -757 ) 
4 93 96 (577 -620 -757 ) (577 -674 -757 ) (577 -674 -558 ) (577 -620 -558 ) 
4 93 95 (577 -674 -558 ) (577 -674 -544 ) (577 -620 -544 ) (577 -620 -558 ) 
4 93 94 (577 -571 -544 ) (577 -571 -757 ) (577 -620 -757 ) (577 -620 -544 ) 
4 93 97 (577 -674 -757 ) (577 -723 -757 ) (577 -723 -544 ) (577 -674 -544 ) 
4 94 151 (576 -571 -757 ) (577 -571 -757 ) (577 -620 -757 ) (576 -620 -757 ) 
4 94 98 (576 -571 -557 ) (576 -571 -757 ) (576 -620 -757 ) (576 -620 -557 ) 
4 94 96 (576 -620 -558 ) (576 -620 -757 ) (577 -620 -757 ) (577 -620 -558 ) 
4 94 95 (576 -620 -544 ) (576 -620 -558 ) (577 -620 -558 ) (577 -620 -544 ) 
4 95 98 (576 -674 -558 ) (576 -674 -557 ) (576 -620 -557 ) (576 -620 -558 ) 
4 95 97 (576 -674 -544 ) (576 -674 -558 ) (577 -674 -558 ) (577 -674 -544 ) 
4 95 96 (577 -674 -558 ) (576 -674 -558 ) (576 -620 -558 ) (577 -620 -558 ) 
4 96 151 (577 -620 -757 ) (577 -674 -757 ) (576 -674 -757 ) (576 -620 -757 ) 
4 96 98 (576 -620 -757 ) (576 -674 -757 ) (576 -674 -558 ) (576 -620 -558 ) 
4 96 97 (576 -674 -558 ) (576 -674 -757 ) (577 -674 -757 ) (577 -674 -558 ) 
4 97 151 (577 -674 -757 ) (577 -723 -757 ) (576 -723 -757 ) (576 -674 -757 ) 
4 97 98 (576 -674 -757 ) (576 -722 -757 ) (576 -722 -557 ) (576 -674 -557 ) 
4 97 99 (576 -722 -757 ) (576 -723 -757 ) (576 -723 -544 ) (576 -722 -544 ) 
4 98 151 (395 -722 -757 ) (395 -571 -757 ) (576 -571 -757 ) (576 -722 -757 ) 
4 98 119 (395 -571 -757 ) (395 -722 -757 ) (395 -722 -582 ) (395 -571 -582 ) 
4 98 100 (395 -722 -582 ) (395 -722 -557 ) (395 -571 -557 ) (395 -571 -582 ) 
4 98 99 (395 -722 -557 ) (395 -722 -757 ) (576 -722 -757 ) (576 -722 -557 ) 
4 99 151 (395 -723 -757 ) (395 -722 -757 ) (576 -722 -757 ) (576 -723 -757 ) 
4 99 119 (395 -722 -757 ) (395 -723 -757 ) (395 -723 -582 ) (395 -722 -582 ) 
4 99 100 (395 -723 -582 ) (395 -723 -557 ) (395 -722 -557 ) (395 -722 -582 ) 
4 100 141 (395 -930 -582 ) (375 -930 -582 ) (375 -929 -582 ) (395 -929 -582 ) 
4 100 140 (375 -929 -582 ) (375 -871 -582 ) (395 -871 -582 ) (395 -929 -582 ) 
4 100 136 (375 -871 -582 ) (375 -868 -582 ) (378 -868 -582 ) (378 -871 -582 ) 
4 100 135 (375 -868 -582 ) (375 -837 -582 ) (378 -837 -582 ) (378 -868 -582 ) 
4 100 134 (378 -837 -582 ) (395 -837 -582 ) (395 -871 -582 ) (378 -871 -582 ) 
4 100 129 (375 -837 -582 ) (375 -794 -582 ) (378 -794 -582 ) (378 -837 -582 ) 
4 100 128 (378 -794 -582 ) (395 -794 -582 ) (395 -837 -582 ) (378 -837 -582 ) 
4 100 120 (375 -794 -582 ) (375 -462 -582 ) (378 -462 -582 ) (378 -794 -582 ) 
4 100 119 (378 -462 -582 ) (395 -462 -582 ) (395 -794 -582 ) (378 -794 -582 ) 
4 100 114 (375 -462 -582 ) (375 -387 -582 ) (378 -387 -582 ) (378 -462 -582 ) 
4 100 113 (378 -387 -582 ) (395 -387 -582 ) (395 -462 -582 ) (378 -462 -582 ) 
4 100 106 (375 -365 -582 ) (375 -364 -582 ) (395 -364 -582 ) (395 -365 -582 ) 
4 100 112 (375 -387 -582 ) (375 -365 -582 ) (395 -365 -582 ) (395 -387 -582 ) 
4 100 103 (375 -833 -574 ) (375 -833 -560 ) (375 -384 -560 ) (375 -384 -574 ) 
4 100 102 (375 -833 -560 ) (375 -833 -557 ) (375 -384 -557 ) (375 -384 -560 ) 
4 100 104 (375 -384 -582 ) (375 -833 -582 ) (375 -833 -574 ) (375 -384 -574 ) 
4 100 101 (375 -364 -582 ) (375 -384 -582 ) (375 -384 -557 ) (375 -364 -557 ) 
4 100 105 (375 -833 -582 ) (375 -930 -582 ) (375 -930 -557 ) (375 -833 -557 ) 
4 101 226 (0 -365 -557 ) (0 -364 -557 ) (0 -364 -582 ) (0 -365 -582 ) 
4 101 228 (0 -384 -557 ) (0 -365 -557 ) (0 -365 -582 ) (0 -384 -582 ) 
4 101 110 (0 -365 -582 ) (0 -364 -582 ) (29 -364 -582 ) (29 -365 -582 ) 
4 101 107 (269 -364 -582 ) (334 -364 -582 ) (334 -365 -582 ) (269 -365 -582 ) 
4 101 106 (334 -364 -582 ) (375 -364 -582 ) (375 -365 -582 ) (334 -365 -582 ) 
4 101 109 (29 -364 -582 ) (269 -364 -582 ) (269 -365 -582 ) (29 -365 -582 ) 
4 101 112 (0 -384 -582 ) (0 -365 -582 ) (375 -365 -582 ) (375 -384 -582 ) 
4 101 103 (375 -384 -574 ) (375 -384 -560 ) (0 -384 -560 ) (0 -384 -574 ) 
4 101 102 (375 -384 -560 ) (375 -384 -557 ) (0 -384 -557 ) (0 -384 -560 ) 
4 101 104 (0 -384 -582 ) (375 -384 -582 ) (375 -384 -574 ) (0 -384 -574 ) 
4 102 230 (0 -833 -557 ) (0 -384 -557 ) (0 -384 -560 ) (0 -833 -560 ) 
4 102 105 (375 -833 -560 ) (375 -833 -557 ) (0 -833 -557 ) (0 -833 -560 ) 
4 102 103 (375 -833 -560 ) (0 -833 -560 ) (0 -384 -560 ) (375 -384 -560 ) 
4 103 231 (0 -384 -560 ) (0 -384 -574 ) (0 -833 -574 ) (0 -833 -560 ) 
4 103 104 (375 -833 -574 ) (0 -833 -574 ) (0 -384 -574 ) (375 -384 -574 ) 
4 103 105 (375 -833 -574 ) (375 -833 -560 ) (0 -833 -560 ) (0 -833 -574 ) 
4 104 232 (0 -384 -574 ) (0 -384 -582 ) (0 -833 -582 ) (0 -833 -574 ) 
4 104 131 (0 -833 -582 ) (0 -794 -582 ) (296 -794 -582 ) (296 -833 -582 ) 
4 104 129 (344 -794 -582 ) (375 -794 -582 ) (375 -833 -582 ) (344 -833 -582 ) 
4 104 130 (296 -794 -582 ) (344 -794 -582 ) (344 -833 -582 ) (296 -833 -582 ) 
4 104 122 (0 -505 -582 ) (0 -462 -582 ) (296 -462 -582 ) (296 -505 -582 ) 
4 104 125 (0 -794 -582 ) (0 -505 -582 ) (296 -505 -582 ) (296 -794 -582 ) 
4 104 120 (344 -462 -582 ) (375 -462 -582 ) (375 -794 -582 ) (344 -794 -582 ) 
4 104 121 (296 -462 -582 ) (344 -462 -582 ) (344 -794 -582 ) (296 -794 -582 ) 
4 104 117 (0 -414 -582 ) (0 -391 -582 ) (335 -391 -582 ) (335 -414 -582 ) 
4 104 116 (0 -391 -582 ) (0 -387 -582 ) (335 -387 -582 ) (335 -391 -582 ) 
4 104 118 (0 -462 -582 ) (0 -414 -582 ) (335 -414 -582 ) (335 -462 -582 ) 
4 104 114 (344 -387 -582 ) (375 -387 -582 ) (375 -462 -582 ) (344 -462 -582 ) 
4 104 115 (335 -387 -582 ) (344 -387 -582 ) (344 -462 -582 ) (335 -462 -582 ) 
4 104 112 (0 -387 -582 ) (0 -384 -582 ) (375 -384 -582 ) (375 -387 -582 ) 
4 104 105 (0 -833 -582 ) (375 -833 -582 ) (375 -833 -574 ) (0 -833 -574 ) 
4 105 233 (0 -930 -582 ) (0 -930 -557 ) (0 -833 -557 ) (0 -833 -582 ) 
4 105 147 (196 -930 -557 ) (118 -930 -557 ) (118 -930 -582 ) (196 -930 -582 ) 
4 105 145 (62 -930 -582 ) (0 -930 -582 ) (0 -929 -582 ) (62 -929 -582 ) 
4 105 144 (269 -930 -582 ) (62 -930 -582 ) (62 -929 -582 ) (269 -929 -582 ) 
4 105 142 (333 -930 -582 ) (269 -930 -582 ) (269 -929 -582 ) (333 -929 -582 ) 
4 105 141 (375 -930 -582 ) (333 -930 -582 ) (333 -929 -582 ) (375 -929 -582 ) 
4 105 140 (0 -929 -582 ) (0 -871 -582 ) (375 -871 -582 ) (375 -929 -582 ) 
4 105 139 (0 -871 -582 ) (0 -844 -582 ) (338 -844 -582 ) (338 -871 -582 ) 
4 105 138 (0 -844 -582 ) (0 -837 -582 ) (338 -837 -582 ) (338 -844 -582 ) 
4 105 136 (375 -868 -582 ) (375 -871 -582 ) (344 -871 -582 ) (344 -868 -582 ) 
4 105 135 (344 -837 -582 ) (375 -837 -582 ) (375 -868 -582 ) (344 -868 -582 ) 
4 105 137 (338 -837 -582 ) (344 -837 -582 ) (344 -871 -582 ) (338 -871 -582 ) 
4 105 131 (0 -837 -582 ) (0 -833 -582 ) (296 -833 -582 ) (296 -837 -582 ) 
4 105 129 (344 -833 -582 ) (375 -833 -582 ) (375 -837 -582 ) (344 -837 -582 ) 
4 105 130 (296 -833 -582 ) (344 -833 -582 ) (344 -837 -582 ) (296 -837 -582 ) 
4 106 153 (334 -364 -757 ) (395 -364 -757 ) (395 -365 -757 ) (334 -365 -757 ) 
4 106 108 (334 -365 -757 ) (334 -365 -652 ) (334 -364 -652 ) (334 -364 -757 ) 
4 106 107 (334 -365 -652 ) (334 -365 -582 ) (334 -364 -582 ) (334 -364 -652 ) 
4 106 112 (334 -365 -757 ) (395 -365 -757 ) (395 -365 -582 ) (334 -365 -582 ) 
4 107 112 (334 -365 -652 ) (334 -365 -582 ) (269 -365 -582 ) (269 -365 -652 ) 
4 107 109 (269 -365 -652 ) (269 -365 -582 ) (269 -364 -582 ) (269 -364 -652 ) 
4 107 108 (269 -365 -652 ) (269 -364 -652 ) (334 -364 -652 ) (334 -365 -652 ) 
4 108 154 (269 -364 -757 ) (334 -364 -757 ) (334 -365 -757 ) (269 -365 -757 ) 
4 108 112 (269 -365 -757 ) (334 -365 -757 ) (334 -365 -652 ) (269 -365 -652 ) 
4 108 109 (269 -365 -757 ) (269 -365 -652 ) (269 -364 -652 ) (269 -364 -757 ) 
4 109 155 (29 -364 -757 ) (269 -364 -757 ) (269 -365 -757 ) (29 -365 -757 ) 
4 109 111 (29 -365 -757 ) (29 -365 -657.744019 ) (29 -364 -657.744019 ) (29 -364 -757 ) 
4 109 110 (29 -365 -657.744019 ) (29 -365 -582 ) (29 -364 -582 ) (29 -364 -657.744019 ) 
4 109 112 (29 -365 -757 ) (269 -365 -757 ) (269 -365 -582 ) (29 -365 -582 ) 
4 110 226 (0 -365 -657.744019 ) (0 -365 -582 ) (0 -364 -582 ) (0 -364 -657.744019 ) 
4 110 112 (29 -365 -657.744019 ) (29 -365 -582 ) (0 -365 -582 ) (0 -365 -657.744019 ) 
4 110 111 (0 -364 -657.744019 ) (29 -364 -657.744019 ) (29 -365 -657.744019 ) (0 -365 -657.744019 ) 
4 111 227 (0 -364 -757 ) (0 -365 -757 ) (0 -365 -657.744019 ) (0 -364 -657.744019 ) 
4 111 156 (0 -365 -757 ) (0 -364 -757 ) (29 -364 -757 ) (29 -365 -757 ) 
4 111 112 (0 -365 -757 ) (29 -365 -757 ) (29 -365 -657.744019 ) (0 -365 -657.744019 ) 
4 112 234 (0 -384 -757 ) (0 -387 -757 ) (0 -387 -582 ) (0 -384 -582 ) 
4 112 228 (0 -365 -757 ) (0 -384 -757 ) (0 -384 -582 ) (0 -365 -582 ) 
4 112 157 (0 -387 -757 ) (0 -365 -757 ) (395 -365 -757 ) (395 -387 -757 ) 
4 112 116 (0 -387 -757 ) (335 -387 -757 ) (335 -387 -582 ) (0 -387 -582 ) 
4 112 114 (344 -387 -757 ) (378 -387 -757 ) (378 -387 -582 ) (344 -387 -582 ) 
4 112 113 (378 -387 -757 ) (395 -387 -757 ) (395 -387 -582 ) (378 -387 -582 ) 
4 112 115 (335 -387 -757 ) (344 -387 -757 ) (344 -387 -582 ) (335 -387 -582 ) 
4 113 158 (378 -387 -757 ) (395 -387 -757 ) (395 -462 -757 ) (378 -462 -757 ) 
4 113 119 (378 -462 -757 ) (395 -462 -757 ) (395 -462 -582 ) (378 -462 -582 ) 
4 113 114 (378 -387 -582 ) (378 -387 -757 ) (378 -462 -757 ) (378 -462 -582 ) 
4 114 159 (344 -387 -757 ) (378 -387 -757 ) (378 -462 -757 ) (344 -462 -757 ) 
4 114 120 (344 -462 -757 ) (378 -462 -757 ) (378 -462 -582 ) (344 -462 -582 ) 
4 114 115 (344 -387 -582 ) (344 -387 -757 ) (344 -462 -757 ) (344 -462 -582 ) 
4 115 165 (344 -414 -757 ) (344 -462 -757 ) (335 -462 -757 ) (335 -414 -757 ) 
4 115 161 (335 -387 -757 ) (344 -387 -757 ) (344 -414 -757 ) (335 -414 -757 ) 
4 115 121 (335 -462 -757 ) (344 -462 -757 ) (344 -462 -582 ) (335 -462 -582 ) 
4 115 117 (335 -391 -757 ) (335 -414 -757 ) (335 -414 -582 ) (335 -391 -582 ) 
4 115 116 (335 -387 -582 ) (335 -387 -757 ) (335 -391 -757 ) (335 -391 -582 ) 
4 115 118 (335 -414 -757 ) (335 -462 -757 ) (335 -462 -582 ) (335 -414 -582 ) 
4 116 234 (0 -387 -757 ) (0 -391 -757 ) (0 -391 -582 ) (0 -387 -582 ) 
4 116 162 (0 -391 -757 ) (0 -387 -757 ) (335 -387 -757 ) (335 -391 -757 ) 
4 116 117 (0 -391 -757 ) (335 -391 -757 ) (335 -391 -582 ) (0 -391 -582 ) 
4 117 235 (0 -391 -757 ) (0 -414 -757 ) (0 -414 -582 ) (0 -391 -582 ) 
4 117 163 (0 -414 -757 ) (0 -391 -757 ) (335 -391 -757 ) (335 -414 -757 ) 
4 117 118 (0 -414 -757 ) (335 -414 -757 ) (335 -414 -582 ) (0 -414 -582 ) 
4 118 238 (0 -414 -757 ) (0 -462 -757 ) (0 -462 -582 ) (0 -414 -582 ) 
4 118 166 (17 -414 -757 ) (296 -414 -757 ) (296 -462 -757 ) (17 -462 -757 ) 
4 118 165 (296 -414 -757 ) (335 -414 -757 ) (335 -462 -757 ) (296 -462 -757 ) 
4 118 171 (0 -462 -757 ) (0 -414 -757 ) (17 -414 -757 ) (17 -462 -757 ) 
4 118 127 (0 -462 -757 ) (17 -462 -757 ) (17 -462 -718 ) (0 -462 -718 ) 
4 118 123 (257 -462 -666 ) (56 -462 -666 ) (56 -462 -718 ) (257 -462 -718 ) 
4 118 124 (17 -462 -666 ) (0 -462 -666 ) (0 -462 -718 ) (17 -462 -718 ) 
4 118 122 (296 -462 -666 ) (296 -462 -582 ) (0 -462 -582 ) (0 -462 -666 ) 
4 118 121 (296 -462 -757 ) (335 -462 -757 ) (335 -462 -582 ) (296 -462 -582 ) 
4 119 158 (378 -462 -757 ) (395 -462 -757 ) (395 -794 -757 ) (378 -794 -757 ) 
4 119 128 (378 -794 -757 ) (395 -794 -757 ) (395 -794 -582 ) (378 -794 -582 ) 
4 119 120 (378 -462 -582 ) (378 -462 -757 ) (378 -794 -757 ) (378 -794 -582 ) 
4 120 159 (344 -462 -757 ) (378 -462 -757 ) (378 -794 -757 ) (344 -794 -757 ) 
4 120 129 (344 -794 -757 ) (378 -794 -757 ) (378 -794 -582 ) (344 -794 -582 ) 
4 120 121 (344 -462 -582 ) (344 -462 -757 ) (344 -794 -757 ) (344 -794 -582 ) 
4 121 165 (296 -462 -757 ) (344 -462 -757 ) (344 -794 -757 ) (296 -794 -757 ) 
4 121 130 (296 -794 -757 ) (344 -794 -757 ) (344 -794 -582 ) (296 -794 -582 ) 
4 121 122 (296 -462 -582 ) (296 -462 -666 ) (296 -505 -666 ) (296 -505 -582 ) 
4 121 125 (296 -505 -718 ) (296 -794 -718 ) (296 -794 -582 ) (296 -505 -582 ) 
4 122 238 (0 -505 -582 ) (0 -462 -582 ) (0 -462 -666 ) (0 -505 -666 ) 
4 122 123 (257 -505 -666 ) (56 -505 -666 ) (56 -462 -666 ) (257 -462 -666 ) 
4 122 124 (17 -505 -666 ) (0 -505 -666 ) (0 -462 -666 ) (17 -462 -666 ) 
4 122 125 (296 -505 -666 ) (296 -505 -582 ) (0 -505 -582 ) (0 -505 -666 ) 
4 123 125 (56 -505 -718 ) (257 -505 -718 ) (257 -505 -666 ) (56 -505 -666 ) 
4 124 238 (0 -462 -666 ) (0 -462 -718 ) (0 -505 -718 ) (0 -505 -666 ) 
4 124 127 (0 -462 -718 ) (17 -462 -718 ) (17 -505 -718 ) (0 -505 -718 ) 
4 124 125 (0 -505 -718 ) (17 -505 -718 ) (17 -505 -666 ) (0 -505 -666 ) 
4 125 238 (0 -794 -718 ) (0 -794 -582 ) (0 -505 -582 ) (0 -505 -718 ) 
4 125 132 (257 -794 -666 ) (56 -794 -666 ) (56 -794 -718 ) (257 -794 -718 ) 
4 125 133 (17 -794 -666 ) (0 -794 -666 ) (0 -794 -718 ) (17 -794 -718 ) 
4 125 131 (296 -794 -666 ) (296 -794 -582 ) (0 -794 -582 ) (0 -794 -666 ) 
4 125 126 (257 -794 -718 ) (56 -794 -718 ) (56 -505 -718 ) (257 -505 -718 ) 
4 125 127 (17 -794 -718 ) (0 -794 -718 ) (0 -505 -718 ) (17 -505 -718 ) 
4 126 169 (257 -505 -757 ) (257 -794 -757 ) (56 -794 -757 ) (56 -505 -757 ) 
4 127 238 (0 -462 -757 ) (0 -794 -757 ) (0 -794 -718 ) (0 -462 -718 ) 
4 127 171 (0 -794 -757 ) (0 -462 -757 ) (17 -462 -757 ) (17 -794 -757 ) 
4 127 133 (0 -794 -757 ) (17 -794 -757 ) (17 -794 -718 ) (0 -794 -718 ) 
4 128 172 (378 -794 -757 ) (395 -794 -757 ) (395 -837 -757 ) (378 -837 -757 ) 
4 128 134 (378 -837 -757 ) (395 -837 -757 ) (395 -837 -582 ) (378 -837 -582 ) 
4 128 129 (378 -794 -582 ) (378 -794 -757 ) (378 -837 -757 ) (378 -837 -582 ) 
4 129 173 (344 -794 -757 ) (378 -794 -757 ) (378 -837 -757 ) (344 -837 -757 ) 
4 129 135 (344 -837 -757 ) (378 -837 -757 ) (378 -837 -582 ) (344 -837 -582 ) 
4 129 130 (344 -794 -582 ) (344 -794 -757 ) (344 -837 -757 ) (344 -837 -582 ) 
4 130 176 (296 -794 -757 ) (344 -794 -757 ) (344 -837 -757 ) (296 -837 -757 ) 
4 130 138 (296 -837 -757 ) (338 -837 -757 ) (338 -837 -582 ) (296 -837 -582 ) 
4 130 137 (338 -837 -757 ) (344 -837 -757 ) (344 -837 -582 ) (338 -837 -582 ) 
4 130 131 (296 -794 -582 ) (296 -794 -666 ) (296 -837 -666 ) (296 -837 -582 ) 
4 131 238 (0 -837 -666 ) (0 -837 -582 ) (0 -794 -582 ) (0 -794 -666 ) 
4 131 138 (296 -837 -666 ) (296 -837 -582 ) (0 -837 -582 ) (0 -837 -666 ) 
4 131 132 (56 -794 -666 ) (257 -794 -666 ) (257 -837 -666 ) (56 -837 -666 ) 
4 131 133 (0 -794 -666 ) (17 -794 -666 ) (17 -837 -666 ) (0 -837 -666 ) 
4 132 138 (257 -837 -666 ) (56 -837 -666 ) (56 -837 -718.070007 ) (257 -837 -718.070007 ) 
4 133 238 (0 -794 -757 ) (0 -837 -757 ) (0 -837 -666 ) (0 -794 -666 ) 
4 133 179 (0 -837 -757 ) (0 -794 -757 ) (17 -794 -757 ) (17 -837 -757 ) 
4 133 138 (0 -837 -757 ) (17 -837 -757 ) (17 -837 -666 ) (0 -837 -666 ) 
4 134 172 (378 -837 -757 ) (395 -837 -757 ) (395 -871 -757 ) (378 -871 -757 ) 
4 134 140 (378 -871 -757 ) (395 -871 -757 ) (395 -871 -582 ) (378 -871 -582 ) 
4 134 136 (378 -868 -757 ) (378 -871 -757 ) (378 -871 -582 ) (378 -868 -582 ) 
4 134 135 (378 -837 -582 ) (378 -837 -757 ) (378 -868 -757 ) (378 -868 -582 ) 
4 135 173 (344 -837 -757 ) (378 -837 -757 ) (378 -868 -757 ) (344 -868 -757 ) 
4 135 137 (344 -837 -582 ) (344 -837 -757 ) (344 -868 -757 ) (344 -868 -582 ) 
4 135 136 (344 -868 -582 ) (344 -868 -757 ) (378 -868 -757 ) (378 -868 -582 ) 
4 136 175 (378 -868 -757 ) (378 -871 -757 ) (344 -871 -757 ) (344 -868 -757 ) 
4 136 140 (344 -871 -757 ) (378 -871 -757 ) (378 -871 -582 ) (344 -871 -582 ) 
4 136 137 (344 -868 -757 ) (344 -871 -757 ) (344 -871 -582 ) (344 -868 -582 ) 
4 137 180 (344 -844 -757 ) (344 -871 -757 ) (338 -871 -757 ) (338 -844 -757 ) 
4 137 176 (338 -837 -757 ) (344 -837 -757 ) (344 -844 -757 ) (338 -844 -757 ) 
4 137 140 (338 -871 -757 ) (344 -871 -757 ) (344 -871 -582 ) (338 -871 -582 ) 
4 137 139 (338 -844 -757 ) (338 -871 -757 ) (338 -871 -582 ) (338 -844 -582 ) 
4 137 138 (338 -837 -582 ) (338 -837 -757 ) (338 -844 -757 ) (338 -844 -582 ) 
4 138 238 (0 -837 -757 ) (0 -844 -757 ) (0 -844 -582 ) (0 -837 -582 ) 
4 138 178 (17 -837 -757 ) (296 -837 -757 ) (296 -844 -757 ) (17 -844 -757 ) 
4 138 176 (296 -837 -757 ) (338 -837 -757 ) (338 -844 -757 ) (296 -844 -757 ) 
4 138 179 (0 -844 -757 ) (0 -837 -757 ) (17 -837 -757 ) (17 -844 -757 ) 
4 138 139 (0 -844 -757 ) (338 -844 -757 ) (338 -844 -582 ) (0 -844 -582 ) 
4 139 239 (0 -844 -757 ) (0 -871 -757 ) (0 -871 -582 ) (0 -844 -582 ) 
4 139 181 (0 -871 -757 ) (0 -844 -757 ) (338 -844 -757 ) (338 -871 -757 ) 
4 139 140 (0 -871 -757 ) (338 -871 -757 ) (338 -871 -582 ) (0 -871 -582 ) 
4 140 241 (0 -871 -757 ) (0 -929 -757 ) (0 -929 -582 ) (0 -871 -582 ) 
4 140 183 (0 -929 -757 ) (0 -871 -757 ) (395 -871 -757 ) (395 -929 -757 ) 
4 140 146 (0 -929 -757 ) (62 -929 -757 ) (62 -929 -659.721008 ) (0 -929 -659.721008 ) 
4 140 145 (62 -929 -659.721008 ) (62 -929 -582 ) (0 -929 -582 ) (0 -929 -659.721008 ) 
4 140 144 (62 -929 -757 ) (269 -929 -757 ) (269 -929 -582 ) (62 -929 -582 ) 
4 140 143 (269 -929 -757 ) (333 -929 -757 ) (333 -929 -652 ) (269 -929 -652 ) 
4 140 142 (333 -929 -652 ) (333 -929 -582 ) (269 -929 -582 ) (269 -929 -652 ) 
4 140 141 (333 -929 -757 ) (395 -929 -757 ) (395 -929 -582 ) (333 -929 -582 ) 
4 141 184 (333 -929 -757 ) (395 -929 -757 ) (395 -930 -757 ) (333 -930 -757 ) 
4 141 143 (333 -929 -652 ) (333 -929 -757 ) (333 -930 -757 ) (333 -930 -652 ) 
4 141 142 (333 -929 -582 ) (333 -929 -652 ) (333 -930 -652 ) (333 -930 -582 ) 
4 142 144 (269 -929 -582 ) (269 -929 -652 ) (269 -930 -652 ) (269 -930 -582 ) 
4 142 143 (269 -930 -652 ) (269 -929 -652 ) (333 -929 -652 ) (333 -930 -652 ) 
4 143 185 (269 -929 -757 ) (333 -929 -757 ) (333 -930 -757 ) (269 -930 -757 ) 
4 143 144 (269 -929 -652 ) (269 -929 -757 ) (269 -930 -757 ) (269 -930 -652 ) 
4 144 186 (62 -929 -757 ) (269 -929 -757 ) (269 -930 -757 ) (62 -930 -757 ) 
4 144 147 (118 -930 -757 ) (196 -930 -757 ) (196 -930 -582 ) (118 -930 -582 ) 
4 144 146 (62 -929 -659.721008 ) (62 -929 -757 ) (62 -930 -757 ) (62 -930 -659.721008 ) 
4 144 145 (62 -929 -582 ) (62 -929 -659.721008 ) (62 -930 -659.721008 ) (62 -930 -582 ) 
4 145 242 (0 -930 -659.721008 ) (0 -930 -582 ) (0 -929 -582 ) (0 -929 -659.721008 ) 
4 145 146 (0 -929 -659.721008 ) (62 -929 -659.721008 ) (62 -930 -659.721008 ) (0 -930 -659.721008 ) 
4 146 243 (0 -929 -757 ) (0 -930 -757 ) (0 -930 -659.721008 ) (0 -929 -659.721008 ) 
4 146 187 (0 -930 -757 ) (0 -929 -757 ) (62 -929 -757 ) (62 -930 -757 ) 
4 147 282 (196 -1024 -715.790649 ) (196 -1024 -557 ) (118 -1024 -557 ) (118 -1024 -715.790649 ) 
4 147 188 (118 -963.671082 -757 ) (118 -930 -757 ) (196 -930 -757 ) (196 -963.671082 -757 ) 
4 148 151 (664 -571 -757 ) (664 -571 -780 ) (664 -612 -780 ) (664 -612 -757 ) 
4 148 149 (664 -612 -757 ) (664 -612 -780 ) (666 -612 -780 ) (666 -612 -757 ) 
4 149 150 (664 -683 -757 ) (664 -683 -780 ) (666 -683 -780 ) (666 -683 -757 ) 
4 149 151 (664 -612 -780 ) (664 -683 -780 ) (664 -683 -757 ) (664 -612 -757 ) 
4 150 151 (664 -683 -780 ) (664 -723 -780 ) (664 -723 -757 ) (664 -683 -757 ) 
4 151 158 (395 -571 -780 ) (395 -723 -780 ) (395 -723 -757 ) (395 -571 -757 ) 
4 152 155 (118 -364 -780 ) (196 -364 -780 ) (196 -364 -757 ) (118 -364 -757 ) 
4 153 157 (334 -365 -780 ) (395 -365 -780 ) (395 -365 -757 ) (334 -365 -757 ) 
4 153 154 (334 -364 -757 ) (334 -364 -780 ) (334 -365 -780 ) (334 -365 -757 ) 
4 154 155 (269 -364 -757 ) (269 -364 -780 ) (269 -365 -780 ) (269 -365 -757 ) 
4 154 157 (269 -365 -780 ) (334 -365 -780 ) (334 -365 -757 ) (269 -365 -757 ) 
4 155 157 (29 -365 -780 ) (269 -365 -780 ) (269 -365 -757 ) (29 -365 -757 ) 
4 155 156 (29 -364 -757 ) (29 -364 -780 ) (29 -365 -780 ) (29 -365 -757 ) 
4 156 227 (0 -364 -780 ) (0 -365 -780 ) (0 -365 -757 ) (0 -364 -757 ) 
4 156 157 (0 -365 -780 ) (29 -365 -780 ) (29 -365 -757 ) (0 -365 -757 ) 
4 157 234 (0 -384 -780 ) (0 -387 -780 ) (0 -387 -757 ) (0 -384 -757 ) 
4 157 228 (0 -365 -780 ) (0 -384 -780 ) (0 -384 -757 ) (0 -365 -757 ) 
4 157 162 (0 -387 -780 ) (335 -387 -780 ) (335 -387 -757 ) (0 -387 -757 ) 
4 157 161 (335 -387 -780 ) (344 -387 -780 ) (344 -387 -757 ) (335 -387 -757 ) 
4 157 160 (344 -387 -780 ) (378 -387 -780 ) (378 -387 -778 ) (344 -387 -778 ) 
4 157 159 (378 -387 -778 ) (378 -387 -757 ) (344 -387 -757 ) (344 -387 -778 ) 
4 157 158 (378 -387 -780 ) (395 -387 -780 ) (395 -387 -757 ) (378 -387 -757 ) 
4 158 189 (381 -616 -780 ) (381 -655 -780 ) (378 -655 -780 ) (378 -616 -780 ) 
4 158 172 (378 -794 -780 ) (395 -794 -780 ) (395 -794 -757 ) (378 -794 -757 ) 
4 158 160 (378 -387 -778 ) (378 -387 -780 ) (378 -794 -780 ) (378 -794 -778 ) 
4 158 159 (378 -387 -757 ) (378 -387 -778 ) (378 -794 -778 ) (378 -794 -757 ) 
4 159 173 (378 -794 -778 ) (378 -794 -757 ) (344 -794 -757 ) (344 -794 -778 ) 
4 159 165 (344 -414 -778 ) (344 -794 -778 ) (344 -794 -757 ) (344 -414 -757 ) 
4 159 161 (344 -387 -757 ) (344 -387 -778 ) (344 -414 -778 ) (344 -414 -757 ) 
4 159 160 (344 -794 -778 ) (344 -387 -778 ) (378 -387 -778 ) (378 -794 -778 ) 
4 160 189 (378 -616 -780 ) (378 -655 -780 ) (344 -655 -780 ) (344 -616 -780 ) 
4 160 174 (344 -794 -780 ) (378 -794 -780 ) (378 -794 -778 ) (344 -794 -778 ) 
4 160 165 (344 -414 -780 ) (344 -794 -780 ) (344 -794 -778 ) (344 -414 -778 ) 
4 160 161 (344 -387 -778 ) (344 -387 -780 ) (344 -414 -780 ) (344 -414 -778 ) 
4 161 165 (335 -414 -780 ) (344 -414 -780 ) (344 -414 -757 ) (335 -414 -757 ) 
4 161 164 (335 -391 -780 ) (335 -414 -780 ) (335 -414 -779 ) (335 -391 -779 ) 
4 161 163 (335 -414 -779 ) (335 -414 -757 ) (335 -391 -757 ) (335 -391 -779 ) 
4 161 162 (335 -387 -757 ) (335 -387 -780 ) (335 -391 -780 ) (335 -391 -757 ) 
4 162 234 (0 -387 -780 ) (0 -391 -780 ) (0 -391 -757 ) (0 -387 -757 ) 
4 162 164 (0 -391 -780 ) (335 -391 -780 ) (335 -391 -779 ) (0 -391 -779 ) 
4 162 163 (335 -391 -779 ) (335 -391 -757 ) (0 -391 -757 ) (0 -391 -779 ) 
4 163 235 (0 -414 -779 ) (0 -414 -757 ) (0 -391 -757 ) (0 -391 -779 ) 
4 163 166 (296 -414 -757 ) (17 -414 -757 ) (17 -414 -779 ) (296 -414 -779 ) 
4 163 165 (335 -414 -779 ) (335 -414 -757 ) (296 -414 -757 ) (296 -414 -779 ) 
4 163 171 (17 -414 -757 ) (0 -414 -757 ) (0 -414 -779 ) (17 -414 -779 ) 
4 163 164 (0 -391 -779 ) (335 -391 -779 ) (335 -414 -779 ) (0 -414 -779 ) 
4 164 236 (0 -391 -780 ) (0 -414 -780 ) (0 -414 -779 ) (0 -391 -779 ) 
4 164 166 (17 -414 -780 ) (296 -414 -780 ) (296 -414 -779 ) (17 -414 -779 ) 
4 164 165 (296 -414 -780 ) (335 -414 -780 ) (335 -414 -779 ) (296 -414 -779 ) 
4 164 171 (0 -414 -780 ) (17 -414 -780 ) (17 -414 -779 ) (0 -414 -779 ) 
4 165 176 (296 -794 -780 ) (344 -794 -780 ) (344 -794 -757 ) (296 -794 -757 ) 
4 165 168 (296 -505 -780 ) (296 -794 -780 ) (296 -794 -779.140991 ) (296 -505 -779.140991 ) 
4 165 167 (296 -462 -780 ) (296 -505 -780 ) (296 -505 -779.070007 ) (296 -462 -779.070007 ) 
4 165 166 (296 -414 -757 ) (296 -414 -780 ) (296 -462 -780 ) (296 -462 -757 ) 
4 166 170 (17 -462 -779.140991 ) (17 -462 -780 ) (56 -462 -780 ) (56 -462 -779.140991 ) 
4 166 167 (56 -462 -780 ) (296 -462 -780 ) (296 -462 -779.070007 ) (56 -462 -779.070007 ) 
4 166 171 (17 -414 -757 ) (17 -414 -780 ) (17 -462 -780 ) (17 -462 -757 ) 
4 167 170 (56 -462 -779.070007 ) (56 -462 -780 ) (56 -505 -780 ) (56 -505 -779.070007 ) 
4 167 168 (257 -505 -780 ) (296 -505 -780 ) (296 -505 -779.070007 ) (257 -505 -779.070007 ) 
4 167 169 (56 -505 -779.070007 ) (56 -505 -780 ) (257 -505 -780 ) (257 -505 -779.070007 ) 
4 168 177 (257 -794 -780 ) (296 -794 -780 ) (296 -794 -779.140991 ) (257 -794 -779.140991 ) 
4 168 169 (257 -505 -779.140991 ) (257 -505 -780 ) (257 -794 -780 ) (257 -794 -779.140991 ) 
4 169 190 (147 -664 -780 ) (147 -625 -780 ) (184 -625 -780 ) (184 -664 -780 ) 
4 169 177 (56 -794 -780 ) (257 -794 -780 ) (257 -794 -779.070007 ) (56 -794 -779.070007 ) 
4 169 170 (56 -505 -780 ) (56 -794 -780 ) (56 -794 -779.140991 ) (56 -505 -779.140991 ) 
4 170 177 (17 -794 -780 ) (56 -794 -780 ) (56 -794 -779.140991 ) (17 -794 -779.140991 ) 
4 170 171 (17 -462 -780 ) (17 -794 -780 ) (17 -794 -779.140991 ) (17 -462 -779.140991 ) 
4 171 238 (0 -414 -780 ) (0 -794 -780 ) (0 -794 -757 ) (0 -414 -757 ) 
4 171 179 (0 -794 -780 ) (17 -794 -780 ) (17 -794 -757 ) (0 -794 -757 ) 
4 172 183 (378 -871 -780 ) (395 -871 -780 ) (395 -871 -757 ) (378 -871 -757 ) 
4 172 174 (378 -794 -778 ) (378 -794 -780 ) (378 -868 -780 ) (378 -868 -778 ) 
4 172 173 (378 -794 -757 ) (378 -794 -778 ) (378 -868 -778 ) (378 -868 -757 ) 
4 172 175 (378 -868 -780 ) (378 -871 -780 ) (378 -871 -757 ) (378 -868 -757 ) 
4 173 180 (344 -844 -778 ) (344 -868 -778 ) (344 -868 -757 ) (344 -844 -757 ) 
4 173 176 (344 -794 -757 ) (344 -794 -778 ) (344 -844 -778 ) (344 -844 -757 ) 
4 173 175 (344 -868 -757 ) (344 -868 -778 ) (378 -868 -778 ) (378 -868 -757 ) 
4 173 174 (378 -868 -778 ) (344 -868 -778 ) (344 -794 -778 ) (378 -794 -778 ) 
4 174 180 (344 -844 -780 ) (344 -868 -780 ) (344 -868 -778 ) (344 -844 -778 ) 
4 174 176 (344 -794 -778 ) (344 -794 -780 ) (344 -844 -780 ) (344 -844 -778 ) 
4 174 175 (344 -868 -778 ) (344 -868 -780 ) (378 -868 -780 ) (378 -868 -778 ) 
4 175 183 (344 -871 -780 ) (378 -871 -780 ) (378 -871 -757 ) (344 -871 -757 ) 
4 175 180 (344 -868 -780 ) (344 -871 -780 ) (344 -871 -757 ) (344 -868 -757 ) 
4 176 182 (296 -844 -780 ) (338 -844 -780 ) (338 -844 -779 ) (296 -844 -779 ) 
4 176 181 (338 -844 -779 ) (338 -844 -757 ) (296 -844 -757 ) (296 -844 -779 ) 
4 176 180 (338 -844 -780 ) (344 -844 -780 ) (344 -844 -757 ) (338 -844 -757 ) 
4 176 177 (296 -794 -779.070007 ) (296 -794 -780 ) (296 -837 -780 ) (296 -837 -779.070007 ) 
4 176 178 (296 -837 -780 ) (296 -844 -780 ) (296 -844 -757 ) (296 -837 -757 ) 
4 177 178 (17 -837 -779.070007 ) (17 -837 -780 ) (296 -837 -780 ) (296 -837 -779.070007 ) 
4 177 179 (17 -794 -779.070007 ) (17 -794 -780 ) (17 -837 -780 ) (17 -837 -779.070007 ) 
4 178 182 (17 -844 -780 ) (296 -844 -780 ) (296 -844 -779 ) (17 -844 -779 ) 
4 178 181 (296 -844 -779 ) (296 -844 -757 ) (17 -844 -757 ) (17 -844 -779 ) 
4 178 179 (17 -837 -780 ) (17 -844 -780 ) (17 -844 -757 ) (17 -837 -757 ) 
4 179 238 (0 -794 -780 ) (0 -844 -780 ) (0 -844 -757 ) (0 -794 -757 ) 
4 179 182 (0 -844 -780 ) (17 -844 -780 ) (17 -844 -779 ) (0 -844 -779 ) 
4 179 181 (17 -844 -779 ) (17 -844 -757 ) (0 -844 -757 ) (0 -844 -779 ) 
4 180 183 (338 -871 -780 ) (344 -871 -780 ) (344 -871 -757 ) (338 -871 -757 ) 
4 180 182 (338 -844 -779 ) (338 -844 -780 ) (338 -871 -780 ) (338 -871 -779 ) 
4 180 181 (338 -844 -757 ) (338 -844 -779 ) (338 -871 -779 ) (338 -871 -757 ) 
4 181 239 (0 -871 -779 ) (0 -871 -757 ) (0 -844 -757 ) (0 -844 -779 ) 
4 181 183 (338 -871 -779 ) (338 -871 -757 ) (0 -871 -757 ) (0 -871 -779 ) 
4 181 182 (0 -844 -779 ) (338 -844 -779 ) (338 -871 -779 ) (0 -871 -779 ) 
4 182 240 (0 -844 -780 ) (0 -871 -780 ) (0 -871 -779 ) (0 -844 -779 ) 
4 182 183 (0 -871 -780 ) (338 -871 -780 ) (338 -871 -779 ) (0 -871 -779 ) 
4 183 241 (0 -871 -780 ) (0 -929 -780 ) (0 -929 -757 ) (0 -871 -757 ) 
4 183 185 (269 -929 -780 ) (333 -929 -780 ) (333 -929 -757 ) (269 -929 -757 ) 
4 183 184 (333 -929 -780 ) (395 -929 -780 ) (395 -929 -757 ) (333 -929 -757 ) 
4 183 186 (62 -929 -780 ) (269 -929 -780 ) (269 -929 -757 ) (62 -929 -757 ) 
4 183 187 (0 -929 -780 ) (62 -929 -780 ) (62 -929 -757 ) (0 -929 -757 ) 
4 184 185 (333 -929 -757 ) (333 -929 -780 ) (333 -930 -780 ) (333 -930 -757 ) 
4 185 186 (269 -929 -757 ) (269 -929 -780 ) (269 -930 -780 ) (269 -930 -757 ) 
4 186 188 (118 -930 -780 ) (196 -930 -780 ) (196 -930 -757 ) (118 -930 -757 ) 
4 186 187 (62 -929 -757 ) (62 -929 -780 ) (62 -930 -780 ) (62 -930 -757 ) 
4 187 243 (0 -929 -780 ) (0 -930 -780 ) (0 -930 -757 ) (0 -929 -757 ) 
4 189 191 (344 -655 -784.677979 ) (344 -616 -784.677979 ) (381 -616 -784.677979 ) (381 -655 -784.677979 ) 
4 192 283 (0 -1024 -90 ) (0 -1024 0 ) (-279 -1024 0 ) (-279 -1024 -90 ) 
4 192 222 (-279 -1024 -90 ) (-279 -1024 0 ) (-279 -695 0 ) (-279 -695 -90 ) 
4 192 214 (-279 -695 0 ) (-279 -606 0 ) (-279 -606 -90 ) (-279 -695 -90 ) 
4 192 213 (-279 -606 0 ) (-279 0 0 ) (-279 0 -90 ) (-279 -606 -90 ) 
4 192 209 (-184 0 -90 ) (-156 0 -90 ) (-156 -1024 -90 ) (-184 -1024 -90 ) 
4 192 208 (-156 0 -90 ) (-138 0 -90 ) (-138 -1024 -90 ) (-156 -1024 -90 ) 
4 192 210 (-279 -1024 -90 ) (-279 0 -90 ) (-184 0 -90 ) (-184 -1024 -90 ) 
4 192 206 (0 -968 -90 ) (0 -991 -90 ) (-138 -991 -90 ) (-138 -968 -90 ) 
4 192 205 (0 -683 -90 ) (0 -968 -90 ) (-138 -968 -90 ) (-138 -683 -90 ) 
4 192 207 (0 -991 -90 ) (0 -1024 -90 ) (-138 -1024 -90 ) (-138 -991 -90 ) 
4 192 202 (0 -539 -90 ) (0 -683 -90 ) (-98.287804 -683 -90 ) (-98.287804 -539 -90 ) 
4 192 204 (-98.287804 -683 -90 ) (-138 -683 -90 ) (-138 -539 -90 ) (-98.287804 -539 -90 ) 
4 192 198 (-121 -535 -90 ) (-121 -497 -90 ) (-118 -497 -90 ) (-118 -535 -90 ) 
4 192 200 (-118 -539 -90 ) (-121 -539 -90 ) (-121 -535 -90 ) (-118 -535 -90 ) 
4 192 197 (0 -497 -90 ) (0 -539 -90 ) (-118 -539 -90 ) (-118 -497 -90 ) 
4 192 201 (-121 -539 -90 ) (-138 -539 -90 ) (-138 -497 -90 ) (-121 -497 -90 ) 
4 192 194 (0 -242 -90 ) (0 -282 -90 ) (-132 -282 -90 ) (-132 -242 -90 ) 
4 192 193 (-132 0 -90 ) (0 0 -90 ) (0 -242 -90 ) (-132 -242 -90 ) 
4 192 195 (0 -282 -90 ) (0 -497 -90 ) (-132 -497 -90 ) (-132 -282 -90 ) 
4 192 196 (-138 0 -90 ) (-132 0 -90 ) (-132 -497 -90 ) (-138 -497 -90 ) 
4 193 211 (-132 0 -501 ) (0 0 -501 ) (0 -242 -501 ) (-132 -242 -501 ) 
4 193 196 (-132 0 -501 ) (-132 -242 -501 ) (-132 -242 -90 ) (-132 0 -90 ) 
4 193 194 (-132 -242 -90 ) (-132 -242 -501 ) (0 -242 -501 ) (0 -242 -90 ) 
4 194 211 (0 -242 -501 ) (0 -282 -501 ) (-132 -282 -501 ) (-132 -242 -501 ) 
4 194 195 (-132 -282 -90 ) (-132 -282 -501 ) (0 -282 -501 ) (0 -282 -90 ) 
4 194 196 (-132 -242 -501 ) (-132 -282 -501 ) (-132 -282 -90 ) (-132 -242 -90 ) 
4 195 211 (0 -282 -501 ) (0 -497 -501 ) (-132 -497 -501 ) (-132 -282 -501 ) 
4 195 198 (-118 -497 -300 ) (-118 -497 -90 ) (-121 -497 -90 ) (-121 -497 -300 ) 
4 195 199 (-121 -497 -501 ) (-118 -497 -501 ) (-118 -497 -404 ) (-121 -497 -404 ) 
4 195 197 (-118 -497 -501 ) (0 -497 -501 ) (0 -497 -90 ) (-118 -497 -90 ) 
4 195 201 (-132 -497 -501 ) (-121 -497 -501 ) (-121 -497 -90 ) (-132 -497 -90 ) 
4 195 196 (-132 -282 -501 ) (-132 -497 -501 ) (-132 -497 -90 ) (-132 -282 -90 ) 
4 196 211 (-138 -497 -501 ) (-138 0 -501 ) (-132 0 -501 ) (-132 -497 -501 ) 
4 196 208 (-138 0 -501 ) (-138 -497 -501 ) (-138 -497 -90 ) (-138 0 -90 ) 
4 196 201 (-138 -497 -90 ) (-138 -497 -501 ) (-132 -497 -501 ) (-132 -497 -90 ) 
4 197 211 (-118 -497 -501 ) (0 -497 -501 ) (0 -539 -501 ) (-118 -539 -501 ) 
4 197 202 (0 -539 -196 ) (0 -539 -90 ) (-98.287804 -539 -90 ) (-98.287804 -539 -196 ) 
4 197 203 (-98.287804 -539 -501 ) (0 -539 -501 ) (0 -539 -216 ) (-98.287804 -539 -216 ) 
4 197 204 (-118 -539 -501 ) (-98.287804 -539 -501 ) (-98.287804 -539 -90 ) (-118 -539 -90 ) 
4 197 198 (-118 -497 -90 ) (-118 -497 -300 ) (-118 -535 -300 ) (-118 -535 -90 ) 
4 197 199 (-118 -497 -404 ) (-118 -497 -501 ) (-118 -535 -501 ) (-118 -535 -404 ) 
4 197 200 (-118 -535 -501 ) (-118 -539 -501 ) (-118 -539 -90 ) (-118 -535 -90 ) 
4 198 201 (-121 -497 -90 ) (-121 -497 -300 ) (-121 -535 -300 ) (-121 -535 -90 ) 
4 198 200 (-121 -535 -90 ) (-121 -535 -300 ) (-118 -535 -300 ) (-118 -535 -90 ) 
4 199 211 (-121 -497 -501 ) (-118 -497 -501 ) (-118 -535 -501 ) (-121 -535 -501 ) 
4 199 200 (-121 -535 -404 ) (-121 -535 -501 ) (-118 -535 -501 ) (-118 -535 -404 ) 
4 199 201 (-121 -497 -404 ) (-121 -497 -501 ) (-121 -535 -501 ) (-121 -535 -404 ) 
4 200 211 (-118 -535 -501 ) (-118 -539 -501 ) (-121 -539 -501 ) (-121 -535 -501 ) 
4 200 204 (-121 -539 -501 ) (-118 -539 -501 ) (-118 -539 -90 ) (-121 -539 -90 ) 
4 200 201 (-121 -535 -501 ) (-121 -539 -501 ) (-121 -539 -90 ) (-121 -535 -90 ) 
4 201 211 (-138 -539 -501 ) (-138 -497 -501 ) (-121 -497 -501 ) (-121 -539 -501 ) 
4 201 208 (-138 -497 -501 ) (-138 -539 -501 ) (-138 -539 -90 ) (-138 -497 -90 ) 
4 201 204 (-138 -539 -90 ) (-138 -539 -501 ) (-121 -539 -501 ) (-121 -539 -90 ) 
4 202 205 (0 -683 -196 ) (0 -683 -90 ) (-98.287804 -683 -90 ) (-98.287804 -683 -196 ) 
4 202 204 (-98.287804 -539 -90 ) (-98.287804 -539 -196 ) (-98.287804 -683 -196 ) (-98.287804 -683 -90 ) 
4 203 211 (-98.287804 -539 -501 ) (0 -539 -501 ) (0 -683 -501 ) (-98.287804 -683 -501 ) 
4 203 205 (-98.287804 -683 -501 ) (0 -683 -501 ) (0 -683 -216 ) (-98.287804 -683 -216 ) 
4 203 204 (-98.287804 -539 -216 ) (-98.287804 -539 -501 ) (-98.287804 -683 -501 ) (-98.287804 -683 -216 ) 
4 204 211 (-138 -683 -501 ) (-138 -539 -501 ) (-98.287804 -539 -501 ) (-98.287804 -683 -501 ) 
4 204 208 (-138 -539 -501 ) (-138 -683 -501 ) (-138 -683 -90 ) (-138 -539 -90 ) 
4 204 205 (-138 -683 -90 ) (-138 -683 -501 ) (-98.287804 -683 -501 ) (-98.287804 -683 -90 ) 
4 205 212 (-138 -968 -501 ) (-138 -723 -501 ) (0 -723 -501 ) (0 -968 -501 ) 
4 205 211 (-138 -723 -501 ) (-138 -683 -501 ) (0 -683 -501 ) (0 -723 -501 ) 
4 205 208 (-138 -683 -501 ) (-138 -968 -501 ) (-138 -968 -90 ) (-138 -683 -90 ) 
4 205 206 (-138 -968 -90 ) (-138 -968 -501 ) (0 -968 -501 ) (0 -968 -90 ) 
4 206 212 (-138 -991 -501 ) (-138 -968 -501 ) (0 -968 -501 ) (0 -991 -501 ) 
4 206 208 (-138 -968 -501 ) (-138 -991 -501 ) (-138 -991 -90 ) (-138 -968 -90 ) 
4 206 207 (-138 -991 -90 ) (-138 -991 -501 ) (0 -991 -501 ) (0 -991 -90 ) 
4 207 284 (0 -1024 -501 ) (0 -1024 -90 ) (-138 -1024 -90 ) (-138 -1024 -501 ) 
4 207 212 (0 -1024 -501 ) (-138 -1024 -501 ) (-138 -991 -501 ) (0 -991 -501 ) 
4 207 208 (-138 -991 -501 ) (-138 -1024 -501 ) (-138 -1024 -90 ) (-138 -991 -90 ) 
4 208 284 (-138 -1024 -90 ) (-156 -1024 -90 ) (-156 -1024 -501 ) (-138 -1024 -501 ) 
4 208 212 (-138 -1024 -501 ) (-156 -1024 -501 ) (-156 -723 -501 ) (-138 -723 -501 ) 
4 208 211 (-156 -723 -501 ) (-156 0 -501 ) (-138 0 -501 ) (-138 -723 -501 ) 
4 208 209 (-156 0 -501 ) (-156 -1024 -501 ) (-156 -1024 -90 ) (-156 0 -90 ) 
4 209 285 (-156 -1024 -90 ) (-184 -1024 -90 ) (-184 -1024 -501 ) (-156 -1024 -501 ) 
4 209 212 (-156 -1024 -501 ) (-184 -1024 -501 ) (-184 -723 -501 ) (-156 -723 -501 ) 
4 209 211 (-184 -723 -501 ) (-184 0 -501 ) (-156 0 -501 ) (-156 -723 -501 ) 
4 209 210 (-184 0 -501 ) (-184 -1024 -501 ) (-184 -1024 -90 ) (-184 0 -90 ) 
4 210 287 (-184 -1024 -90 ) (-279 -1024 -90 ) (-279 -1024 -501 ) (-184 -1024 -501 ) 
4 210 222 (-279 -1024 -501 ) (-279 -1024 -90 ) (-279 -695 -90 ) (-279 -695 -501 ) 
4 210 214 (-279 -695 -90 ) (-279 -606 -90 ) (-279 -606 -501 ) (-279 -695 -501 ) 
4 210 213 (-279 -606 -90 ) (-279 0 -90 ) (-279 0 -501 ) (-279 -606 -501 ) 
4 210 212 (-184 -1024 -501 ) (-279 -1024 -501 ) (-279 -723 -501 ) (-184 -723 -501 ) 
4 210 211 (-279 -723 -501 ) (-279 0 -501 ) (-184 0 -501 ) (-184 -723 -501 ) 
4 211 222 (-279 -723 -512 ) (-279 -723 -501 ) (-279 -695 -501 ) (-279 -695 -512 ) 
4 211 214 (-279 -695 -501 ) (-279 -606 -501 ) (-279 -606 -512 ) (-279 -695 -512 ) 
4 211 213 (-279 -606 -501 ) (-279 0 -501 ) (-279 0 -512 ) (-279 -606 -512 ) 
4 211 212 (0 -723 -501 ) (-279 -723 -501 ) (-279 -723 -512 ) (0 -723 -512 ) 
4 212 287 (-184 -1024 -501 ) (-279 -1024 -501 ) (-279 -1024 -512 ) (-184 -1024 -512 ) 
4 212 286 (-156 -1024 -501 ) (-184 -1024 -501 ) (-184 -1024 -512 ) (-156 -1024 -512 ) 
4 212 284 (0 -1024 -512 ) (0 -1024 -501 ) (-156 -1024 -501 ) (-156 -1024 -512 ) 
4 212 222 (-279 -1024 -512 ) (-279 -1024 -501 ) (-279 -723 -501 ) (-279 -723 -512 ) 
4 213 223 (-369 0 0 ) (-369 0 -512 ) (-369 -606 -512 ) (-369 -606 0 ) 
4 213 214 (-369 -606 0 ) (-369 -606 -512 ) (-279 -606 -512 ) (-279 -606 0 ) 
4 214 223 (-369 -695 -512 ) (-369 -695 0 ) (-369 -606 0 ) (-369 -606 -512 ) 
4 214 222 (-369 -695 0 ) (-369 -695 -512 ) (-279 -695 -512 ) (-279 -695 0 ) 
4 214 220 (-369 -684 -514 ) (-369 -613 -514 ) (-367 -613 -514 ) (-367 -684 -514 ) 
4 214 219 (-369 -613 -514 ) (-369 -606 -514 ) (-367 -606 -514 ) (-367 -613 -514 ) 
4 214 221 (-367 -695 -514 ) (-369 -695 -514 ) (-369 -684 -514 ) (-367 -684 -514 ) 
4 214 216 (-280 -676 -514 ) (-280 -622 -514 ) (-279 -622 -514 ) (-279 -676 -514 ) 
4 214 215 (-280 -622 -514 ) (-280 -606 -514 ) (-279 -606 -514 ) (-279 -622 -514 ) 
4 214 217 (-279 -695 -514 ) (-280 -695 -514 ) (-280 -676 -514 ) (-279 -676 -514 ) 
4 214 218 (-280 -695 -514 ) (-367 -695 -514 ) (-367 -606 -514 ) (-280 -606 -514 ) 
4 215 258 (-279 -613 -544 ) (-279 -622 -544 ) (-280 -622 -544 ) (-280 -613 -544 ) 
4 215 257 (-279 -606 -544 ) (-279 -613 -544 ) (-280 -613 -544 ) (-280 -606 -544 ) 
4 215 218 (-280 -622 -514 ) (-280 -606 -514 ) (-280 -606 -544 ) (-280 -622 -544 ) 
4 215 216 (-280 -622 -514 ) (-280 -622 -544 ) (-279 -622 -544 ) (-279 -622 -514 ) 
4 216 259 (-279 -622 -544 ) (-279 -676 -544 ) (-280 -676 -544 ) (-280 -622 -544 ) 
4 216 217 (-280 -676 -514 ) (-280 -676 -544 ) (-279 -676 -544 ) (-279 -676 -514 ) 
4 216 218 (-280 -676 -514 ) (-280 -622 -514 ) (-280 -622 -544 ) (-280 -676 -544 ) 
4 217 261 (-279 -676 -544 ) (-279 -695 -544 ) (-280 -695 -544 ) (-280 -676 -544 ) 
4 217 218 (-280 -695 -544 ) (-280 -695 -514 ) (-280 -676 -514 ) (-280 -676 -544 ) 
4 218 262 (-280 -695 -544 ) (-367 -695 -544 ) (-367 -613 -544 ) (-280 -613 -544 ) 
4 218 257 (-367 -613 -544 ) (-367 -606 -544 ) (-280 -606 -544 ) (-280 -613 -544 ) 
4 218 220 (-367 -684 -514 ) (-367 -613 -514 ) (-367 -613 -544 ) (-367 -684 -544 ) 
4 218 219 (-367 -613 -514 ) (-367 -606 -514 ) (-367 -606 -544 ) (-367 -613 -544 ) 
4 218 221 (-367 -695 -544 ) (-367 -695 -514 ) (-367 -684 -514 ) (-367 -684 -544 ) 
4 219 257 (-369 -613 -544 ) (-369 -606 -544 ) (-367 -606 -544 ) (-367 -613 -544 ) 
4 219 220 (-367 -613 -544 ) (-367 -613 -514 ) (-369 -613 -514 ) (-369 -613 -544 ) 
4 220 263 (-369 -684 -544 ) (-369 -613 -544 ) (-367 -613 -544 ) (-367 -684 -544 ) 
4 220 221 (-367 -684 -544 ) (-367 -684 -514 ) (-369 -684 -514 ) (-369 -684 -544 ) 
4 221 264 (-367 -695 -544 ) (-369 -695 -544 ) (-369 -684 -544 ) (-367 -684 -544 ) 
4 222 287 (-369 -1024 -90 ) (-369 -1024 -512 ) (-279 -1024 -512 ) (-279 -1024 -90 ) 
4 222 283 (-369 -1024 0 ) (-369 -1024 -90 ) (-279 -1024 -90 ) (-279 -1024 0 ) 
4 222 223 (-369 -1024 -512 ) (-369 -1024 0 ) (-369 -695 0 ) (-369 -695 -512 ) 
4 223 287 (-575 -1024 -512 ) (-369 -1024 -512 ) (-369 -1024 -90 ) (-575 -1024 -90 ) 
4 223 283 (-369 -1024 -90 ) (-369 -1024 0 ) (-575 -1024 0 ) (-575 -1024 -90 ) 
4 223 225 (-575 0 -512 ) (-575 -1024 -512 ) (-575 -1024 -384 ) (-575 0 -384 ) 
4 223 224 (-575 -1024 -384 ) (-575 -1024 0 ) (-575 0 0 ) (-575 0 -384 ) 
4 224 288 (-576 -1024 -90 ) (-576 -1024 -384 ) (-575 -1024 -384 ) (-575 -1024 -90 ) 
4 224 283 (-576 -1024 0 ) (-576 -1024 -90 ) (-575 -1024 -90 ) (-575 -1024 0 ) 
4 224 225 (-576 -1024 -384 ) (-576 0 -384 ) (-575 0 -384 ) (-575 -1024 -384 ) 
4 225 289 (-576 -1024 -384 ) (-576 -1024 -512 ) (-575 -1024 -512 ) (-575 -1024 -384 ) 
4 226 228 (-35 -365 -557 ) (-35 -365 -657.744019 ) (0 -365 -657.744019 ) (0 -365 -557 ) 
4 226 229 (-35 -364 -557 ) (-35 -364 -657.744019 ) (-35 -365 -657.744019 ) (-35 -365 -557 ) 
4 226 227 (0 -365 -657.744019 ) (-35 -365 -657.744019 ) (-35 -364 -657.744019 ) (0 -364 -657.744019 ) 
4 227 228 (-35 -365 -657.744019 ) (-35 -365 -780 ) (0 -365 -780 ) (0 -365 -657.744019 ) 
4 227 229 (-35 -364 -657.744019 ) (-35 -364 -780 ) (-35 -365 -780 ) (-35 -365 -657.744019 ) 
4 228 234 (-35 -384 -582 ) (-35 -384 -780 ) (0 -384 -780 ) (0 -384 -582 ) 
4 228 231 (-35 -384 -560 ) (-35 -384 -574 ) (0 -384 -574 ) (0 -384 -560 ) 
4 228 230 (0 -384 -557 ) (-35 -384 -557 ) (-35 -384 -560 ) (0 -384 -560 ) 
4 228 232 (-35 -384 -574 ) (-35 -384 -582 ) (0 -384 -582 ) (0 -384 -574 ) 
4 228 229 (-35 -365 -780 ) (-35 -384 -780 ) (-35 -384 -557 ) (-35 -365 -557 ) 
4 229 234 (-72 -384 -780 ) (-35 -384 -780 ) (-35 -384 -582 ) (-72 -384 -582 ) 
4 229 237 (-76 -384 -582 ) (-76 -384 -780 ) (-72 -384 -780 ) (-72 -384 -582 ) 
4 229 231 (-76 -384 -560 ) (-76 -384 -574 ) (-35 -384 -574 ) (-35 -384 -560 ) 
4 229 230 (-35 -384 -557 ) (-76 -384 -557 ) (-76 -384 -560 ) (-35 -384 -560 ) 
4 229 232 (-76 -384 -574 ) (-76 -384 -582 ) (-35 -384 -582 ) (-35 -384 -574 ) 
4 230 251 (-76 -572 -558 ) (-76 -572 -560 ) (-76 -723 -560 ) (-76 -723 -558 ) 
4 230 250 (-76 -572 -557 ) (-76 -571 -557 ) (-76 -571 -560 ) (-76 -572 -560 ) 
4 230 233 (0 -833 -560 ) (0 -833 -557 ) (-76 -833 -557 ) (-76 -833 -560 ) 
4 230 231 (0 -833 -560 ) (-76 -833 -560 ) (-76 -384 -560 ) (0 -384 -560 ) 
4 231 252 (-76 -571 -574 ) (-76 -723 -574 ) (-76 -723 -560 ) (-76 -571 -560 ) 
4 231 232 (0 -833 -574 ) (-76 -833 -574 ) (-76 -384 -574 ) (0 -384 -574 ) 
4 231 233 (0 -833 -574 ) (0 -833 -560 ) (-76 -833 -560 ) (-76 -833 -574 ) 
4 232 253 (-76 -571 -582 ) (-76 -723 -582 ) (-76 -723 -574 ) (-76 -571 -574 ) 
4 232 247 (-76 -833 -582 ) (-76 -431 -582 ) (-41 -431 -582 ) (-41 -833 -582 ) 
4 232 246 (-76 -431 -582 ) (-76 -414 -582 ) (-41 -414 -582 ) (-41 -431 -582 ) 
4 232 245 (-41 -414 -582 ) (-35 -414 -582 ) (-35 -833 -582 ) (-41 -833 -582 ) 
4 232 238 (-35 -414 -582 ) (0 -414 -582 ) (0 -833 -582 ) (-35 -833 -582 ) 
4 232 235 (0 -391 -582 ) (0 -414 -582 ) (-72 -414 -582 ) (-72 -391 -582 ) 
4 232 234 (-72 -384 -582 ) (0 -384 -582 ) (0 -391 -582 ) (-72 -391 -582 ) 
4 232 237 (-76 -414 -582 ) (-76 -384 -582 ) (-72 -384 -582 ) (-72 -414 -582 ) 
4 232 233 (-76 -833 -582 ) (0 -833 -582 ) (0 -833 -574 ) (-76 -833 -574 ) 
4 233 247 (-76 -868 -582 ) (-76 -833 -582 ) (-41 -833 -582 ) (-41 -868 -582 ) 
4 233 249 (-76 -930 -582 ) (-76 -868 -582 ) (-41 -868 -582 ) (-41 -930 -582 ) 
4 233 245 (-41 -833 -582 ) (-35 -833 -582 ) (-35 -930 -582 ) (-41 -930 -582 ) 
4 233 242 (0 -929 -582 ) (0 -930 -582 ) (-2 -930 -582 ) (-2 -929 -582 ) 
4 233 241 (0 -871 -582 ) (0 -929 -582 ) (-2 -929 -582 ) (-2 -871 -582 ) 
4 233 244 (-2 -930 -582 ) (-35 -930 -582 ) (-35 -871 -582 ) (-2 -871 -582 ) 
4 233 239 (0 -844 -582 ) (0 -871 -582 ) (-35 -871 -582 ) (-35 -844 -582 ) 
4 233 238 (-35 -833 -582 ) (0 -833 -582 ) (0 -844 -582 ) (-35 -844 -582 ) 
4 234 236 (-72 -391 -779 ) (-72 -391 -780 ) (0 -391 -780 ) (0 -391 -779 ) 
4 234 235 (-72 -391 -582 ) (-72 -391 -779 ) (0 -391 -779 ) (0 -391 -582 ) 
4 234 237 (-72 -391 -582 ) (-72 -384 -582 ) (-72 -384 -780 ) (-72 -391 -780 ) 
4 235 246 (-41 -414 -582 ) (-72 -414 -582 ) (-72 -414 -779 ) (-41 -414 -779 ) 
4 235 245 (-35 -414 -582 ) (-41 -414 -582 ) (-41 -414 -779 ) (-35 -414 -779 ) 
4 235 238 (0 -414 -582 ) (-35 -414 -582 ) (-35 -414 -779 ) (0 -414 -779 ) 
4 235 237 (-72 -414 -779 ) (-72 -414 -582 ) (-72 -391 -582 ) (-72 -391 -779 ) 
4 235 236 (0 -414 -779 ) (-72 -414 -779 ) (-72 -391 -779 ) (0 -391 -779 ) 
4 236 246 (-72 -414 -779 ) (-72 -414 -780 ) (-41 -414 -780 ) (-41 -414 -779 ) 
4 236 245 (-41 -414 -780 ) (-35 -414 -780 ) (-35 -414 -779 ) (-41 -414 -779 ) 
4 236 238 (-35 -414 -780 ) (0 -414 -780 ) (0 -414 -779 ) (-35 -414 -779 ) 
4 236 237 (-72 -414 -780 ) (-72 -414 -779 ) (-72 -391 -779 ) (-72 -391 -780 ) 
4 237 246 (-72 -414 -582 ) (-76 -414 -582 ) (-76 -414 -780 ) (-72 -414 -780 ) 
4 238 245 (-35 -414 -582 ) (-35 -414 -780 ) (-35 -844 -780 ) (-35 -844 -582 ) 
4 238 240 (-35 -844 -779 ) (-35 -844 -780 ) (0 -844 -780 ) (0 -844 -779 ) 
4 238 239 (-35 -844 -582 ) (-35 -844 -779 ) (0 -844 -779 ) (0 -844 -582 ) 
4 239 245 (-35 -871 -779 ) (-35 -871 -582 ) (-35 -844 -582 ) (-35 -844 -779 ) 
4 239 241 (-2 -871 -779 ) (0 -871 -779 ) (0 -871 -582 ) (-2 -871 -582 ) 
4 239 244 (-35 -871 -582 ) (-35 -871 -779 ) (-2 -871 -779 ) (-2 -871 -582 ) 
4 239 240 (0 -871 -779 ) (-35 -871 -779 ) (-35 -844 -779 ) (0 -844 -779 ) 
4 240 245 (-35 -844 -780 ) (-35 -871 -780 ) (-35 -871 -779 ) (-35 -844 -779 ) 
4 240 241 (-2 -871 -780 ) (0 -871 -780 ) (0 -871 -779 ) (-2 -871 -779 ) 
4 240 244 (-35 -871 -779 ) (-35 -871 -780 ) (-2 -871 -780 ) (-2 -871 -779 ) 
4 241 243 (-2 -929 -659.721008 ) (-2 -929 -780 ) (0 -929 -780 ) (0 -929 -659.721008 ) 
4 241 242 (-2 -929 -582 ) (-2 -929 -659.721008 ) (0 -929 -659.721008 ) (0 -929 -582 ) 
4 241 244 (-2 -871 -582 ) (-2 -871 -780 ) (-2 -929 -780 ) (-2 -929 -582 ) 
4 242 244 (-2 -930 -659.721008 ) (-2 -930 -582 ) (-2 -929 -582 ) (-2 -929 -659.721008 ) 
4 242 243 (0 -930 -659.721008 ) (-2 -930 -659.721008 ) (-2 -929 -659.721008 ) (0 -929 -659.721008 ) 
4 243 244 (-2 -929 -780 ) (-2 -930 -780 ) (-2 -930 -659.721008 ) (-2 -929 -659.721008 ) 
4 244 245 (-35 -871 -780 ) (-35 -930 -780 ) (-35 -930 -582 ) (-35 -871 -582 ) 
4 245 265 (-36 -618 -780 ) (-36 -657 -780 ) (-41 -657 -780 ) (-41 -618 -780 ) 
4 245 248 (-41 -431 -780 ) (-41 -868 -780 ) (-41 -868 -778 ) (-41 -431 -778 ) 
4 245 247 (-41 -868 -778 ) (-41 -868 -582 ) (-41 -431 -582 ) (-41 -431 -778 ) 
4 245 246 (-41 -414 -582 ) (-41 -414 -780 ) (-41 -431 -780 ) (-41 -431 -582 ) 
4 245 249 (-41 -868 -780 ) (-41 -930 -780 ) (-41 -930 -582 ) (-41 -868 -582 ) 
4 246 248 (-41 -431 -780 ) (-41 -431 -778 ) (-76 -431 -778 ) (-76 -431 -780 ) 
4 246 247 (-41 -431 -778 ) (-41 -431 -582 ) (-76 -431 -582 ) (-76 -431 -778 ) 
4 247 253 (-76 -723 -582 ) (-76 -571 -582 ) (-76 -571 -778 ) (-76 -723 -778 ) 
4 247 249 (-41 -868 -778 ) (-41 -868 -582 ) (-76 -868 -582 ) (-76 -868 -778 ) 
4 247 248 (-41 -868 -778 ) (-76 -868 -778 ) (-76 -431 -778 ) (-41 -431 -778 ) 
4 248 265 (-41 -618 -780 ) (-41 -657 -780 ) (-73 -657 -780 ) (-73 -618 -780 ) 
4 248 253 (-76 -571 -780 ) (-76 -723 -780 ) (-76 -723 -778 ) (-76 -571 -778 ) 
4 248 249 (-41 -868 -780 ) (-41 -868 -778 ) (-76 -868 -778 ) (-76 -868 -780 ) 
4 250 255 (-96 -572 -547 ) (-96 -571 -547 ) (-96 -571 -560 ) (-96 -572 -560 ) 
4 250 254 (-96 -572 -560 ) (-96 -571 -560 ) (-81 -571 -560 ) (-81 -572 -560 ) 
4 250 252 (-81 -571 -560 ) (-76 -571 -560 ) (-76 -572 -560 ) (-81 -572 -560 ) 
4 250 251 (-96 -572 -560 ) (-76 -572 -560 ) (-76 -572 -558 ) (-96 -572 -558 ) 
4 251 256 (-96 -572 -558 ) (-96 -572 -560 ) (-96 -723 -560 ) (-96 -723 -558 ) 
4 251 254 (-96 -723 -560 ) (-96 -572 -560 ) (-81 -572 -560 ) (-81 -723 -560 ) 
4 251 252 (-81 -572 -560 ) (-76 -572 -560 ) (-76 -723 -560 ) (-81 -723 -560 ) 
4 252 254 (-81 -571 -560 ) (-81 -571 -574 ) (-81 -723 -574 ) (-81 -723 -560 ) 
4 252 253 (-81 -723 -574 ) (-81 -571 -574 ) (-76 -571 -574 ) (-76 -723 -574 ) 
4 253 254 (-81 -571 -574 ) (-81 -571 -780 ) (-81 -723 -780 ) (-81 -723 -574 ) 
4 254 256 (-96 -572 -780 ) (-96 -723 -780 ) (-96 -723 -560 ) (-96 -572 -560 ) 
4 254 255 (-96 -571 -780 ) (-96 -572 -780 ) (-96 -572 -560 ) (-96 -571 -560 ) 
4 255 257 (-279 -571 -780 ) (-279 -572 -780 ) (-279 -572 -544 ) (-279 -571 -544 ) 
4 255 256 (-279 -572 -558 ) (-279 -572 -780 ) (-96 -572 -780 ) (-96 -572 -558 ) 
4 256 260 (-279 -622 -780 ) (-279 -676 -780 ) (-279 -676 -558 ) (-279 -622 -558 ) 
4 256 258 (-279 -613 -780 ) (-279 -622 -780 ) (-279 -622 -558 ) (-279 -613 -558 ) 
4 256 261 (-279 -676 -780 ) (-279 -723 -780 ) (-279 -723 -558 ) (-279 -676 -558 ) 
4 256 257 (-279 -572 -780 ) (-279 -613 -780 ) (-279 -613 -558 ) (-279 -572 -558 ) 
4 257 263 (-369 -613 -544 ) (-369 -613 -780 ) (-367 -613 -780 ) (-367 -613 -544 ) 
4 257 258 (-280 -613 -780 ) (-279 -613 -780 ) (-279 -613 -544 ) (-280 -613 -544 ) 
4 257 262 (-367 -613 -780 ) (-280 -613 -780 ) (-280 -613 -544 ) (-367 -613 -544 ) 
4 258 260 (-280 -622 -558 ) (-280 -622 -780 ) (-279 -622 -780 ) (-279 -622 -558 ) 
4 258 259 (-280 -622 -544 ) (-280 -622 -558 ) (-279 -622 -558 ) (-279 -622 -544 ) 
4 258 262 (-280 -613 -544 ) (-280 -613 -780 ) (-280 -622 -780 ) (-280 -622 -544 ) 
4 259 262 (-280 -676 -558 ) (-280 -676 -544 ) (-280 -622 -544 ) (-280 -622 -558 ) 
4 259 261 (-280 -676 -544 ) (-280 -676 -558 ) (-279 -676 -558 ) (-279 -676 -544 ) 
4 259 260 (-279 -676 -558 ) (-280 -676 -558 ) (-280 -622 -558 ) (-279 -622 -558 ) 
4 260 262 (-280 -622 -780 ) (-280 -676 -780 ) (-280 -676 -558 ) (-280 -622 -558 ) 
4 260 261 (-280 -676 -558 ) (-280 -676 -780 ) (-279 -676 -780 ) (-279 -676 -558 ) 
4 261 262 (-280 -676 -780 ) (-280 -723 -780 ) (-280 -723 -544 ) (-280 -676 -544 ) 
4 262 264 (-367 -684 -780 ) (-367 -723 -780 ) (-367 -723 -544 ) (-367 -684 -544 ) 
4 262 263 (-367 -613 -544 ) (-367 -613 -780 ) (-367 -684 -780 ) (-367 -684 -544 ) 
4 263 264 (-369 -684 -544 ) (-369 -684 -780 ) (-367 -684 -780 ) (-367 -684 -544 ) 
4 266 283 (0 -1024 0 ) (0 -1024 -90 ) (0 -1348.290039 -90 ) (0 -1348.290039 0 ) 
4 266 276 (0 -1348 -90 ) (0 -1347 -90 ) (960 -1347 -90 ) (960 -1348 -90 ) 
4 266 278 (960 -1348.290039 -90 ) (0 -1348.290039 -90 ) (0 -1348 -90 ) (960 -1348 -90 ) 
4 266 273 (959 -1244 -90 ) (960 -1244 -90 ) (960 -1347 -90 ) (959 -1347 -90 ) 
4 266 275 (0 -1347 -90 ) (0 -1244 -90 ) (959 -1244 -90 ) (959 -1347 -90 ) 
4 266 270 (467 -1024 -90 ) (506 -1024 -90 ) (506 -1244 -90 ) (467 -1244 -90 ) 
4 266 272 (0 -1244 -90 ) (0 -1024 -90 ) (467 -1024 -90 ) (467 -1244 -90 ) 
4 266 267 (959 -1024 -90 ) (960 -1024 -90 ) (960 -1244 -90 ) (959 -1244 -90 ) 
4 266 269 (506 -1024 -90 ) (959 -1024 -90 ) (959 -1244 -90 ) (506 -1244 -90 ) 
4 267 273 (960 -1244 -384 ) (960 -1244 -90 ) (959 -1244 -90 ) (959 -1244 -384 ) 
4 267 269 (959 -1244 -384 ) (959 -1244 -90 ) (959 -1024 -90 ) (959 -1024 -384 ) 
4 267 268 (960 -1244 -384 ) (959 -1244 -384 ) (959 -1024 -384 ) (960 -1024 -384 ) 
4 268 274 (959 -1244 -512 ) (960 -1244 -512 ) (960 -1244 -384 ) (959 -1244 -384 ) 
4 268 269 (959 -1024 -512 ) (959 -1244 -512 ) (959 -1244 -384 ) (959 -1024 -384 ) 
4 269 275 (506 -1244 -512 ) (959 -1244 -512 ) (959 -1244 -90 ) (506 -1244 -90 ) 
4 269 271 (506 -1024 -512 ) (506 -1244 -512 ) (506 -1244 -501 ) (506 -1024 -501 ) 
4 269 270 (506 -1244 -501 ) (506 -1244 -90 ) (506 -1024 -90 ) (506 -1024 -501 ) 
4 270 275 (506 -1244 -501 ) (506 -1244 -90 ) (467 -1244 -90 ) (467 -1244 -501 ) 
4 270 272 (467 -1244 -501 ) (467 -1244 -90 ) (467 -1024 -90 ) (467 -1024 -501 ) 
4 270 271 (467 -1244 -501 ) (467 -1024 -501 ) (506 -1024 -501 ) (506 -1244 -501 ) 
4 271 275 (467 -1244 -512 ) (506 -1244 -512 ) (506 -1244 -501 ) (467 -1244 -501 ) 
4 271 272 (467 -1024 -512 ) (467 -1244 -512 ) (467 -1244 -501 ) (467 -1024 -501 ) 
4 272 290 (0 -1236 -512 ) (0 -1244 -512 ) (0 -1244 -90 ) (0 -1236 -90 ) 
4 272 284 (0 -1024 -90 ) (0 -1024 -512 ) (0 -1236 -512 ) (0 -1236 -90 ) 
4 272 279 (196 -1105 -512 ) (196 -1244 -512 ) (118 -1244 -512 ) (118 -1105 -512 ) 
4 272 275 (0 -1244 -512 ) (467 -1244 -512 ) (467 -1244 -90 ) (0 -1244 -90 ) 
4 273 276 (960 -1347 -384 ) (960 -1347 -90 ) (959 -1347 -90 ) (959 -1347 -384 ) 
4 273 275 (959 -1244 -90 ) (959 -1244 -384 ) (959 -1347 -384 ) (959 -1347 -90 ) 
4 273 274 (960 -1347 -384 ) (959 -1347 -384 ) (959 -1244 -384 ) (960 -1244 -384 ) 
4 274 277 (959 -1347 -512 ) (960 -1347 -512 ) (960 -1347 -384 ) (959 -1347 -384 ) 
4 274 275 (959 -1244 -384 ) (959 -1244 -512 ) (959 -1347 -512 ) (959 -1347 -384 ) 
4 275 290 (0 -1244 -512 ) (0 -1347 -512 ) (0 -1347 -90 ) (0 -1244 -90 ) 
4 275 279 (118 -1244 -512 ) (196 -1244 -512 ) (196 -1250 -512 ) (118 -1250 -512 ) 
4 275 277 (0 -1347 -512 ) (959 -1347 -512 ) (959 -1347 -384 ) (0 -1347 -384 ) 
4 275 276 (959 -1347 -384 ) (959 -1347 -90 ) (0 -1347 -90 ) (0 -1347 -384 ) 
4 276 293 (0 -1348 -384 ) (0 -1348 -90 ) (0 -1347 -90 ) (0 -1347 -384 ) 
4 276 278 (960 -1348 -384 ) (960 -1348 -90 ) (0 -1348 -90 ) (0 -1348 -384 ) 
4 276 277 (960 -1348 -384 ) (0 -1348 -384 ) (0 -1347 -384 ) (960 -1347 -384 ) 
4 277 294 (0 -1347 -512 ) (0 -1348 -512 ) (0 -1348 -384 ) (0 -1347 -384 ) 
4 277 278 (0 -1348 -512 ) (960 -1348 -512 ) (960 -1348 -384 ) (0 -1348 -384 ) 
4 278 295 (0 -1348 -512 ) (0 -1348.290039 -512 ) (0 -1348.290039 -90 ) (0 -1348 -90 ) 
4 279 280 (196 -1105 -540 ) (196 -1250 -540 ) (118 -1250 -540 ) (118 -1105 -540 ) 
4 280 281 (118 -1250 -544 ) (118 -1105 -544 ) (196 -1105 -544 ) (196 -1250 -544 ) 
4 281 282 (196 -1105 -557 ) (196 -1250 -557 ) (118 -1250 -557 ) (118 -1105 -557 ) 
4 283 293 (-576 -1348 -90 ) (-576 -1347 -90 ) (0 -1347 -90 ) (0 -1348 -90 ) 
4 283 295 (0 -1348.290039 -90 ) (-576 -1348.290039 -90 ) (-576 -1348 -90 ) (0 -1348 -90 ) 
4 283 291 (-576 -1347 -90 ) (-576 -1236 -90 ) (-575 -1236 -90 ) (-575 -1347 -90 ) 
4 283 290 (-575 -1236 -90 ) (0 -1236 -90 ) (0 -1347 -90 ) (-575 -1347 -90 ) 
4 283 288 (-576 -1236 -90 ) (-576 -1024 -90 ) (-575 -1024 -90 ) (-575 -1236 -90 ) 
4 283 287 (-575 -1024 -90 ) (-184 -1024 -90 ) (-184 -1236 -90 ) (-575 -1236 -90 ) 
4 283 285 (-184 -1024 -90 ) (-156 -1024 -90 ) (-156 -1236 -90 ) (-184 -1236 -90 ) 
4 283 284 (-156 -1024 -90 ) (0 -1024 -90 ) (0 -1236 -90 ) (-156 -1236 -90 ) 
4 284 290 (0 -1236 -90 ) (-156 -1236 -90 ) (-156 -1236 -512 ) (0 -1236 -512 ) 
4 284 286 (-156 -1024 -512 ) (-156 -1236 -512 ) (-156 -1236 -501 ) (-156 -1024 -501 ) 
4 284 285 (-156 -1236 -501 ) (-156 -1236 -90 ) (-156 -1024 -90 ) (-156 -1024 -501 ) 
4 285 290 (-156 -1236 -90 ) (-184 -1236 -90 ) (-184 -1236 -501 ) (-156 -1236 -501 ) 
4 285 287 (-184 -1236 -501 ) (-184 -1236 -90 ) (-184 -1024 -90 ) (-184 -1024 -501 ) 
4 285 286 (-184 -1236 -501 ) (-184 -1024 -501 ) (-156 -1024 -501 ) (-156 -1236 -501 ) 
4 286 290 (-184 -1236 -501 ) (-184 -1236 -512 ) (-156 -1236 -512 ) (-156 -1236 -501 ) 
4 286 287 (-184 -1024 -512 ) (-184 -1236 -512 ) (-184 -1236 -501 ) (-184 -1024 -501 ) 
4 287 290 (-184 -1236 -90 ) (-575 -1236 -90 ) (-575 -1236 -512 ) (-184 -1236 -512 ) 
4 287 289 (-575 -1024 -512 ) (-575 -1236 -512 ) (-575 -1236 -384 ) (-575 -1024 -384 ) 
4 287 288 (-575 -1236 -384 ) (-575 -1236 -90 ) (-575 -1024 -90 ) (-575 -1024 -384 ) 
4 288 291 (-575 -1236 -90 ) (-576 -1236 -90 ) (-576 -1236 -384 ) (-575 -1236 -384 ) 
4 288 289 (-575 -1024 -384 ) (-575 -1236 -384 ) (-576 -1236 -384 ) (-576 -1024 -384 ) 
4 289 292 (-576 -1236 -384 ) (-576 -1236 -512 ) (-575 -1236 -512 ) (-575 -1236 -384 ) 
4 290 294 (-575 -1347 -384 ) (-575 -1347 -512 ) (0 -1347 -512 ) (0 -1347 -384 ) 
4 290 293 (0 -1347 -90 ) (-575 -1347 -90 ) (-575 -1347 -384 ) (0 -1347 -384 ) 
4 290 292 (-575 -1236 -384 ) (-575 -1236 -512 ) (-575 -1347 -512 ) (-575 -1347 -384 ) 
4 290 291 (-575 -1236 -90 ) (-575 -1236 -384 ) (-575 -1347 -384 ) (-575 -1347 -90 ) 
4 291 293 (-575 -1347 -90 ) (-576 -1347 -90 ) (-576 -1347 -384 ) (-575 -1347 -384 ) 
4 291 292 (-576 -1236 -384 ) (-575 -1236 -384 ) (-575 -1347 -384 ) (-576 -1347 -384 ) 
4 292 294 (-576 -1347 -384 ) (-576 -1347 -512 ) (-575 -1347 -512 ) (-575 -1347 -384 ) 
4 293 295 (0 -1348 -90 ) (-576 -1348 -90 ) (-576 -1348 -384 ) (0 -1348 -384 ) 
4 293 294 (0 -1348 -384 ) (-576 -1348 -384 ) (-576 -1347 -384 ) (0 -1347 -384 ) 
4 294 295 (-576 -1348 -384 ) (-576 -1348 -512 ) (0 -1348 -512 ) (0 -1348 -384 ) 
