PRT1
148
310
4 0 49 (1126 1024 -80 ) (1024 1024 -80 ) (1024 1024 -632 ) (1126 1024 -632 ) 
4 0 19 (1024 1024 -632 ) (1024 1024 -500 ) (1024 1978 -500 ) (1024 1978 -632 ) 
4 0 18 (1024 1978 -500 ) (1024 2044 -500 ) (1024 2044 -632 ) (1024 1978 -632 ) 
4 0 6 (1024 1024 -500 ) (1024 1024 -196 ) (1024 1864 -196 ) (1024 1864 -500 ) 
4 0 4 (1024 1864 -196 ) (1024 2044 -196 ) (1024 2044 -500 ) (1024 1864 -500 ) 
4 0 1 (1024 1024 -196 ) (1024 1024 -80 ) (1024 2044 -80 ) (1024 2044 -196 ) 
4 1 50 (1024 1024 -196 ) (1024 1024 -80 ) (904 1024 -80 ) (904 1024 -196 ) 
4 1 6 (1024 1024 -196 ) (904 1024 -196 ) (904 1864 -196 ) (1024 1864 -196 ) 
4 1 4 (904 1864 -196 ) (904 2044 -196 ) (1024 2044 -196 ) (1024 1864 -196 ) 
4 1 3 (904 1024 -187 ) (904 1024 -80 ) (904 1978 -80 ) (904 1978 -187 ) 
4 1 2 (904 2044 -80 ) (904 2044 -196 ) (904 1978 -196 ) (904 1978 -80 ) 
4 2 21 (0 1978 -80 ) (0 2044 -80 ) (0 2044 -196 ) (0 1978 -196 ) 
4 2 5 (0 1978 -196 ) (0 2044 -196 ) (830 2044 -196 ) (830 1978 -196 ) 
4 2 4 (830 2044 -196 ) (904 2044 -196 ) (904 1978 -196 ) (830 1978 -196 ) 
4 2 3 (904 1978 -187 ) (904 1978 -80 ) (0 1978 -80 ) (0 1978 -187 ) 
4 3 51 (904 1024 -80 ) (0 1024 -80 ) (0 1024 -187 ) (904 1024 -187 ) 
4 3 22 (0 1024 -187 ) (0 1024 -80 ) (0 1978 -80 ) (0 1978 -187 ) 
4 4 19 (1024 1978 -500 ) (1024 1864 -500 ) (900 1864 -500 ) (900 1978 -500 ) 
4 4 18 (1024 2044 -500 ) (1024 1978 -500 ) (830 1978 -500 ) (830 2044 -500 ) 
4 4 6 (831 1864 -500 ) (1024 1864 -500 ) (1024 1864 -196 ) (831 1864 -196 ) 
4 4 5 (830 2044 -196 ) (830 2044 -500 ) (830 1884 -500 ) (830 1884 -196 ) 
4 5 23 (0 1884 -196 ) (0 2044 -196 ) (0 2044 -500 ) (0 1884 -500 ) 
4 5 18 (0 1978 -500 ) (0 2044 -500 ) (830 2044 -500 ) (830 1978 -500 ) 
4 6 52 (1024 1024 -500 ) (1024 1024 -196 ) (831 1024 -196 ) (831 1024 -500 ) 
4 6 19 (1024 1864 -500 ) (1024 1024 -500 ) (900 1024 -500 ) (900 1864 -500 ) 
4 7 17 (566 1375 -500 ) (677 1375 -500 ) (677 1375 -196 ) (566 1375 -196 ) 
4 7 16 (677 1375 -500 ) (815 1375 -500 ) (815 1375 -196 ) (677 1375 -196 ) 
4 7 10 (566 1742 -500 ) (566 1513 -500 ) (566 1513 -496 ) (566 1742 -496 ) 
4 7 9 (566 1513 -496 ) (566 1513 -196 ) (566 1742 -196 ) (566 1742 -496 ) 
4 7 8 (566 1864 -196 ) (566 1864 -500 ) (566 1742 -500 ) (566 1742 -196 ) 
4 7 11 (566 1513 -500 ) (566 1375 -500 ) (566 1375 -196 ) (566 1513 -196 ) 
4 8 10 (311 1742 -496 ) (311 1742 -500 ) (566 1742 -500 ) (566 1742 -496 ) 
4 8 9 (311 1742 -196 ) (311 1742 -496 ) (566 1742 -496 ) (566 1742 -196 ) 
4 8 12 (311 1864 -196 ) (311 1864 -500 ) (311 1742 -500 ) (311 1742 -196 ) 
4 9 12 (311 1513 -496 ) (311 1513 -196 ) (311 1742 -196 ) (311 1742 -496 ) 
4 9 11 (311 1513 -196 ) (311 1513 -496 ) (566 1513 -496 ) (566 1513 -196 ) 
4 9 10 (566 1513 -496 ) (311 1513 -496 ) (311 1742 -496 ) (566 1742 -496 ) 
4 10 12 (311 1742 -500 ) (311 1513 -500 ) (311 1513 -496 ) (311 1742 -496 ) 
4 10 11 (311 1513 -496 ) (311 1513 -500 ) (566 1513 -500 ) (566 1513 -496 ) 
4 11 17 (369.196014 1375 -500 ) (566 1375 -500 ) (566 1375 -196 ) (369.196014 1375 -196 ) 
4 11 12 (311 1513 -500 ) (311 1375 -500 ) (311 1375 -196 ) (311 1513 -196 ) 
4 12 14 (82 1676 -500 ) (82 1375 -500 ) (82 1375 -196 ) (82 1676 -196 ) 
4 12 13 (82 1864 -196 ) (82 1864 -500 ) (82 1863 -500 ) (82 1863 -196 ) 
4 13 24 (0 1863 -196 ) (0 1864 -196 ) (0 1864 -500 ) (0 1863 -500 ) 
4 14 15 (79 1676 -196 ) (79 1676 -500 ) (79 1562 -500 ) (79 1562 -196 ) 
4 15 26 (0 1562 -196 ) (0 1676 -196 ) (0 1676 -500 ) (0 1562 -500 ) 
4 16 54 (815 1024 -196 ) (677 1024 -196 ) (677 1024 -500 ) (815 1024 -500 ) 
4 16 17 (677 1375 -196 ) (677 1375 -500 ) (677 1216 -500 ) (677 1216 -196 ) 
4 18 31 (0 1978 -500 ) (0 2044 -500 ) (0 2044 -632 ) (0 1978 -632 ) 
4 18 20 (0 1978 -632 ) (900 1978 -632 ) (900 1978 -509 ) (0 1978 -509 ) 
4 18 19 (900 1978 -632 ) (1024 1978 -632 ) (1024 1978 -500 ) (900 1978 -500 ) 
4 19 63 (1024 1024 -632 ) (1024 1024 -509 ) (900 1024 -509 ) (900 1024 -632 ) 
4 19 62 (1024 1024 -509 ) (1024 1024 -500 ) (900 1024 -500 ) (900 1024 -509 ) 
4 19 20 (900 1978 -509 ) (900 1978 -632 ) (900 1024 -632 ) (900 1024 -509 ) 
4 20 63 (0 1024 -509 ) (0 1024 -632 ) (900 1024 -632 ) (900 1024 -509 ) 
4 20 32 (0 1024 -632 ) (0 1024 -509 ) (0 1978 -509 ) (0 1978 -632 ) 
4 21 33 (-1024 1978 -80 ) (-1024 2044 -80 ) (-1024 2044 -196 ) (-1024 1978 -196 ) 
4 21 23 (-1024 1978 -196 ) (-1024 2044 -196 ) (0 2044 -196 ) (0 1978 -196 ) 
4 21 22 (0 1978 -187 ) (0 1978 -80 ) (-1024 1978 -80 ) (-1024 1978 -187 ) 
4 22 82 (0 1024 -187 ) (0 1024 -80 ) (-1024 1024 -80 ) (-1024 1024 -187 ) 
4 22 34 (-1024 1024 -187 ) (-1024 1024 -80 ) (-1024 1978 -80 ) (-1024 1978 -187 ) 
4 23 36 (-1024 1884 -196 ) (-1024 2044 -196 ) (-1024 2044 -500 ) (-1024 1884 -500 ) 
4 23 31 (0 2044 -500 ) (0 1978 -500 ) (-1024 1978 -500 ) (-1024 2044 -500 ) 
4 24 25 (-24 1864 -196 ) (-24 1864 -500 ) (-24 1863 -500 ) (-24 1863 -196 ) 
4 25 26 (-27 1676 -500 ) (-24 1676 -500 ) (-24 1676 -196 ) (-27 1676 -196 ) 
4 25 27 (-640 1676 -196 ) (-640 1676 -500 ) (-27 1676 -500 ) (-27 1676 -196 ) 
4 26 27 (-27 1676 -196 ) (-27 1676 -500 ) (-27 1562 -500 ) (-27 1562 -196 ) 
4 27 28 (-640 1375 -196 ) (-640 1375 -500 ) (-499 1375 -500 ) (-499 1375 -196 ) 
4 28 83 (-499 1024 -196 ) (-640 1024 -196 ) (-640 1024 -500 ) (-499 1024 -500 ) 
4 29 90 (-837 1024 -196 ) (-962 1024 -196 ) (-962 1024 -500 ) (-837 1024 -500 ) 
4 29 30 (-962 1864 -196 ) (-962 1864 -500 ) (-962 1087 -500 ) (-962 1087 -196 ) 
4 30 37 (-1024 1087 -196 ) (-1024 1864 -196 ) (-1024 1864 -500 ) (-1024 1087 -500 ) 
4 31 46 (-1024 1978 -500 ) (-1024 2044 -500 ) (-1024 2044 -632 ) (-1024 1978 -632 ) 
4 31 32 (-1024 1978 -632 ) (0 1978 -632 ) (0 1978 -509 ) (-1024 1978 -509 ) 
4 32 93 (0 1024 -632 ) (0 1024 -509 ) (-1024 1024 -509 ) (-1024 1024 -632 ) 
4 32 47 (-1024 1024 -632 ) (-1024 1024 -509 ) (-1024 1978 -509 ) (-1024 1978 -632 ) 
4 33 44 (-1726 1978 -196 ) (-1756 1978 -196 ) (-1756 2044 -196 ) (-1726 2044 -196 ) 
4 33 45 (-1756 1978 -196 ) (-1944 1978 -196 ) (-1944 2044 -196 ) (-1756 2044 -196 ) 
4 33 36 (-1024 2044 -196 ) (-1024 1978 -196 ) (-1726 1978 -196 ) (-1726 2044 -196 ) 
4 33 34 (-1024 1978 -187 ) (-1024 1978 -80 ) (-1847 1978 -80 ) (-1847 1978 -187 ) 
4 33 35 (-1944 1978 -80 ) (-1944 1978 -196 ) (-1847 1978 -196 ) (-1847 1978 -80 ) 
4 34 105 (-1024 1024 -187 ) (-1024 1024 -80 ) (-1847 1024 -80 ) (-1847 1024 -187 ) 
4 34 35 (-1847 1978 -80 ) (-1847 1978 -187 ) (-1847 1024 -187 ) (-1847 1024 -80 ) 
4 35 106 (-1847 1024 -80 ) (-1944 1024 -80 ) (-1944 1024 -196 ) (-1847 1024 -196 ) 
4 35 45 (-1847 1024 -196 ) (-1944 1024 -196 ) (-1944 1978 -196 ) (-1847 1978 -196 ) 
4 36 46 (-1024 2044 -500 ) (-1024 1978 -500 ) (-1726 1978 -500 ) (-1726 2044 -500 ) 
4 36 44 (-1726 2044 -500 ) (-1726 1884 -500 ) (-1726 1884 -196 ) (-1726 2044 -196 ) 
4 37 40 (-1294 1754 -500 ) (-1294 1525 -500 ) (-1294 1525 -496 ) (-1294 1754 -496 ) 
4 37 39 (-1294 1525 -496 ) (-1294 1525 -196 ) (-1294 1754 -196 ) (-1294 1754 -496 ) 
4 37 38 (-1294 1864 -196 ) (-1294 1864 -500 ) (-1294 1754 -500 ) (-1294 1754 -196 ) 
4 37 41 (-1294 1525 -500 ) (-1294 1087 -500 ) (-1294 1087 -196 ) (-1294 1525 -196 ) 
4 38 40 (-1549 1754 -496 ) (-1549 1754 -500 ) (-1294 1754 -500 ) (-1294 1754 -496 ) 
4 38 39 (-1549 1754 -196 ) (-1549 1754 -496 ) (-1294 1754 -496 ) (-1294 1754 -196 ) 
4 38 42 (-1549 1864 -196 ) (-1549 1864 -500 ) (-1549 1754 -500 ) (-1549 1754 -196 ) 
4 39 42 (-1549 1525 -496 ) (-1549 1525 -196 ) (-1549 1754 -196 ) (-1549 1754 -496 ) 
4 39 41 (-1549 1525 -196 ) (-1549 1525 -496 ) (-1294 1525 -496 ) (-1294 1525 -196 ) 
4 39 40 (-1294 1525 -496 ) (-1549 1525 -496 ) (-1549 1754 -496 ) (-1294 1754 -496 ) 
4 40 42 (-1549 1754 -500 ) (-1549 1525 -500 ) (-1549 1525 -496 ) (-1549 1754 -496 ) 
4 40 41 (-1549 1525 -496 ) (-1549 1525 -500 ) (-1294 1525 -500 ) (-1294 1525 -496 ) 
4 41 42 (-1549 1525 -500 ) (-1549 1087 -500 ) (-1549 1087 -196 ) (-1549 1525 -196 ) 
4 42 43 (-1726 1087 -196 ) (-1726 1087 -500 ) (-1725 1087 -500 ) (-1725 1087 -196 ) 
4 43 107 (-1725 1024 -196 ) (-1726 1024 -196 ) (-1726 1024 -500 ) (-1725 1024 -500 ) 
4 44 46 (-1726 2044 -500 ) (-1726 1978 -500 ) (-1756 1978 -500 ) (-1756 2044 -500 ) 
4 44 45 (-1756 2044 -196 ) (-1756 2044 -500 ) (-1756 1874 -500 ) (-1756 1874 -196 ) 
4 45 112 (-1756 1024 -196 ) (-1944 1024 -196 ) (-1944 1024 -500 ) (-1756 1024 -500 ) 
4 45 46 (-1837 1978 -500 ) (-1837 2044 -500 ) (-1756 2044 -500 ) (-1756 1978 -500 ) 
4 45 48 (-1837 1024 -500 ) (-1944 1024 -500 ) (-1944 2044 -500 ) (-1837 2044 -500 ) 
4 46 47 (-1837 1978 -509 ) (-1837 1978 -632 ) (-1024 1978 -632 ) (-1024 1978 -509 ) 
4 46 48 (-1837 2044 -500 ) (-1837 2044 -632 ) (-1837 1978 -632 ) (-1837 1978 -500 ) 
4 47 113 (-1024 1024 -632 ) (-1024 1024 -509 ) (-1837 1024 -509 ) (-1837 1024 -632 ) 
4 47 48 (-1837 1978 -632 ) (-1837 1024 -632 ) (-1837 1024 -509 ) (-1837 1978 -509 ) 
4 48 114 (-1837 1024 -500 ) (-1944 1024 -500 ) (-1944 1024 -632 ) (-1837 1024 -632 ) 
4 49 64 (1126 0 -80 ) (1024 0 -80 ) (1024 0 -632 ) (1126 0 -632 ) 
4 49 63 (1024 1024 -509 ) (1024 1024 -632 ) (1024 0 -632 ) (1024 0 -509 ) 
4 49 62 (1024 1024 -500 ) (1024 1024 -509 ) (1024 0 -509 ) (1024 0 -500 ) 
4 49 58 (1024 522 -500 ) (1024 0 -500 ) (1024 0 -196 ) (1024 522 -196 ) 
4 49 52 (1024 1024 -196 ) (1024 1024 -500 ) (1024 523 -500 ) (1024 523 -196 ) 
4 49 57 (1024 523 -500 ) (1024 522 -500 ) (1024 522 -196 ) (1024 523 -196 ) 
4 49 50 (1024 1024 -80 ) (1024 1024 -196 ) (1024 0 -196 ) (1024 0 -80 ) 
4 50 66 (1024 0 -196 ) (1024 0 -187 ) (904 0 -187 ) (904 0 -196 ) 
4 50 65 (1024 0 -187 ) (1024 0 -80 ) (904 0 -80 ) (904 0 -187 ) 
4 50 58 (1024 522 -196 ) (1024 0 -196 ) (904 0 -196 ) (904 522 -196 ) 
4 50 52 (904 1024 -196 ) (1024 1024 -196 ) (1024 523 -196 ) (904 523 -196 ) 
4 50 57 (1024 523 -196 ) (1024 522 -196 ) (904 522 -196 ) (904 523 -196 ) 
4 50 51 (904 0 -187 ) (904 0 -80 ) (904 1024 -80 ) (904 1024 -187 ) 
4 51 82 (0 1024 -80 ) (0 1024 -187 ) (0 0 -187 ) (0 0 -80 ) 
4 51 65 (904 0 -80 ) (0 0 -80 ) (0 0 -187 ) (904 0 -187 ) 
4 52 62 (900 1024 -500 ) (1024 1024 -500 ) (1024 523 -500 ) (900 523 -500 ) 
4 52 53 (831 673 -500 ) (831 523 -500 ) (831 523 -196 ) (831 673 -196 ) 
4 52 57 (831 523 -500 ) (1024 523 -500 ) (1024 523 -196 ) (831 523 -196 ) 
4 53 57 (816 523 -500 ) (831 523 -500 ) (831 523 -196 ) (816 523 -196 ) 
4 54 55 (677 975 -500 ) (677 763 -500 ) (677 763 -196 ) (677 975 -196 ) 
4 55 56 (369.196014 975 -500 ) (369.196014 763 -500 ) (369.196014 763 -196 ) (369.196014 975 -196 ) 
4 56 84 (0 975 -500 ) (0 763 -500 ) (0 763 -196 ) (0 975 -196 ) 
4 57 86 (0 523 -500 ) (0 522 -500 ) (0 522 -196 ) (0 523 -196 ) 
4 57 62 (900 523 -500 ) (1024 523 -500 ) (1024 522 -500 ) (900 522 -500 ) 
4 57 60 (152 522 -500 ) (530 522 -500 ) (530 522 -196 ) (152 522 -196 ) 
4 57 59 (530 522 -500 ) (684 522 -500 ) (684 522 -196 ) (530 522 -196 ) 
4 57 61 (0 522 -500 ) (152 522 -500 ) (152 522 -196 ) (0 522 -196 ) 
4 57 58 (704 522 -500 ) (1024 522 -500 ) (1024 522 -196 ) (704 522 -196 ) 
4 58 67 (1024 0 -500 ) (1024 0 -196 ) (704 0 -196 ) (704 0 -500 ) 
4 58 62 (1024 0 -500 ) (900 0 -500 ) (900 522 -500 ) (1024 522 -500 ) 
4 59 69 (684 0 -196 ) (530 0 -196 ) (530 0 -500 ) (684 0 -500 ) 
4 59 60 (530 522 -196 ) (530 522 -500 ) (530 362 -500 ) (530 362 -196 ) 
4 60 61 (152 522 -196 ) (152 522 -500 ) (152 362 -500 ) (152 362 -196 ) 
4 61 86 (0 522 -500 ) (0 0 -500 ) (0 0 -196 ) (0 522 -196 ) 
4 61 70 (152 0 -196 ) (0 0 -196 ) (0 0 -500 ) (152 0 -500 ) 
4 62 73 (1024 0 -509 ) (1024 0 -500 ) (900 0 -500 ) (900 0 -509 ) 
4 62 63 (900 1024 -509 ) (1024 1024 -509 ) (1024 0 -509 ) (900 0 -509 ) 
4 63 93 (0 1024 -509 ) (0 1024 -632 ) (0 0 -632 ) (0 0 -509 ) 
4 63 74 (900 0 -509 ) (0 0 -509 ) (0 0 -632 ) (900 0 -632 ) 
4 63 73 (1024 0 -632 ) (1024 0 -509 ) (900 0 -509 ) (900 0 -632 ) 
4 64 75 (1126 -1024 -80 ) (1024 -1024 -80 ) (1024 -1024 -632 ) (1126 -1024 -632 ) 
4 64 73 (1024 0 -500 ) (1024 0 -632 ) (1024 -1024 -632 ) (1024 -1024 -500 ) 
4 64 67 (1024 0 -196 ) (1024 0 -500 ) (1024 -1024 -500 ) (1024 -1024 -196 ) 
4 64 66 (1024 0 -187 ) (1024 0 -196 ) (1024 -1024 -196 ) (1024 -1024 -187 ) 
4 64 65 (1024 0 -80 ) (1024 0 -187 ) (1024 -1024 -187 ) (1024 -1024 -80 ) 
4 65 94 (0 -1024 -187 ) (0 -1024 -80 ) (0 0 -80 ) (0 0 -187 ) 
4 65 77 (904 -1024 -80 ) (0 -1024 -80 ) (0 -1024 -187 ) (904 -1024 -187 ) 
4 65 76 (1024 -1024 -187 ) (1024 -1024 -80 ) (904 -1024 -80 ) (904 -1024 -187 ) 
4 65 66 (1024 0 -187 ) (1024 -1024 -187 ) (904 -1024 -187 ) (904 0 -187 ) 
4 66 76 (1024 -1024 -196 ) (1024 -1024 -187 ) (904 -1024 -187 ) (904 -1024 -196 ) 
4 66 67 (1024 -1024 -196 ) (904 -1024 -196 ) (904 0 -196 ) (1024 0 -196 ) 
4 67 79 (900 -1024 -196 ) (704 -1024 -196 ) (704 -1024 -500 ) (900 -1024 -500 ) 
4 67 78 (1024 -1024 -500 ) (1024 -1024 -196 ) (900 -1024 -196 ) (900 -1024 -500 ) 
4 67 73 (1024 0 -500 ) (1024 -1024 -500 ) (900 -1024 -500 ) (900 0 -500 ) 
4 67 68 (704 -832 -500 ) (704 -1024 -500 ) (704 -1024 -196 ) (704 -832 -196 ) 
4 68 79 (704 -1024 -196 ) (684 -1024 -196 ) (684 -1024 -500 ) (704 -1024 -500 ) 
4 68 72 (684 -832 -500 ) (684 -1024 -500 ) (684 -1024 -196 ) (684 -832 -196 ) 
4 69 71 (530 -275 -500 ) (684 -275 -500 ) (684 -275 -196 ) (530 -275 -196 ) 
4 70 95 (0 -275 -196 ) (0 0 -196 ) (0 0 -500 ) (0 -275 -500 ) 
4 70 71 (0 -275 -500 ) (152 -275 -500 ) (152 -275 -196 ) (0 -275 -196 ) 
4 71 95 (0 -812 -196 ) (0 -275 -196 ) (0 -275 -500 ) (0 -812 -500 ) 
4 72 102 (0 -1024 -500 ) (0 -1024 -196 ) (0 -901 -196 ) (0 -901 -500 ) 
4 72 100 (0 -901 -196 ) (0 -832 -196 ) (0 -832 -500 ) (0 -901 -500 ) 
4 72 79 (684 -1024 -196 ) (0 -1024 -196 ) (0 -1024 -500 ) (684 -1024 -500 ) 
4 73 78 (1024 -1024 -632 ) (1024 -1024 -500 ) (900 -1024 -500 ) (900 -1024 -632 ) 
4 73 74 (900 0 -632 ) (900 -1024 -632 ) (900 -1024 -509 ) (900 0 -509 ) 
4 74 104 (0 -1024 -632 ) (0 -1024 -509 ) (0 0 -509 ) (0 0 -632 ) 
4 74 80 (0 -1024 -509 ) (0 -1024 -632 ) (900 -1024 -632 ) (900 -1024 -509 ) 
4 75 81 (1024 -1075 -632 ) (1024 -1355 -632 ) (1024 -1355 -80 ) (1024 -1075 -80 ) 
4 75 78 (1024 -1024 -196 ) (1024 -1024 -632 ) (1024 -1075 -632 ) (1024 -1075 -196 ) 
4 75 76 (1024 -1024 -80 ) (1024 -1024 -196 ) (1024 -1075 -196 ) (1024 -1075 -80 ) 
4 76 81 (1024 -1075 -196 ) (1024 -1075 -80 ) (904 -1075 -80 ) (904 -1075 -196 ) 
4 76 78 (1024 -1075 -196 ) (904 -1075 -196 ) (904 -1024 -196 ) (1024 -1024 -196 ) 
4 76 77 (904 -1075 -187 ) (904 -1075 -80 ) (904 -1024 -80 ) (904 -1024 -187 ) 
4 77 138 (0 -1075 -80 ) (0 -1024 -80 ) (0 -1024 -187 ) (0 -1075 -187 ) 
4 77 81 (904 -1075 -80 ) (0 -1075 -80 ) (0 -1075 -187 ) (904 -1075 -187 ) 
4 78 81 (900 -1075 -632 ) (1024 -1075 -632 ) (1024 -1075 -196 ) (900 -1075 -196 ) 
4 78 79 (900 -1075 -500 ) (900 -1075 -196 ) (900 -1024 -196 ) (900 -1024 -500 ) 
4 78 80 (900 -1024 -632 ) (900 -1075 -632 ) (900 -1075 -509 ) (900 -1024 -509 ) 
4 79 139 (0 -1024 -196 ) (0 -1024 -500 ) (0 -1075 -500 ) (0 -1075 -196 ) 
4 79 81 (900 -1075 -500 ) (900 -1075 -196 ) (0 -1075 -196 ) (0 -1075 -500 ) 
4 80 140 (0 -1024 -509 ) (0 -1024 -632 ) (0 -1075 -632 ) (0 -1075 -509 ) 
4 80 81 (0 -1075 -632 ) (900 -1075 -632 ) (900 -1075 -509 ) (0 -1075 -509 ) 
4 81 141 (0 -1355 -80 ) (0 -1075 -80 ) (0 -1075 -632 ) (0 -1355 -632 ) 
4 82 105 (-1024 1024 -80 ) (-1024 1024 -187 ) (-1024 0 -187 ) (-1024 0 -80 ) 
4 82 94 (0 0 -187 ) (0 0 -80 ) (-1024 0 -80 ) (-1024 0 -187 ) 
4 83 85 (-640 975 -196 ) (-640 975 -500 ) (-499 975 -500 ) (-499 975 -196 ) 
4 84 85 (-87 975 -196 ) (-87 975 -500 ) (-87 763 -500 ) (-87 763 -196 ) 
4 85 89 (-640 855 -500 ) (-640 523 -500 ) (-640 523 -196 ) (-640 855 -196 ) 
4 85 87 (-619 523 -500 ) (-87 523 -500 ) (-87 523 -196 ) (-619 523 -196 ) 
4 85 88 (-640 523 -196 ) (-640 523 -500 ) (-619 523 -500 ) (-619 523 -196 ) 
4 86 95 (0 0 -500 ) (0 0 -196 ) (-33 0 -196 ) (-33 0 -500 ) 
4 86 87 (-33 523 -196 ) (-33 523 -500 ) (-33 221 -500 ) (-33 221 -196 ) 
4 87 88 (-619 523 -196 ) (-619 523 -500 ) (-619 221 -500 ) (-619 221 -196 ) 
4 88 98 (-619 0 -196 ) (-640 0 -196 ) (-640 0 -500 ) (-619 0 -500 ) 
4 88 92 (-640 211 -500 ) (-640 0 -500 ) (-640 0 -196 ) (-640 211 -196 ) 
4 88 89 (-640 523 -500 ) (-640 211 -500 ) (-640 211 -196 ) (-640 523 -196 ) 
4 89 92 (-788 211 -500 ) (-640 211 -500 ) (-640 211 -196 ) (-788 211 -196 ) 
4 89 90 (-837 855 -500 ) (-837 211 -500 ) (-837 211 -196 ) (-837 855 -196 ) 
4 90 91 (-962 464 -500 ) (-962 211 -500 ) (-962 211 -196 ) (-962 464 -196 ) 
4 91 108 (-1024 464 -500 ) (-1024 211 -500 ) (-1024 211 -196 ) (-1024 464 -196 ) 
4 92 98 (-640 0 -196 ) (-788 0 -196 ) (-788 0 -500 ) (-640 0 -500 ) 
4 93 113 (-1024 1024 -509 ) (-1024 1024 -632 ) (-1024 0 -632 ) (-1024 0 -509 ) 
4 93 104 (0 0 -632 ) (0 0 -509 ) (-1024 0 -509 ) (-1024 0 -632 ) 
4 94 138 (0 -1024 -187 ) (0 -1024 -80 ) (-1024 -1024 -80 ) (-1024 -1024 -187 ) 
4 94 115 (-1024 -1024 -187 ) (-1024 -1024 -80 ) (-1024 0 -80 ) (-1024 0 -187 ) 
4 95 96 (-33 -676 -500 ) (-33 -812 -500 ) (-33 -812 -196 ) (-33 -676 -196 ) 
4 96 98 (-619 -676 -500 ) (-619 -812 -500 ) (-619 -812 -196 ) (-619 -676 -196 ) 
4 96 97 (-619 -812 -196 ) (-619 -812 -500 ) (-586 -812 -500 ) (-586 -812 -196 ) 
4 97 101 (-619 -832 -500 ) (-586 -832 -500 ) (-586 -832 -196 ) (-619 -832 -196 ) 
4 97 98 (-619 -812 -500 ) (-619 -832 -500 ) (-619 -832 -196 ) (-619 -812 -196 ) 
4 98 101 (-788 -832 -500 ) (-619 -832 -500 ) (-619 -832 -196 ) (-788 -832 -196 ) 
4 98 99 (-788 -781 -500 ) (-788 -832 -500 ) (-788 -832 -196 ) (-788 -781 -196 ) 
4 99 127 (-1024 -832 -196 ) (-1024 -781 -196 ) (-1024 -781 -500 ) (-1024 -832 -500 ) 
4 99 101 (-1024 -832 -500 ) (-788 -832 -500 ) (-788 -832 -196 ) (-1024 -832 -196 ) 
4 100 102 (-569 -901 -500 ) (0 -901 -500 ) (0 -901 -196 ) (-569 -901 -196 ) 
4 101 127 (-1024 -901 -196 ) (-1024 -832 -196 ) (-1024 -832 -500 ) (-1024 -901 -500 ) 
4 102 139 (0 -1024 -500 ) (0 -1024 -196 ) (-569 -1024 -196 ) (-569 -1024 -500 ) 
4 102 103 (-569 -923 -500 ) (-569 -1024 -500 ) (-569 -1024 -196 ) (-569 -923 -196 ) 
4 103 139 (-569 -1024 -196 ) (-1024 -1024 -196 ) (-1024 -1024 -500 ) (-569 -1024 -500 ) 
4 103 133 (-1024 -1024 -500 ) (-1024 -1024 -196 ) (-1024 -923 -196 ) (-1024 -923 -500 ) 
4 104 140 (0 -1024 -632 ) (0 -1024 -509 ) (-1024 -1024 -509 ) (-1024 -1024 -632 ) 
4 104 136 (-1024 -1024 -632 ) (-1024 -1024 -509 ) (-1024 0 -509 ) (-1024 0 -632 ) 
4 105 115 (-1024 0 -187 ) (-1024 0 -80 ) (-1847 0 -80 ) (-1847 0 -187 ) 
4 105 106 (-1847 0 -187 ) (-1847 0 -80 ) (-1847 1024 -80 ) (-1847 1024 -187 ) 
4 106 116 (-1847 0 -80 ) (-1944 0 -80 ) (-1944 0 -196 ) (-1847 0 -196 ) 
4 106 112 (-1944 1024 -196 ) (-1847 1024 -196 ) (-1847 0 -196 ) (-1944 0 -196 ) 
4 107 111 (-1726 464 -196 ) (-1726 464 -500 ) (-1725 464 -500 ) (-1725 464 -196 ) 
4 108 109 (-1163 464 -196 ) (-1163 464 -500 ) (-1163 211 -500 ) (-1163 211 -196 ) 
4 109 117 (-1163 0 -196 ) (-1164 0 -196 ) (-1164 0 -500 ) (-1163 0 -500 ) 
4 109 110 (-1164 464 -196 ) (-1164 464 -500 ) (-1164 214 -500 ) (-1164 214 -196 ) 
4 110 111 (-1616 464 -196 ) (-1616 464 -500 ) (-1616 214 -500 ) (-1616 214 -196 ) 
4 111 119 (-1616 0 -196 ) (-1726 0 -196 ) (-1726 0 -500 ) (-1616 0 -500 ) 
4 112 123 (-1756 0 -196 ) (-1944 0 -196 ) (-1944 0 -500 ) (-1756 0 -500 ) 
4 112 114 (-1837 0 -500 ) (-1944 0 -500 ) (-1944 1024 -500 ) (-1837 1024 -500 ) 
4 113 136 (-1024 0 -632 ) (-1024 0 -509 ) (-1837 0 -509 ) (-1837 0 -632 ) 
4 113 114 (-1837 1024 -632 ) (-1837 0 -632 ) (-1837 0 -509 ) (-1837 1024 -509 ) 
4 114 137 (-1837 0 -500 ) (-1944 0 -500 ) (-1944 0 -632 ) (-1837 0 -632 ) 
4 115 142 (-1024 -1024 -187 ) (-1024 -1024 -80 ) (-1847 -1024 -80 ) (-1847 -1024 -187 ) 
4 115 116 (-1847 -1024 -187 ) (-1847 -1024 -80 ) (-1847 0 -80 ) (-1847 0 -187 ) 
4 116 144 (-1847 -1024 -80 ) (-1944 -1024 -80 ) (-1944 -1024 -196 ) (-1847 -1024 -196 ) 
4 116 135 (-1847 -589 -196 ) (-1847 -1024 -196 ) (-1944 -1024 -196 ) (-1944 -589 -196 ) 
4 116 126 (-1847 -567 -196 ) (-1847 -589 -196 ) (-1944 -589 -196 ) (-1944 -567 -196 ) 
4 116 125 (-1847 -365 -196 ) (-1847 -567 -196 ) (-1944 -567 -196 ) (-1944 -365 -196 ) 
4 116 123 (-1944 0 -196 ) (-1847 0 -196 ) (-1847 -365 -196 ) (-1944 -365 -196 ) 
4 117 128 (-1164 -589 -500 ) (-1163 -589 -500 ) (-1163 -589 -196 ) (-1164 -589 -196 ) 
4 117 118 (-1164 -207 -500 ) (-1164 -589 -500 ) (-1164 -589 -196 ) (-1164 -207 -196 ) 
4 118 129 (-1308 -589 -500 ) (-1305 -589 -500 ) (-1305 -589 -196 ) (-1308 -589 -196 ) 
4 118 128 (-1305 -589 -500 ) (-1164 -589 -500 ) (-1164 -589 -196 ) (-1305 -589 -196 ) 
4 118 124 (-1308 -566 -500 ) (-1308 -567 -500 ) (-1308 -567 -196 ) (-1308 -566 -196 ) 
4 118 120 (-1308 -207 -500 ) (-1308 -365 -500 ) (-1308 -365 -196 ) (-1308 -207 -196 ) 
4 119 121 (-1726 -207 -196 ) (-1726 -207 -500 ) (-1616 -207 -500 ) (-1616 -207 -196 ) 
4 120 121 (-1312 -207 -196 ) (-1312 -207 -500 ) (-1312 -333 -500 ) (-1312 -333 -196 ) 
4 122 125 (-1756 -365 -500 ) (-1739 -365 -500 ) (-1739 -365 -196 ) (-1756 -365 -196 ) 
4 122 123 (-1756 -334 -500 ) (-1756 -365 -500 ) (-1756 -365 -196 ) (-1756 -334 -196 ) 
4 123 137 (-1944 0 -500 ) (-1837 0 -500 ) (-1837 -365 -500 ) (-1944 -365 -500 ) 
4 123 125 (-1944 -365 -500 ) (-1756 -365 -500 ) (-1756 -365 -196 ) (-1944 -365 -196 ) 
4 124 125 (-1342 -566 -500 ) (-1342 -567 -500 ) (-1342 -567 -196 ) (-1342 -566 -196 ) 
4 125 137 (-1944 -365 -500 ) (-1837 -365 -500 ) (-1837 -567 -500 ) (-1944 -567 -500 ) 
4 125 126 (-1944 -567 -196 ) (-1944 -567 -500 ) (-1734 -567 -500 ) (-1734 -567 -196 ) 
4 126 137 (-1837 -589 -500 ) (-1944 -589 -500 ) (-1944 -567 -500 ) (-1837 -567 -500 ) 
4 126 135 (-1944 -589 -500 ) (-1734 -589 -500 ) (-1734 -589 -196 ) (-1944 -589 -196 ) 
4 127 128 (-1163 -781 -500 ) (-1163 -901 -500 ) (-1163 -901 -196 ) (-1163 -781 -196 ) 
4 128 129 (-1305 -589 -196 ) (-1305 -589 -500 ) (-1305 -774 -500 ) (-1305 -774 -196 ) 
4 129 131 (-1324 -772 -500 ) (-1324 -774 -500 ) (-1324 -774 -196 ) (-1324 -772 -196 ) 
4 129 130 (-1324 -589 -196 ) (-1324 -589 -500 ) (-1324 -772 -500 ) (-1324 -772 -196 ) 
4 130 131 (-1325 -772 -500 ) (-1324 -772 -500 ) (-1324 -772 -196 ) (-1325 -772 -196 ) 
4 131 134 (-1325 -901 -500 ) (-1324 -901 -500 ) (-1324 -901 -196 ) (-1325 -901 -196 ) 
4 131 132 (-1325 -791 -500 ) (-1325 -901 -500 ) (-1325 -901 -196 ) (-1325 -791 -196 ) 
4 132 135 (-1732 -791 -500 ) (-1732 -901 -500 ) (-1732 -901 -196 ) (-1732 -791 -196 ) 
4 132 134 (-1732 -901 -196 ) (-1732 -901 -500 ) (-1325 -901 -500 ) (-1325 -901 -196 ) 
4 133 143 (-1024 -1024 -500 ) (-1024 -1024 -196 ) (-1323 -1024 -196 ) (-1323 -1024 -500 ) 
4 133 134 (-1323 -923 -500 ) (-1323 -1024 -500 ) (-1323 -1024 -196 ) (-1323 -923 -196 ) 
4 134 143 (-1323 -1024 -196 ) (-1732 -1024 -196 ) (-1732 -1024 -500 ) (-1323 -1024 -500 ) 
4 134 135 (-1732 -901 -500 ) (-1732 -1024 -500 ) (-1732 -1024 -196 ) (-1732 -901 -196 ) 
4 135 143 (-1732 -1024 -196 ) (-1847 -1024 -196 ) (-1847 -1024 -500 ) (-1732 -1024 -500 ) 
4 135 144 (-1847 -1024 -196 ) (-1944 -1024 -196 ) (-1944 -1024 -500 ) (-1847 -1024 -500 ) 
4 135 137 (-1837 -1024 -500 ) (-1944 -1024 -500 ) (-1944 -589 -500 ) (-1837 -589 -500 ) 
4 136 145 (-1024 -1024 -632 ) (-1024 -1024 -509 ) (-1837 -1024 -509 ) (-1837 -1024 -632 ) 
4 136 137 (-1837 0 -632 ) (-1837 -1024 -632 ) (-1837 -1024 -509 ) (-1837 0 -509 ) 
4 137 146 (-1837 -1024 -500 ) (-1944 -1024 -500 ) (-1944 -1024 -632 ) (-1837 -1024 -632 ) 
4 138 142 (-1024 -1024 -80 ) (-1024 -1024 -187 ) (-1024 -1075 -187 ) (-1024 -1075 -80 ) 
4 138 141 (0 -1075 -187 ) (0 -1075 -80 ) (-1024 -1075 -80 ) (-1024 -1075 -187 ) 
4 139 143 (-1024 -1024 -196 ) (-1024 -1024 -500 ) (-1024 -1075 -500 ) (-1024 -1075 -196 ) 
4 139 141 (0 -1075 -500 ) (0 -1075 -196 ) (-1024 -1075 -196 ) (-1024 -1075 -500 ) 
4 140 145 (-1024 -1024 -509 ) (-1024 -1024 -632 ) (-1024 -1075 -632 ) (-1024 -1075 -509 ) 
4 140 141 (-1024 -1075 -632 ) (0 -1075 -632 ) (0 -1075 -509 ) (-1024 -1075 -509 ) 
4 141 147 (-1024 -1075 -632 ) (-1024 -1355 -632 ) (-1024 -1355 -80 ) (-1024 -1075 -80 ) 
4 142 147 (-1024 -1075 -187 ) (-1024 -1075 -80 ) (-1847 -1075 -80 ) (-1847 -1075 -187 ) 
4 142 144 (-1847 -1075 -187 ) (-1847 -1075 -80 ) (-1847 -1024 -80 ) (-1847 -1024 -187 ) 
4 143 147 (-1847 -1075 -500 ) (-1024 -1075 -500 ) (-1024 -1075 -196 ) (-1847 -1075 -196 ) 
4 143 146 (-1837 -1075 -500 ) (-1847 -1075 -500 ) (-1847 -1024 -500 ) (-1837 -1024 -500 ) 
4 143 144 (-1847 -1024 -500 ) (-1847 -1075 -500 ) (-1847 -1075 -196 ) (-1847 -1024 -196 ) 
4 144 147 (-1944 -1075 -80 ) (-1944 -1075 -500 ) (-1847 -1075 -500 ) (-1847 -1075 -80 ) 
4 144 146 (-1847 -1075 -500 ) (-1944 -1075 -500 ) (-1944 -1024 -500 ) (-1847 -1024 -500 ) 
4 145 147 (-1837 -1075 -632 ) (-1024 -1075 -632 ) (-1024 -1075 -509 ) (-1837 -1075 -509 ) 
4 145 146 (-1837 -1024 -632 ) (-1837 -1075 -632 ) (-1837 -1075 -509 ) (-1837 -1024 -509 ) 
4 146 147 (-1944 -1075 -500 ) (-1944 -1075 -632 ) (-1837 -1075 -632 ) (-1837 -1075 -500 ) 
